2024-04-21 19:15:12,000 fflow.py init [line:691] INFO PROCESS ID:	9988
2024-04-21 19:15:12,000 fflow.py init [line:692] INFO Initializing devices: cuda:0 will be used for this running.
2024-04-21 19:15:12,000 fflow.py init [line:695] INFO BENCHMARK:	svhn_classification
2024-04-21 19:15:12,000 fflow.py init [line:696] INFO TASK:			./svhn_DP_Gaussian
2024-04-21 19:15:12,001 fflow.py init [line:697] INFO MODEL:		svhn_classification.model.default_model
2024-04-21 19:15:12,001 fflow.py init [line:698] INFO ALGORITHM:	PPFL_DP
2024-04-21 19:15:12,017 fflow.py init [line:737] INFO SCENE:		horizontal FL with 1 <class 'DP_Gaussian.Server'>, 100 <class 'DP_Gaussian.Client'>
2024-04-21 19:15:12,023 fflow.py init [line:754] INFO SIMULATOR:	<class 'flgo.simulator.default_simulator.Simulator'>
2024-04-21 19:15:12,024 fflow.py init [line:767] INFO Ready to start.
2024-04-21 19:38:43,059 fedbase.py _load_checkpoint [line:713] INFO Failed to load checkpoint due to [WinError 3] 系统找不到指定的路径。: './svhn_DP_Gaussian\\checkpoint\\5'
2024-04-21 19:38:43,060 fedbase.py run [line:242] INFO --------------Initial Evaluation--------------
2024-04-21 19:38:43,060 simple_logger.py log_once [line:14] INFO Current_time:0
2024-04-21 19:38:51,630 simple_logger.py log_once [line:28] INFO test_accuracy                 0.1110
2024-04-21 19:38:51,631 simple_logger.py log_once [line:28] INFO test_loss                     2.3044
2024-04-21 19:38:51,631 simple_logger.py log_once [line:28] INFO val_accuracy                  0.1125
2024-04-21 19:38:51,631 simple_logger.py log_once [line:28] INFO mean_val_accuracy             0.1125
2024-04-21 19:38:51,632 simple_logger.py log_once [line:28] INFO std_val_accuracy              0.0385
2024-04-21 19:38:51,632 simple_logger.py log_once [line:28] INFO val_loss                      2.3037
2024-04-21 19:38:51,632 simple_logger.py log_once [line:28] INFO mean_val_loss                 2.3037
2024-04-21 19:38:51,632 simple_logger.py log_once [line:28] INFO std_val_loss                  0.0036
2024-04-21 19:38:51,633 fedbase.py run [line:245] INFO Eval Time Cost:               8.5731s
2024-04-21 19:39:02,017 fedbase.py run [line:253] INFO --------------Round 1--------------
2024-04-21 19:39:02,017 simple_logger.py log_once [line:14] INFO Current_time:1
2024-04-21 19:39:10,295 simple_logger.py log_once [line:28] INFO test_accuracy                 0.1959
2024-04-21 19:39:10,296 simple_logger.py log_once [line:28] INFO test_loss                     2.2224
2024-04-21 19:39:10,297 simple_logger.py log_once [line:28] INFO val_accuracy                  0.1927
2024-04-21 19:39:10,297 simple_logger.py log_once [line:28] INFO mean_val_accuracy             0.1927
2024-04-21 19:39:10,297 simple_logger.py log_once [line:28] INFO std_val_accuracy              0.0491
2024-04-21 19:39:10,297 simple_logger.py log_once [line:28] INFO val_loss                      2.2326
2024-04-21 19:39:10,298 simple_logger.py log_once [line:28] INFO mean_val_loss                 2.2326
2024-04-21 19:39:10,298 simple_logger.py log_once [line:28] INFO std_val_loss                  0.0436
2024-04-21 19:39:10,298 fedbase.py run [line:258] INFO Eval Time Cost:               8.2807s
2024-04-21 19:39:20,043 fedbase.py run [line:253] INFO --------------Round 2--------------
2024-04-21 19:39:20,044 simple_logger.py log_once [line:14] INFO Current_time:2
2024-04-21 19:39:28,174 simple_logger.py log_once [line:28] INFO test_accuracy                 0.2305
2024-04-21 19:39:28,174 simple_logger.py log_once [line:28] INFO test_loss                     2.1721
2024-04-21 19:39:28,174 simple_logger.py log_once [line:28] INFO val_accuracy                  0.2174
2024-04-21 19:39:28,175 simple_logger.py log_once [line:28] INFO mean_val_accuracy             0.2174
2024-04-21 19:39:28,175 simple_logger.py log_once [line:28] INFO std_val_accuracy              0.0509
2024-04-21 19:39:28,175 simple_logger.py log_once [line:28] INFO val_loss                      2.1891
2024-04-21 19:39:28,175 simple_logger.py log_once [line:28] INFO mean_val_loss                 2.1891
2024-04-21 19:39:28,176 simple_logger.py log_once [line:28] INFO std_val_loss                  0.0515
2024-04-21 19:39:28,176 fedbase.py run [line:258] INFO Eval Time Cost:               8.1318s
2024-04-21 19:39:37,898 fedbase.py run [line:253] INFO --------------Round 3--------------
2024-04-21 19:39:37,898 simple_logger.py log_once [line:14] INFO Current_time:3
2024-04-21 19:39:45,902 simple_logger.py log_once [line:28] INFO test_accuracy                 0.4092
2024-04-21 19:39:45,903 simple_logger.py log_once [line:28] INFO test_loss                     1.8365
2024-04-21 19:39:45,903 simple_logger.py log_once [line:28] INFO val_accuracy                  0.4022
2024-04-21 19:39:45,903 simple_logger.py log_once [line:28] INFO mean_val_accuracy             0.4022
2024-04-21 19:39:45,904 simple_logger.py log_once [line:28] INFO std_val_accuracy              0.0575
2024-04-21 19:39:45,904 simple_logger.py log_once [line:28] INFO val_loss                      1.8710
2024-04-21 19:39:45,904 simple_logger.py log_once [line:28] INFO mean_val_loss                 1.8710
2024-04-21 19:39:45,905 simple_logger.py log_once [line:28] INFO std_val_loss                  0.0741
2024-04-21 19:39:45,905 fedbase.py run [line:258] INFO Eval Time Cost:               8.0074s
2024-04-21 19:39:55,718 fedbase.py run [line:253] INFO --------------Round 4--------------
2024-04-21 19:39:55,719 simple_logger.py log_once [line:14] INFO Current_time:4
2024-04-21 19:40:03,544 simple_logger.py log_once [line:28] INFO test_accuracy                 0.6673
2024-04-21 19:40:03,544 simple_logger.py log_once [line:28] INFO test_loss                     1.2270
2024-04-21 19:40:03,544 simple_logger.py log_once [line:28] INFO val_accuracy                  0.6526
2024-04-21 19:40:03,545 simple_logger.py log_once [line:28] INFO mean_val_accuracy             0.6526
2024-04-21 19:40:03,545 simple_logger.py log_once [line:28] INFO std_val_accuracy              0.0588
2024-04-21 19:40:03,545 simple_logger.py log_once [line:28] INFO val_loss                      1.2559
2024-04-21 19:40:03,546 simple_logger.py log_once [line:28] INFO mean_val_loss                 1.2559
2024-04-21 19:40:03,546 simple_logger.py log_once [line:28] INFO std_val_loss                  0.1005
2024-04-21 19:40:03,546 fedbase.py run [line:258] INFO Eval Time Cost:               7.8271s
2024-04-21 19:40:12,771 fedbase.py run [line:253] INFO --------------Round 5--------------
2024-04-21 19:40:12,771 simple_logger.py log_once [line:14] INFO Current_time:5
2024-04-21 19:40:20,585 simple_logger.py log_once [line:28] INFO test_accuracy                 0.7741
2024-04-21 19:40:20,586 simple_logger.py log_once [line:28] INFO test_loss                     0.8103
2024-04-21 19:40:20,586 simple_logger.py log_once [line:28] INFO val_accuracy                  0.7786
2024-04-21 19:40:20,586 simple_logger.py log_once [line:28] INFO mean_val_accuracy             0.7786
2024-04-21 19:40:20,587 simple_logger.py log_once [line:28] INFO std_val_accuracy              0.0511
2024-04-21 19:40:20,587 simple_logger.py log_once [line:28] INFO val_loss                      0.7812
2024-04-21 19:40:20,587 simple_logger.py log_once [line:28] INFO mean_val_loss                 0.7812
2024-04-21 19:40:20,588 simple_logger.py log_once [line:28] INFO std_val_loss                  0.1343
2024-04-21 19:40:20,588 fedbase.py run [line:258] INFO Eval Time Cost:               7.8163s
2024-04-21 19:40:30,072 fedbase.py run [line:253] INFO --------------Round 6--------------
2024-04-21 19:40:30,072 simple_logger.py log_once [line:14] INFO Current_time:6
2024-04-21 19:40:37,838 simple_logger.py log_once [line:28] INFO test_accuracy                 0.8077
2024-04-21 19:40:37,839 simple_logger.py log_once [line:28] INFO test_loss                     0.7186
2024-04-21 19:40:37,839 simple_logger.py log_once [line:28] INFO val_accuracy                  0.8116
2024-04-21 19:40:37,840 simple_logger.py log_once [line:28] INFO mean_val_accuracy             0.8116
2024-04-21 19:40:37,840 simple_logger.py log_once [line:28] INFO std_val_accuracy              0.0494
2024-04-21 19:40:37,840 simple_logger.py log_once [line:28] INFO val_loss                      0.6759
2024-04-21 19:40:37,841 simple_logger.py log_once [line:28] INFO mean_val_loss                 0.6759
2024-04-21 19:40:37,841 simple_logger.py log_once [line:28] INFO std_val_loss                  0.1637
2024-04-21 19:40:37,841 fedbase.py run [line:258] INFO Eval Time Cost:               7.7691s
2024-04-21 19:40:47,211 fedbase.py run [line:253] INFO --------------Round 7--------------
2024-04-21 19:40:47,211 simple_logger.py log_once [line:14] INFO Current_time:7
2024-04-21 19:40:55,015 simple_logger.py log_once [line:28] INFO test_accuracy                 0.8262
2024-04-21 19:40:55,016 simple_logger.py log_once [line:28] INFO test_loss                     0.6917
2024-04-21 19:40:55,016 simple_logger.py log_once [line:28] INFO val_accuracy                  0.8326
2024-04-21 19:40:55,017 simple_logger.py log_once [line:28] INFO mean_val_accuracy             0.8326
2024-04-21 19:40:55,017 simple_logger.py log_once [line:28] INFO std_val_accuracy              0.0443
2024-04-21 19:40:55,018 simple_logger.py log_once [line:28] INFO val_loss                      0.6351
2024-04-21 19:40:55,018 simple_logger.py log_once [line:28] INFO mean_val_loss                 0.6351
2024-04-21 19:40:55,018 simple_logger.py log_once [line:28] INFO std_val_loss                  0.1756
2024-04-21 19:40:55,019 fedbase.py run [line:258] INFO Eval Time Cost:               7.8081s
2024-04-21 19:41:04,505 fedbase.py run [line:253] INFO --------------Round 8--------------
2024-04-21 19:41:04,506 simple_logger.py log_once [line:14] INFO Current_time:8
2024-04-21 19:41:12,550 simple_logger.py log_once [line:28] INFO test_accuracy                 0.8346
2024-04-21 19:41:12,551 simple_logger.py log_once [line:28] INFO test_loss                     0.6743
2024-04-21 19:41:12,551 simple_logger.py log_once [line:28] INFO val_accuracy                  0.8452
2024-04-21 19:41:12,552 simple_logger.py log_once [line:28] INFO mean_val_accuracy             0.8452
2024-04-21 19:41:12,552 simple_logger.py log_once [line:28] INFO std_val_accuracy              0.0407
2024-04-21 19:41:12,552 simple_logger.py log_once [line:28] INFO val_loss                      0.5951
2024-04-21 19:41:12,553 simple_logger.py log_once [line:28] INFO mean_val_loss                 0.5951
2024-04-21 19:41:12,553 simple_logger.py log_once [line:28] INFO std_val_loss                  0.1773
2024-04-21 19:41:12,554 fedbase.py run [line:258] INFO Eval Time Cost:               8.0484s
2024-04-21 19:41:22,290 fedbase.py run [line:253] INFO --------------Round 9--------------
2024-04-21 19:41:22,290 simple_logger.py log_once [line:14] INFO Current_time:9
2024-04-21 19:41:30,133 simple_logger.py log_once [line:28] INFO test_accuracy                 0.8433
2024-04-21 19:41:30,133 simple_logger.py log_once [line:28] INFO test_loss                     0.6866
2024-04-21 19:41:30,133 simple_logger.py log_once [line:28] INFO val_accuracy                  0.8499
2024-04-21 19:41:30,133 simple_logger.py log_once [line:28] INFO mean_val_accuracy             0.8499
2024-04-21 19:41:30,134 simple_logger.py log_once [line:28] INFO std_val_accuracy              0.0433
2024-04-21 19:41:30,134 simple_logger.py log_once [line:28] INFO val_loss                      0.6077
2024-04-21 19:41:30,134 simple_logger.py log_once [line:28] INFO mean_val_loss                 0.6076
2024-04-21 19:41:30,135 simple_logger.py log_once [line:28] INFO std_val_loss                  0.1968
2024-04-21 19:41:30,135 fedbase.py run [line:258] INFO Eval Time Cost:               7.8457s
2024-04-21 19:41:40,090 fedbase.py run [line:253] INFO --------------Round 10--------------
2024-04-21 19:41:40,091 simple_logger.py log_once [line:14] INFO Current_time:10
2024-04-21 19:41:48,514 simple_logger.py log_once [line:28] INFO test_accuracy                 0.8500
2024-04-21 19:41:48,515 simple_logger.py log_once [line:28] INFO test_loss                     0.6671
2024-04-21 19:41:48,515 simple_logger.py log_once [line:28] INFO val_accuracy                  0.8567
2024-04-21 19:41:48,515 simple_logger.py log_once [line:28] INFO mean_val_accuracy             0.8567
2024-04-21 19:41:48,515 simple_logger.py log_once [line:28] INFO std_val_accuracy              0.0426
2024-04-21 19:41:48,516 simple_logger.py log_once [line:28] INFO val_loss                      0.5908
2024-04-21 19:41:48,516 simple_logger.py log_once [line:28] INFO mean_val_loss                 0.5908
2024-04-21 19:41:48,516 simple_logger.py log_once [line:28] INFO std_val_loss                  0.1985
2024-04-21 19:41:48,517 fedbase.py run [line:258] INFO Eval Time Cost:               8.4261s
2024-04-21 19:41:58,190 fedbase.py run [line:253] INFO --------------Round 11--------------
2024-04-21 19:41:58,191 simple_logger.py log_once [line:14] INFO Current_time:11
2024-04-21 19:42:06,073 simple_logger.py log_once [line:28] INFO test_accuracy                 0.8543
2024-04-21 19:42:06,074 simple_logger.py log_once [line:28] INFO test_loss                     0.6672
2024-04-21 19:42:06,074 simple_logger.py log_once [line:28] INFO val_accuracy                  0.8611
2024-04-21 19:42:06,074 simple_logger.py log_once [line:28] INFO mean_val_accuracy             0.8611
2024-04-21 19:42:06,075 simple_logger.py log_once [line:28] INFO std_val_accuracy              0.0422
2024-04-21 19:42:06,075 simple_logger.py log_once [line:28] INFO val_loss                      0.5926
2024-04-21 19:42:06,075 simple_logger.py log_once [line:28] INFO mean_val_loss                 0.5926
2024-04-21 19:42:06,075 simple_logger.py log_once [line:28] INFO std_val_loss                  0.2110
2024-04-21 19:42:06,076 fedbase.py run [line:258] INFO Eval Time Cost:               7.8858s
2024-04-21 19:42:15,958 fedbase.py run [line:253] INFO --------------Round 12--------------
2024-04-21 19:42:15,958 simple_logger.py log_once [line:14] INFO Current_time:12
2024-04-21 19:42:23,946 simple_logger.py log_once [line:28] INFO test_accuracy                 0.8511
2024-04-21 19:42:23,947 simple_logger.py log_once [line:28] INFO test_loss                     0.6896
2024-04-21 19:42:23,947 simple_logger.py log_once [line:28] INFO val_accuracy                  0.8597
2024-04-21 19:42:23,947 simple_logger.py log_once [line:28] INFO mean_val_accuracy             0.8597
2024-04-21 19:42:23,948 simple_logger.py log_once [line:28] INFO std_val_accuracy              0.0391
2024-04-21 19:42:23,948 simple_logger.py log_once [line:28] INFO val_loss                      0.5986
2024-04-21 19:42:23,948 simple_logger.py log_once [line:28] INFO mean_val_loss                 0.5986
2024-04-21 19:42:23,948 simple_logger.py log_once [line:28] INFO std_val_loss                  0.2109
2024-04-21 19:42:23,949 fedbase.py run [line:258] INFO Eval Time Cost:               7.9913s
2024-04-21 19:42:33,638 fedbase.py run [line:253] INFO --------------Round 13--------------
2024-04-21 19:42:33,638 simple_logger.py log_once [line:14] INFO Current_time:13
2024-04-21 19:42:41,645 simple_logger.py log_once [line:28] INFO test_accuracy                 0.8580
2024-04-21 19:42:41,646 simple_logger.py log_once [line:28] INFO test_loss                     0.6474
2024-04-21 19:42:41,646 simple_logger.py log_once [line:28] INFO val_accuracy                  0.8652
2024-04-21 19:42:41,646 simple_logger.py log_once [line:28] INFO mean_val_accuracy             0.8652
2024-04-21 19:42:41,647 simple_logger.py log_once [line:28] INFO std_val_accuracy              0.0393
2024-04-21 19:42:41,647 simple_logger.py log_once [line:28] INFO val_loss                      0.5727
2024-04-21 19:42:41,647 simple_logger.py log_once [line:28] INFO mean_val_loss                 0.5727
2024-04-21 19:42:41,648 simple_logger.py log_once [line:28] INFO std_val_loss                  0.2074
2024-04-21 19:42:41,648 fedbase.py run [line:258] INFO Eval Time Cost:               8.0098s
2024-04-21 19:42:51,387 fedbase.py run [line:253] INFO --------------Round 14--------------
2024-04-21 19:42:51,387 simple_logger.py log_once [line:14] INFO Current_time:14
2024-04-21 19:42:59,272 simple_logger.py log_once [line:28] INFO test_accuracy                 0.8626
2024-04-21 19:42:59,272 simple_logger.py log_once [line:28] INFO test_loss                     0.6264
2024-04-21 19:42:59,273 simple_logger.py log_once [line:28] INFO val_accuracy                  0.8653
2024-04-21 19:42:59,273 simple_logger.py log_once [line:28] INFO mean_val_accuracy             0.8653
2024-04-21 19:42:59,273 simple_logger.py log_once [line:28] INFO std_val_accuracy              0.0393
2024-04-21 19:42:59,273 simple_logger.py log_once [line:28] INFO val_loss                      0.5551
2024-04-21 19:42:59,274 simple_logger.py log_once [line:28] INFO mean_val_loss                 0.5551
2024-04-21 19:42:59,274 simple_logger.py log_once [line:28] INFO std_val_loss                  0.2047
2024-04-21 19:42:59,275 fedbase.py run [line:258] INFO Eval Time Cost:               7.8874s
2024-04-21 19:43:08,833 fedbase.py run [line:253] INFO --------------Round 15--------------
2024-04-21 19:43:08,833 simple_logger.py log_once [line:14] INFO Current_time:15
2024-04-21 19:43:16,722 simple_logger.py log_once [line:28] INFO test_accuracy                 0.8602
2024-04-21 19:43:16,723 simple_logger.py log_once [line:28] INFO test_loss                     0.6411
2024-04-21 19:43:16,723 simple_logger.py log_once [line:28] INFO val_accuracy                  0.8697
2024-04-21 19:43:16,723 simple_logger.py log_once [line:28] INFO mean_val_accuracy             0.8697
2024-04-21 19:43:16,724 simple_logger.py log_once [line:28] INFO std_val_accuracy              0.0378
2024-04-21 19:43:16,724 simple_logger.py log_once [line:28] INFO val_loss                      0.5581
2024-04-21 19:43:16,725 simple_logger.py log_once [line:28] INFO mean_val_loss                 0.5581
2024-04-21 19:43:16,725 simple_logger.py log_once [line:28] INFO std_val_loss                  0.2093
2024-04-21 19:43:16,725 fedbase.py run [line:258] INFO Eval Time Cost:               7.8921s
2024-04-21 19:43:26,838 fedbase.py run [line:253] INFO --------------Round 16--------------
2024-04-21 19:43:26,839 simple_logger.py log_once [line:14] INFO Current_time:16
2024-04-21 19:43:34,980 simple_logger.py log_once [line:28] INFO test_accuracy                 0.8610
2024-04-21 19:43:34,980 simple_logger.py log_once [line:28] INFO test_loss                     0.6507
2024-04-21 19:43:34,980 simple_logger.py log_once [line:28] INFO val_accuracy                  0.8704
2024-04-21 19:43:34,981 simple_logger.py log_once [line:28] INFO mean_val_accuracy             0.8704
2024-04-21 19:43:34,981 simple_logger.py log_once [line:28] INFO std_val_accuracy              0.0380
2024-04-21 19:43:34,981 simple_logger.py log_once [line:28] INFO val_loss                      0.5681
2024-04-21 19:43:34,982 simple_logger.py log_once [line:28] INFO mean_val_loss                 0.5681
2024-04-21 19:43:34,982 simple_logger.py log_once [line:28] INFO std_val_loss                  0.2199
2024-04-21 19:43:34,982 fedbase.py run [line:258] INFO Eval Time Cost:               8.1433s
2024-04-21 19:43:44,686 fedbase.py run [line:253] INFO --------------Round 17--------------
2024-04-21 19:43:44,687 simple_logger.py log_once [line:14] INFO Current_time:17
2024-04-21 19:43:52,787 simple_logger.py log_once [line:28] INFO test_accuracy                 0.8664
2024-04-21 19:43:52,788 simple_logger.py log_once [line:28] INFO test_loss                     0.6300
2024-04-21 19:43:52,788 simple_logger.py log_once [line:28] INFO val_accuracy                  0.8732
2024-04-21 19:43:52,788 simple_logger.py log_once [line:28] INFO mean_val_accuracy             0.8732
2024-04-21 19:43:52,789 simple_logger.py log_once [line:28] INFO std_val_accuracy              0.0359
2024-04-21 19:43:52,789 simple_logger.py log_once [line:28] INFO val_loss                      0.5552
2024-04-21 19:43:52,789 simple_logger.py log_once [line:28] INFO mean_val_loss                 0.5552
2024-04-21 19:43:52,789 simple_logger.py log_once [line:28] INFO std_val_loss                  0.2117
2024-04-21 19:43:52,790 fedbase.py run [line:258] INFO Eval Time Cost:               8.1031s
2024-04-21 19:44:02,474 fedbase.py run [line:253] INFO --------------Round 18--------------
2024-04-21 19:44:02,474 simple_logger.py log_once [line:14] INFO Current_time:18
2024-04-21 19:44:10,874 simple_logger.py log_once [line:28] INFO test_accuracy                 0.8649
2024-04-21 19:44:10,874 simple_logger.py log_once [line:28] INFO test_loss                     0.6195
2024-04-21 19:44:10,875 simple_logger.py log_once [line:28] INFO val_accuracy                  0.8740
2024-04-21 19:44:10,875 simple_logger.py log_once [line:28] INFO mean_val_accuracy             0.8740
2024-04-21 19:44:10,875 simple_logger.py log_once [line:28] INFO std_val_accuracy              0.0373
2024-04-21 19:44:10,876 simple_logger.py log_once [line:28] INFO val_loss                      0.5394
2024-04-21 19:44:10,876 simple_logger.py log_once [line:28] INFO mean_val_loss                 0.5394
2024-04-21 19:44:10,876 simple_logger.py log_once [line:28] INFO std_val_loss                  0.2058
2024-04-21 19:44:10,877 fedbase.py run [line:258] INFO Eval Time Cost:               8.4030s
2024-04-21 19:44:21,108 fedbase.py run [line:253] INFO --------------Round 19--------------
2024-04-21 19:44:21,109 simple_logger.py log_once [line:14] INFO Current_time:19
2024-04-21 19:44:28,992 simple_logger.py log_once [line:28] INFO test_accuracy                 0.8689
2024-04-21 19:44:28,992 simple_logger.py log_once [line:28] INFO test_loss                     0.6213
2024-04-21 19:44:28,993 simple_logger.py log_once [line:28] INFO val_accuracy                  0.8767
2024-04-21 19:44:28,993 simple_logger.py log_once [line:28] INFO mean_val_accuracy             0.8767
2024-04-21 19:44:28,993 simple_logger.py log_once [line:28] INFO std_val_accuracy              0.0364
2024-04-21 19:44:28,994 simple_logger.py log_once [line:28] INFO val_loss                      0.5513
2024-04-21 19:44:28,994 simple_logger.py log_once [line:28] INFO mean_val_loss                 0.5513
2024-04-21 19:44:28,994 simple_logger.py log_once [line:28] INFO std_val_loss                  0.2099
2024-04-21 19:44:28,994 fedbase.py run [line:258] INFO Eval Time Cost:               7.8851s
2024-04-21 19:44:38,928 fedbase.py run [line:253] INFO --------------Round 20--------------
2024-04-21 19:44:38,929 simple_logger.py log_once [line:14] INFO Current_time:20
2024-04-21 19:44:46,711 simple_logger.py log_once [line:28] INFO test_accuracy                 0.8709
2024-04-21 19:44:46,711 simple_logger.py log_once [line:28] INFO test_loss                     0.6046
2024-04-21 19:44:46,712 simple_logger.py log_once [line:28] INFO val_accuracy                  0.8759
2024-04-21 19:44:46,712 simple_logger.py log_once [line:28] INFO mean_val_accuracy             0.8759
2024-04-21 19:44:46,712 simple_logger.py log_once [line:28] INFO std_val_accuracy              0.0360
2024-04-21 19:44:46,712 simple_logger.py log_once [line:28] INFO val_loss                      0.5440
2024-04-21 19:44:46,712 simple_logger.py log_once [line:28] INFO mean_val_loss                 0.5440
2024-04-21 19:44:46,713 simple_logger.py log_once [line:28] INFO std_val_loss                  0.2126
2024-04-21 19:44:46,713 fedbase.py run [line:258] INFO Eval Time Cost:               7.7842s
2024-04-21 19:44:46,721 fedbase.py run [line:265] INFO =================End==================
2024-04-21 19:44:46,722 fedbase.py run [line:266] INFO Total Time Cost:              363.6632s
