2024-04-18 16:14:05,423 fflow.py init [line:642] INFO PROCESS ID:	2880
2024-04-18 16:14:05,423 fflow.py init [line:643] INFO Initializing devices: cuda:0 will be used for this running.
2024-04-18 16:14:05,424 fflow.py init [line:646] INFO BENCHMARK:	test_svhn.svhn_classification
2024-04-18 16:14:05,424 fflow.py init [line:647] INFO TASK:			./svhn_HEDP
2024-04-18 16:14:05,426 fflow.py init [line:648] INFO MODEL:		test_svhn.svhn_classification.model.default_model
2024-04-18 16:14:05,426 fflow.py init [line:649] INFO ALGORITHM:	PPFL_HEDP
2024-04-18 16:14:05,444 fflow.py init [line:688] INFO SCENE:		horizontal FL with 1 <class 'HEDP.Server'>, 100 <class 'HEDP.Client'>
2024-04-18 16:14:05,752 fflow.py init [line:705] INFO SIMULATOR:	<class 'flgo.simulator.default_simulator.Simulator'>
2024-04-18 16:15:24,468 fflow.py init [line:718] INFO Ready to start.
2024-04-18 17:51:16,509 fedbase.py _load_checkpoint [line:713] INFO Failed to load checkpoint due to [WinError 3] 系统找不到指定的路径。: './svhn_HEDP\\checkpoint\\6'
2024-04-18 17:51:16,510 fedbase.py run [line:242] INFO --------------Initial Evaluation--------------
2024-04-18 17:51:16,510 simple_logger.py log_once [line:14] INFO Current_time:0
2024-04-18 17:52:18,101 simple_logger.py log_once [line:28] INFO test_accuracy                 0.1110
2024-04-18 17:52:18,101 simple_logger.py log_once [line:28] INFO test_loss                     2.3044
2024-04-18 17:52:18,103 simple_logger.py log_once [line:28] INFO val_accuracy                  0.1125
2024-04-18 17:52:18,103 simple_logger.py log_once [line:28] INFO mean_val_accuracy             0.1125
2024-04-18 17:52:18,103 simple_logger.py log_once [line:28] INFO std_val_accuracy              0.0385
2024-04-18 17:52:18,103 simple_logger.py log_once [line:28] INFO val_loss                      2.3037
2024-04-18 17:52:18,103 simple_logger.py log_once [line:28] INFO mean_val_loss                 2.3037
2024-04-18 17:52:18,103 simple_logger.py log_once [line:28] INFO std_val_loss                  0.0036
2024-04-18 17:52:18,103 fedbase.py run [line:245] INFO Eval Time Cost:               61.5925s
2024-04-18 18:10:41,635 fedbase.py run [line:253] INFO --------------Round 1--------------
2024-04-18 18:10:41,636 simple_logger.py log_once [line:14] INFO Current_time:1
2024-04-18 18:11:32,361 simple_logger.py log_once [line:28] INFO test_accuracy                 0.1959
2024-04-18 18:11:32,361 simple_logger.py log_once [line:28] INFO test_loss                     2.2217
2024-04-18 18:11:32,361 simple_logger.py log_once [line:28] INFO val_accuracy                  0.1927
2024-04-18 18:11:32,361 simple_logger.py log_once [line:28] INFO mean_val_accuracy             0.1927
2024-04-18 18:11:32,361 simple_logger.py log_once [line:28] INFO std_val_accuracy              0.0491
2024-04-18 18:11:32,362 simple_logger.py log_once [line:28] INFO val_loss                      2.2311
2024-04-18 18:11:32,362 simple_logger.py log_once [line:28] INFO mean_val_loss                 2.2311
2024-04-18 18:11:32,362 simple_logger.py log_once [line:28] INFO std_val_loss                  0.0438
2024-04-18 18:11:32,362 fedbase.py run [line:258] INFO Eval Time Cost:               50.7257s
2024-04-18 18:30:36,843 fedbase.py run [line:253] INFO --------------Round 2--------------
2024-04-18 18:30:36,844 simple_logger.py log_once [line:14] INFO Current_time:2
2024-04-18 18:31:29,585 simple_logger.py log_once [line:28] INFO test_accuracy                 0.2197
2024-04-18 18:31:29,585 simple_logger.py log_once [line:28] INFO test_loss                     2.1663
2024-04-18 18:31:29,586 simple_logger.py log_once [line:28] INFO val_accuracy                  0.2110
2024-04-18 18:31:29,586 simple_logger.py log_once [line:28] INFO mean_val_accuracy             0.2110
2024-04-18 18:31:29,586 simple_logger.py log_once [line:28] INFO std_val_accuracy              0.0522
2024-04-18 18:31:29,586 simple_logger.py log_once [line:28] INFO val_loss                      2.1822
2024-04-18 18:31:29,586 simple_logger.py log_once [line:28] INFO mean_val_loss                 2.1822
2024-04-18 18:31:29,586 simple_logger.py log_once [line:28] INFO std_val_loss                  0.0491
2024-04-18 18:31:29,586 fedbase.py run [line:258] INFO Eval Time Cost:               52.7417s
2024-04-18 18:49:04,101 fedbase.py run [line:253] INFO --------------Round 3--------------
2024-04-18 18:49:04,102 simple_logger.py log_once [line:14] INFO Current_time:3
2024-04-18 18:49:54,024 simple_logger.py log_once [line:28] INFO test_accuracy                 0.4296
2024-04-18 18:49:54,024 simple_logger.py log_once [line:28] INFO test_loss                     1.8748
2024-04-18 18:49:54,025 simple_logger.py log_once [line:28] INFO val_accuracy                  0.4167
2024-04-18 18:49:54,025 simple_logger.py log_once [line:28] INFO mean_val_accuracy             0.4167
2024-04-18 18:49:54,025 simple_logger.py log_once [line:28] INFO std_val_accuracy              0.0593
2024-04-18 18:49:54,025 simple_logger.py log_once [line:28] INFO val_loss                      1.9032
2024-04-18 18:49:54,025 simple_logger.py log_once [line:28] INFO mean_val_loss                 1.9032
2024-04-18 18:49:54,025 simple_logger.py log_once [line:28] INFO std_val_loss                  0.0757
2024-04-18 18:49:54,025 fedbase.py run [line:258] INFO Eval Time Cost:               49.9235s
2024-04-18 19:04:45,298 fedbase.py run [line:253] INFO --------------Round 4--------------
2024-04-18 19:04:45,299 simple_logger.py log_once [line:14] INFO Current_time:4
2024-04-18 19:05:34,715 simple_logger.py log_once [line:28] INFO test_accuracy                 0.6539
2024-04-18 19:05:34,715 simple_logger.py log_once [line:28] INFO test_loss                     1.2062
2024-04-18 19:05:34,715 simple_logger.py log_once [line:28] INFO val_accuracy                  0.6474
2024-04-18 19:05:34,715 simple_logger.py log_once [line:28] INFO mean_val_accuracy             0.6474
2024-04-18 19:05:34,715 simple_logger.py log_once [line:28] INFO std_val_accuracy              0.0586
2024-04-18 19:05:34,716 simple_logger.py log_once [line:28] INFO val_loss                      1.2263
2024-04-18 19:05:34,716 simple_logger.py log_once [line:28] INFO mean_val_loss                 1.2263
2024-04-18 19:05:34,716 simple_logger.py log_once [line:28] INFO std_val_loss                  0.1060
2024-04-18 19:05:34,716 fedbase.py run [line:258] INFO Eval Time Cost:               49.4174s
2024-04-18 19:20:23,987 fedbase.py run [line:253] INFO --------------Round 5--------------
2024-04-18 19:20:23,987 simple_logger.py log_once [line:14] INFO Current_time:5
2024-04-18 19:21:13,487 simple_logger.py log_once [line:28] INFO test_accuracy                 0.7748
2024-04-18 19:21:13,487 simple_logger.py log_once [line:28] INFO test_loss                     0.7985
2024-04-18 19:21:13,487 simple_logger.py log_once [line:28] INFO val_accuracy                  0.7681
2024-04-18 19:21:13,487 simple_logger.py log_once [line:28] INFO mean_val_accuracy             0.7681
2024-04-18 19:21:13,488 simple_logger.py log_once [line:28] INFO std_val_accuracy              0.0538
2024-04-18 19:21:13,488 simple_logger.py log_once [line:28] INFO val_loss                      0.7965
2024-04-18 19:21:13,488 simple_logger.py log_once [line:28] INFO mean_val_loss                 0.7965
2024-04-18 19:21:13,488 simple_logger.py log_once [line:28] INFO std_val_loss                  0.1270
2024-04-18 19:21:13,488 fedbase.py run [line:258] INFO Eval Time Cost:               49.5010s
2024-04-18 19:36:04,246 fedbase.py run [line:253] INFO --------------Round 6--------------
2024-04-18 19:36:04,247 simple_logger.py log_once [line:14] INFO Current_time:6
2024-04-18 19:36:53,576 simple_logger.py log_once [line:28] INFO test_accuracy                 0.8036
2024-04-18 19:36:53,576 simple_logger.py log_once [line:28] INFO test_loss                     0.7158
2024-04-18 19:36:53,577 simple_logger.py log_once [line:28] INFO val_accuracy                  0.8100
2024-04-18 19:36:53,577 simple_logger.py log_once [line:28] INFO mean_val_accuracy             0.8100
2024-04-18 19:36:53,577 simple_logger.py log_once [line:28] INFO std_val_accuracy              0.0485
2024-04-18 19:36:53,577 simple_logger.py log_once [line:28] INFO val_loss                      0.6744
2024-04-18 19:36:53,577 simple_logger.py log_once [line:28] INFO mean_val_loss                 0.6744
2024-04-18 19:36:53,577 simple_logger.py log_once [line:28] INFO std_val_loss                  0.1575
2024-04-18 19:36:53,577 fedbase.py run [line:258] INFO Eval Time Cost:               49.3302s
2024-04-18 19:53:27,406 fedbase.py run [line:253] INFO --------------Round 7--------------
2024-04-18 19:53:27,407 simple_logger.py log_once [line:14] INFO Current_time:7
2024-04-18 19:54:21,058 simple_logger.py log_once [line:28] INFO test_accuracy                 0.8253
2024-04-18 19:54:21,059 simple_logger.py log_once [line:28] INFO test_loss                     0.6608
2024-04-18 19:54:21,059 simple_logger.py log_once [line:28] INFO val_accuracy                  0.8340
2024-04-18 19:54:21,059 simple_logger.py log_once [line:28] INFO mean_val_accuracy             0.8340
2024-04-18 19:54:21,059 simple_logger.py log_once [line:28] INFO std_val_accuracy              0.0438
2024-04-18 19:54:21,059 simple_logger.py log_once [line:28] INFO val_loss                      0.6139
2024-04-18 19:54:21,059 simple_logger.py log_once [line:28] INFO mean_val_loss                 0.6139
2024-04-18 19:54:21,059 simple_logger.py log_once [line:28] INFO std_val_loss                  0.1561
2024-04-18 19:54:21,059 fedbase.py run [line:258] INFO Eval Time Cost:               53.6519s
2024-04-18 20:13:41,110 fedbase.py run [line:253] INFO --------------Round 8--------------
2024-04-18 20:13:41,111 simple_logger.py log_once [line:14] INFO Current_time:8
2024-04-18 20:15:08,880 simple_logger.py log_once [line:28] INFO test_accuracy                 0.8394
2024-04-18 20:15:08,881 simple_logger.py log_once [line:28] INFO test_loss                     0.6615
2024-04-18 20:15:08,881 simple_logger.py log_once [line:28] INFO val_accuracy                  0.8489
2024-04-18 20:15:08,881 simple_logger.py log_once [line:28] INFO mean_val_accuracy             0.8489
2024-04-18 20:15:08,881 simple_logger.py log_once [line:28] INFO std_val_accuracy              0.0435
2024-04-18 20:15:08,881 simple_logger.py log_once [line:28] INFO val_loss                      0.5925
2024-04-18 20:15:08,881 simple_logger.py log_once [line:28] INFO mean_val_loss                 0.5925
2024-04-18 20:15:08,881 simple_logger.py log_once [line:28] INFO std_val_loss                  0.1786
2024-04-18 20:15:08,881 fedbase.py run [line:258] INFO Eval Time Cost:               87.7697s
2024-04-18 20:36:09,413 fedbase.py run [line:253] INFO --------------Round 9--------------
2024-04-18 20:36:09,414 simple_logger.py log_once [line:14] INFO Current_time:9
2024-04-18 20:37:32,124 simple_logger.py log_once [line:28] INFO test_accuracy                 0.8448
2024-04-18 20:37:32,124 simple_logger.py log_once [line:28] INFO test_loss                     0.6429
2024-04-18 20:37:32,125 simple_logger.py log_once [line:28] INFO val_accuracy                  0.8499
2024-04-18 20:37:32,125 simple_logger.py log_once [line:28] INFO mean_val_accuracy             0.8499
2024-04-18 20:37:32,125 simple_logger.py log_once [line:28] INFO std_val_accuracy              0.0442
2024-04-18 20:37:32,125 simple_logger.py log_once [line:28] INFO val_loss                      0.5810
2024-04-18 20:37:32,125 simple_logger.py log_once [line:28] INFO mean_val_loss                 0.5810
2024-04-18 20:37:32,125 simple_logger.py log_once [line:28] INFO std_val_loss                  0.1784
2024-04-18 20:37:32,125 fedbase.py run [line:258] INFO Eval Time Cost:               82.7112s
2024-04-18 20:57:15,752 fedbase.py run [line:253] INFO --------------Round 10--------------
2024-04-18 20:57:15,752 simple_logger.py log_once [line:14] INFO Current_time:10
2024-04-18 20:58:40,466 simple_logger.py log_once [line:28] INFO test_accuracy                 0.8526
2024-04-18 20:58:40,466 simple_logger.py log_once [line:28] INFO test_loss                     0.6458
2024-04-18 20:58:40,467 simple_logger.py log_once [line:28] INFO val_accuracy                  0.8574
2024-04-18 20:58:40,467 simple_logger.py log_once [line:28] INFO mean_val_accuracy             0.8574
2024-04-18 20:58:40,467 simple_logger.py log_once [line:28] INFO std_val_accuracy              0.0405
2024-04-18 20:58:40,468 simple_logger.py log_once [line:28] INFO val_loss                      0.5833
2024-04-18 20:58:40,468 simple_logger.py log_once [line:28] INFO mean_val_loss                 0.5833
2024-04-18 20:58:40,468 simple_logger.py log_once [line:28] INFO std_val_loss                  0.1992
2024-04-18 20:58:40,469 fedbase.py run [line:258] INFO Eval Time Cost:               84.7168s
