2024-04-16 20:31:51,487 fflow.py init [line:635] INFO PROCESS ID:	17736
2024-04-16 20:31:51,487 fflow.py init [line:636] INFO Initializing devices: cuda:0 will be used for this running.
2024-04-16 20:31:51,487 fflow.py init [line:639] INFO BENCHMARK:	test_svhn.svhn_classification
2024-04-16 20:31:51,487 fflow.py init [line:640] INFO TASK:			./svhn_HEDP
2024-04-16 20:31:51,491 fflow.py init [line:641] INFO MODEL:		test_svhn.svhn_classification.model.default_model
2024-04-16 20:31:51,491 fflow.py init [line:642] INFO ALGORITHM:	PPFL_HEDP
2024-04-16 20:31:51,503 fflow.py init [line:681] INFO SCENE:		horizontal FL with 1 <class 'HEDP.Server'>, 100 <class 'HEDP.Client'>
2024-04-16 20:31:51,507 fflow.py init [line:698] INFO SIMULATOR:	<class 'flgo.simulator.default_simulator.Simulator'>
2024-04-16 20:32:37,626 fflow.py init [line:711] INFO Ready to start.
2024-04-16 20:44:56,274 fedbase.py _load_checkpoint [line:719] INFO Failed to load checkpoint due to [WinError 3] 系统找不到指定的路径。: './svhn_HEDP\\checkpoint\\1'
2024-04-16 20:44:56,274 fedbase.py run [line:241] INFO --------------Initial Evaluation--------------
2024-04-16 20:44:56,274 simple_logger.py log_once [line:14] INFO Current_time:0
2024-04-16 20:45:47,451 simple_logger.py log_once [line:28] INFO test_accuracy                 0.1110
2024-04-16 20:45:47,451 simple_logger.py log_once [line:28] INFO test_loss                     2.3044
2024-04-16 20:45:47,451 simple_logger.py log_once [line:28] INFO val_accuracy                  0.1125
2024-04-16 20:45:47,451 simple_logger.py log_once [line:28] INFO mean_val_accuracy             0.1125
2024-04-16 20:45:47,451 simple_logger.py log_once [line:28] INFO std_val_accuracy              0.0385
2024-04-16 20:45:47,451 simple_logger.py log_once [line:28] INFO val_loss                      2.3037
2024-04-16 20:45:47,451 simple_logger.py log_once [line:28] INFO mean_val_loss                 2.3037
2024-04-16 20:45:47,451 simple_logger.py log_once [line:28] INFO std_val_loss                  0.0036
2024-04-16 20:45:47,451 fedbase.py run [line:244] INFO Eval Time Cost:               51.1767s
2024-04-16 20:55:20,045 fedbase.py communicate [line:362] INFO Training:                     572.5899s
2024-04-16 20:59:02,467 fedbase.py run [line:251] INFO --------------Round 1--------------
2024-04-16 20:59:02,471 simple_logger.py log_once [line:14] INFO Current_time:1
2024-04-16 20:59:49,387 simple_logger.py log_once [line:28] INFO test_accuracy                 0.1959
2024-04-16 20:59:49,387 simple_logger.py log_once [line:28] INFO test_loss                     2.2217
2024-04-16 20:59:49,387 simple_logger.py log_once [line:28] INFO val_accuracy                  0.1927
2024-04-16 20:59:49,387 simple_logger.py log_once [line:28] INFO mean_val_accuracy             0.1927
2024-04-16 20:59:49,387 simple_logger.py log_once [line:28] INFO std_val_accuracy              0.0491
2024-04-16 20:59:49,387 simple_logger.py log_once [line:28] INFO val_loss                      2.2311
2024-04-16 20:59:49,387 simple_logger.py log_once [line:28] INFO mean_val_loss                 2.2311
2024-04-16 20:59:49,387 simple_logger.py log_once [line:28] INFO std_val_loss                  0.0411
2024-04-16 20:59:49,387 fedbase.py run [line:256] INFO Eval Time Cost:               46.9159s
2024-04-16 21:16:31,098 fedbase.py communicate [line:362] INFO Training:                     1001.7073s
2024-04-16 21:22:58,720 fedbase.py run [line:251] INFO --------------Round 2--------------
2024-04-16 21:22:58,720 simple_logger.py log_once [line:14] INFO Current_time:2
2024-04-16 21:24:19,097 simple_logger.py log_once [line:28] INFO test_accuracy                 0.2495
2024-04-16 21:24:19,098 simple_logger.py log_once [line:28] INFO test_loss                     2.1671
2024-04-16 21:24:19,098 simple_logger.py log_once [line:28] INFO val_accuracy                  0.2370
2024-04-16 21:24:19,098 simple_logger.py log_once [line:28] INFO mean_val_accuracy             0.2370
2024-04-16 21:24:19,099 simple_logger.py log_once [line:28] INFO std_val_accuracy              0.0548
2024-04-16 21:24:19,099 simple_logger.py log_once [line:28] INFO val_loss                      2.1841
2024-04-16 21:24:19,099 simple_logger.py log_once [line:28] INFO mean_val_loss                 2.1841
2024-04-16 21:24:19,099 simple_logger.py log_once [line:28] INFO std_val_loss                  0.0486
2024-04-16 21:24:19,100 fedbase.py run [line:256] INFO Eval Time Cost:               80.3803s
2024-04-16 21:40:27,487 fedbase.py communicate [line:362] INFO Training:                     968.3641s
2024-04-16 21:46:40,707 fedbase.py run [line:251] INFO --------------Round 3--------------
2024-04-16 21:46:40,707 simple_logger.py log_once [line:14] INFO Current_time:3
2024-04-16 21:48:04,436 simple_logger.py log_once [line:28] INFO test_accuracy                 0.4030
2024-04-16 21:48:04,436 simple_logger.py log_once [line:28] INFO test_loss                     1.8978
2024-04-16 21:48:04,436 simple_logger.py log_once [line:28] INFO val_accuracy                  0.3948
2024-04-16 21:48:04,436 simple_logger.py log_once [line:28] INFO mean_val_accuracy             0.3948
2024-04-16 21:48:04,436 simple_logger.py log_once [line:28] INFO std_val_accuracy              0.0583
2024-04-16 21:48:04,436 simple_logger.py log_once [line:28] INFO val_loss                      1.9263
2024-04-16 21:48:04,436 simple_logger.py log_once [line:28] INFO mean_val_loss                 1.9263
2024-04-16 21:48:04,436 simple_logger.py log_once [line:28] INFO std_val_loss                  0.0705
2024-04-16 21:48:04,436 fedbase.py run [line:256] INFO Eval Time Cost:               83.7289s
2024-04-16 22:05:00,833 fedbase.py communicate [line:362] INFO Training:                     1016.3822s
2024-04-16 22:11:14,858 fedbase.py run [line:251] INFO --------------Round 4--------------
2024-04-16 22:11:14,858 simple_logger.py log_once [line:14] INFO Current_time:4
2024-04-16 22:12:38,219 simple_logger.py log_once [line:28] INFO test_accuracy                 0.6656
2024-04-16 22:12:38,219 simple_logger.py log_once [line:28] INFO test_loss                     1.1849
2024-04-16 22:12:38,219 simple_logger.py log_once [line:28] INFO val_accuracy                  0.6538
2024-04-16 22:12:38,219 simple_logger.py log_once [line:28] INFO mean_val_accuracy             0.6538
2024-04-16 22:12:38,219 simple_logger.py log_once [line:28] INFO std_val_accuracy              0.0631
2024-04-16 22:12:38,219 simple_logger.py log_once [line:28] INFO val_loss                      1.2095
2024-04-16 22:12:38,219 simple_logger.py log_once [line:28] INFO mean_val_loss                 1.2095
2024-04-16 22:12:38,219 simple_logger.py log_once [line:28] INFO std_val_loss                  0.1072
2024-04-16 22:12:38,219 fedbase.py run [line:256] INFO Eval Time Cost:               83.3609s
2024-04-16 22:29:11,964 fedbase.py communicate [line:362] INFO Training:                     993.7295s
2024-04-16 22:35:30,455 fedbase.py run [line:251] INFO --------------Round 5--------------
2024-04-16 22:35:30,455 simple_logger.py log_once [line:14] INFO Current_time:5
2024-04-16 22:36:51,632 simple_logger.py log_once [line:28] INFO test_accuracy                 0.7520
2024-04-16 22:36:51,632 simple_logger.py log_once [line:28] INFO test_loss                     0.8958
2024-04-16 22:36:51,632 simple_logger.py log_once [line:28] INFO val_accuracy                  0.7559
2024-04-16 22:36:51,632 simple_logger.py log_once [line:28] INFO mean_val_accuracy             0.7559
2024-04-16 22:36:51,632 simple_logger.py log_once [line:28] INFO std_val_accuracy              0.0541
2024-04-16 22:36:51,632 simple_logger.py log_once [line:28] INFO val_loss                      0.8630
2024-04-16 22:36:51,632 simple_logger.py log_once [line:28] INFO mean_val_loss                 0.8630
2024-04-16 22:36:51,632 simple_logger.py log_once [line:28] INFO std_val_loss                  0.1207
2024-04-16 22:36:51,632 fedbase.py run [line:256] INFO Eval Time Cost:               81.1766s
2024-04-16 22:53:17,874 fedbase.py communicate [line:362] INFO Training:                     986.2195s
2024-04-16 22:59:35,592 fedbase.py run [line:251] INFO --------------Round 6--------------
2024-04-16 22:59:35,592 simple_logger.py log_once [line:14] INFO Current_time:6
2024-04-16 23:00:57,334 simple_logger.py log_once [line:28] INFO test_accuracy                 0.8004
2024-04-16 23:00:57,334 simple_logger.py log_once [line:28] INFO test_loss                     0.7183
2024-04-16 23:00:57,334 simple_logger.py log_once [line:28] INFO val_accuracy                  0.8038
2024-04-16 23:00:57,334 simple_logger.py log_once [line:28] INFO mean_val_accuracy             0.8038
2024-04-16 23:00:57,334 simple_logger.py log_once [line:28] INFO std_val_accuracy              0.0496
2024-04-16 23:00:57,334 simple_logger.py log_once [line:28] INFO val_loss                      0.6871
2024-04-16 23:00:57,334 simple_logger.py log_once [line:28] INFO mean_val_loss                 0.6871
2024-04-16 23:00:57,334 simple_logger.py log_once [line:28] INFO std_val_loss                  0.1523
2024-04-16 23:00:57,334 fedbase.py run [line:256] INFO Eval Time Cost:               81.7423s
2024-04-16 23:17:15,387 fedbase.py communicate [line:362] INFO Training:                     978.0374s
2024-04-16 23:23:49,436 fedbase.py run [line:251] INFO --------------Round 7--------------
2024-04-16 23:23:49,436 simple_logger.py log_once [line:14] INFO Current_time:7
2024-04-16 23:25:12,939 simple_logger.py log_once [line:28] INFO test_accuracy                 0.8301
2024-04-16 23:25:12,939 simple_logger.py log_once [line:28] INFO test_loss                     0.6713
2024-04-16 23:25:12,939 simple_logger.py log_once [line:28] INFO val_accuracy                  0.8370
2024-04-16 23:25:12,939 simple_logger.py log_once [line:28] INFO mean_val_accuracy             0.8370
2024-04-16 23:25:12,939 simple_logger.py log_once [line:28] INFO std_val_accuracy              0.0420
2024-04-16 23:25:12,939 simple_logger.py log_once [line:28] INFO val_loss                      0.6202
2024-04-16 23:25:12,939 simple_logger.py log_once [line:28] INFO mean_val_loss                 0.6202
2024-04-16 23:25:12,939 simple_logger.py log_once [line:28] INFO std_val_loss                  0.1729
2024-04-16 23:25:12,939 fedbase.py run [line:256] INFO Eval Time Cost:               83.5025s
2024-04-16 23:41:37,947 fedbase.py communicate [line:362] INFO Training:                     984.9873s
2024-04-16 23:45:17,430 fedbase.py run [line:251] INFO --------------Round 8--------------
2024-04-16 23:45:17,430 simple_logger.py log_once [line:14] INFO Current_time:8
2024-04-16 23:46:03,716 simple_logger.py log_once [line:28] INFO test_accuracy                 0.8380
2024-04-16 23:46:03,716 simple_logger.py log_once [line:28] INFO test_loss                     0.6627
2024-04-16 23:46:03,716 simple_logger.py log_once [line:28] INFO val_accuracy                  0.8467
2024-04-16 23:46:03,716 simple_logger.py log_once [line:28] INFO mean_val_accuracy             0.8467
2024-04-16 23:46:03,716 simple_logger.py log_once [line:28] INFO std_val_accuracy              0.0417
2024-04-16 23:46:03,716 simple_logger.py log_once [line:28] INFO val_loss                      0.5967
2024-04-16 23:46:03,716 simple_logger.py log_once [line:28] INFO mean_val_loss                 0.5967
2024-04-16 23:46:03,716 simple_logger.py log_once [line:28] INFO std_val_loss                  0.1797
2024-04-16 23:46:03,716 fedbase.py run [line:256] INFO Eval Time Cost:               46.2859s
2024-04-16 23:55:04,510 fedbase.py communicate [line:362] INFO Training:                     540.7940s
2024-04-16 23:58:30,708 fedbase.py run [line:251] INFO --------------Round 9--------------
2024-04-16 23:58:30,708 simple_logger.py log_once [line:14] INFO Current_time:9
2024-04-16 23:59:16,268 simple_logger.py log_once [line:28] INFO test_accuracy                 0.8465
2024-04-16 23:59:16,268 simple_logger.py log_once [line:28] INFO test_loss                     0.6628
2024-04-16 23:59:16,268 simple_logger.py log_once [line:28] INFO val_accuracy                  0.8519
2024-04-16 23:59:16,268 simple_logger.py log_once [line:28] INFO mean_val_accuracy             0.8519
2024-04-16 23:59:16,268 simple_logger.py log_once [line:28] INFO std_val_accuracy              0.0414
2024-04-16 23:59:16,268 simple_logger.py log_once [line:28] INFO val_loss                      0.6028
2024-04-16 23:59:16,268 simple_logger.py log_once [line:28] INFO mean_val_loss                 0.6028
2024-04-16 23:59:16,268 simple_logger.py log_once [line:28] INFO std_val_loss                  0.1938
2024-04-16 23:59:16,268 fedbase.py run [line:256] INFO Eval Time Cost:               45.5605s
