2024-04-17 08:49:00,449 fflow.py init [line:635] INFO PROCESS ID:	4732
2024-04-17 08:49:00,449 fflow.py init [line:636] INFO Initializing devices: cuda:0 will be used for this running.
2024-04-17 08:49:00,449 fflow.py init [line:639] INFO BENCHMARK:	test_svhn.svhn_classification
2024-04-17 08:49:00,449 fflow.py init [line:640] INFO TASK:			./svhn_HEDP
2024-04-17 08:49:00,457 fflow.py init [line:641] INFO MODEL:		test_svhn.svhn_classification.model.default_model
2024-04-17 08:49:00,457 fflow.py init [line:642] INFO ALGORITHM:	PPFL_HEDP
2024-04-17 08:49:00,469 fflow.py init [line:681] INFO SCENE:		horizontal FL with 1 <class 'HEDP.Server'>, 100 <class 'HEDP.Client'>
2024-04-17 08:49:00,773 fflow.py init [line:698] INFO SIMULATOR:	<class 'flgo.simulator.default_simulator.Simulator'>
2024-04-17 08:49:40,547 fflow.py init [line:711] INFO Ready to start.
2024-04-17 13:39:56,227 fedbase.py _load_checkpoint [line:719] INFO Failed to load checkpoint due to [WinError 3] 系统找不到指定的路径。: './svhn_HEDP\\checkpoint\\3'
2024-04-17 13:39:56,227 fedbase.py run [line:241] INFO --------------Initial Evaluation--------------
2024-04-17 13:39:56,227 simple_logger.py log_once [line:14] INFO Current_time:0
2024-04-17 13:40:42,255 simple_logger.py log_once [line:28] INFO test_accuracy                 0.1110
2024-04-17 13:40:42,255 simple_logger.py log_once [line:28] INFO test_loss                     2.3044
2024-04-17 13:40:42,255 simple_logger.py log_once [line:28] INFO val_accuracy                  0.1125
2024-04-17 13:40:42,255 simple_logger.py log_once [line:28] INFO mean_val_accuracy             0.1125
2024-04-17 13:40:42,255 simple_logger.py log_once [line:28] INFO std_val_accuracy              0.0385
2024-04-17 13:40:42,255 simple_logger.py log_once [line:28] INFO val_loss                      2.3037
2024-04-17 13:40:42,255 simple_logger.py log_once [line:28] INFO mean_val_loss                 2.3037
2024-04-17 13:40:42,255 simple_logger.py log_once [line:28] INFO std_val_loss                  0.0036
2024-04-17 13:40:42,255 fedbase.py run [line:244] INFO Eval Time Cost:               46.0283s
2024-04-17 13:50:07,528 fedbase.py communicate [line:362] INFO Training:                     565.2564s
2024-04-17 13:53:48,446 fedbase.py run [line:251] INFO --------------Round 1--------------
2024-04-17 13:53:48,446 simple_logger.py log_once [line:14] INFO Current_time:1
2024-04-17 13:54:35,380 simple_logger.py log_once [line:28] INFO test_accuracy                 0.1959
2024-04-17 13:54:35,380 simple_logger.py log_once [line:28] INFO test_loss                     2.2223
2024-04-17 13:54:35,380 simple_logger.py log_once [line:28] INFO val_accuracy                  0.1927
2024-04-17 13:54:35,380 simple_logger.py log_once [line:28] INFO mean_val_accuracy             0.1927
2024-04-17 13:54:35,380 simple_logger.py log_once [line:28] INFO std_val_accuracy              0.0491
2024-04-17 13:54:35,380 simple_logger.py log_once [line:28] INFO val_loss                      2.2315
2024-04-17 13:54:35,380 simple_logger.py log_once [line:28] INFO mean_val_loss                 2.2315
2024-04-17 13:54:35,380 simple_logger.py log_once [line:28] INFO std_val_loss                  0.0400
2024-04-17 13:54:35,380 fedbase.py run [line:256] INFO Eval Time Cost:               46.9335s
2024-04-17 14:04:00,529 fedbase.py communicate [line:362] INFO Training:                     565.1324s
2024-04-17 14:07:44,034 fedbase.py run [line:251] INFO --------------Round 2--------------
2024-04-17 14:07:44,034 simple_logger.py log_once [line:14] INFO Current_time:2
2024-04-17 14:08:30,824 simple_logger.py log_once [line:28] INFO test_accuracy                 0.2609
2024-04-17 14:08:30,824 simple_logger.py log_once [line:28] INFO test_loss                     2.1715
2024-04-17 14:08:30,824 simple_logger.py log_once [line:28] INFO val_accuracy                  0.2482
2024-04-17 14:08:30,824 simple_logger.py log_once [line:28] INFO mean_val_accuracy             0.2482
2024-04-17 14:08:30,824 simple_logger.py log_once [line:28] INFO std_val_accuracy              0.0547
2024-04-17 14:08:30,824 simple_logger.py log_once [line:28] INFO val_loss                      2.1872
2024-04-17 14:08:30,824 simple_logger.py log_once [line:28] INFO mean_val_loss                 2.1872
2024-04-17 14:08:30,824 simple_logger.py log_once [line:28] INFO std_val_loss                  0.0440
2024-04-17 14:08:30,824 fedbase.py run [line:256] INFO Eval Time Cost:               46.7904s
2024-04-17 14:17:58,021 fedbase.py communicate [line:362] INFO Training:                     567.1807s
2024-04-17 14:21:38,807 fedbase.py run [line:251] INFO --------------Round 3--------------
2024-04-17 14:21:38,807 simple_logger.py log_once [line:14] INFO Current_time:3
2024-04-17 14:22:25,577 simple_logger.py log_once [line:28] INFO test_accuracy                 0.4155
2024-04-17 14:22:25,577 simple_logger.py log_once [line:28] INFO test_loss                     1.8922
2024-04-17 14:22:25,577 simple_logger.py log_once [line:28] INFO val_accuracy                  0.4022
2024-04-17 14:22:25,577 simple_logger.py log_once [line:28] INFO mean_val_accuracy             0.4022
2024-04-17 14:22:25,577 simple_logger.py log_once [line:28] INFO std_val_accuracy              0.0570
2024-04-17 14:22:25,577 simple_logger.py log_once [line:28] INFO val_loss                      1.9311
2024-04-17 14:22:25,577 simple_logger.py log_once [line:28] INFO mean_val_loss                 1.9311
2024-04-17 14:22:25,577 simple_logger.py log_once [line:28] INFO std_val_loss                  0.0605
2024-04-17 14:22:25,577 fedbase.py run [line:256] INFO Eval Time Cost:               46.7707s
2024-04-17 14:31:51,897 fedbase.py communicate [line:362] INFO Training:                     566.3112s
2024-04-17 14:35:33,482 fedbase.py run [line:251] INFO --------------Round 4--------------
2024-04-17 14:35:33,482 simple_logger.py log_once [line:14] INFO Current_time:4
2024-04-17 14:36:20,333 simple_logger.py log_once [line:28] INFO test_accuracy                 0.6526
2024-04-17 14:36:20,333 simple_logger.py log_once [line:28] INFO test_loss                     1.1776
2024-04-17 14:36:20,333 simple_logger.py log_once [line:28] INFO val_accuracy                  0.6496
2024-04-17 14:36:20,333 simple_logger.py log_once [line:28] INFO mean_val_accuracy             0.6496
2024-04-17 14:36:20,333 simple_logger.py log_once [line:28] INFO std_val_accuracy              0.0593
2024-04-17 14:36:20,333 simple_logger.py log_once [line:28] INFO val_loss                      1.1857
2024-04-17 14:36:20,333 simple_logger.py log_once [line:28] INFO mean_val_loss                 1.1857
2024-04-17 14:36:20,333 simple_logger.py log_once [line:28] INFO std_val_loss                  0.1100
2024-04-17 14:36:20,333 fedbase.py run [line:256] INFO Eval Time Cost:               46.8509s
2024-04-17 14:45:47,363 fedbase.py communicate [line:362] INFO Training:                     567.0142s
2024-04-17 14:49:29,614 fedbase.py run [line:251] INFO --------------Round 5--------------
2024-04-17 14:49:29,614 simple_logger.py log_once [line:14] INFO Current_time:5
2024-04-17 14:50:16,467 simple_logger.py log_once [line:28] INFO test_accuracy                 0.7672
2024-04-17 14:50:16,467 simple_logger.py log_once [line:28] INFO test_loss                     0.8097
2024-04-17 14:50:16,467 simple_logger.py log_once [line:28] INFO val_accuracy                  0.7608
2024-04-17 14:50:16,467 simple_logger.py log_once [line:28] INFO mean_val_accuracy             0.7608
2024-04-17 14:50:16,467 simple_logger.py log_once [line:28] INFO std_val_accuracy              0.0516
2024-04-17 14:50:16,467 simple_logger.py log_once [line:28] INFO val_loss                      0.8039
2024-04-17 14:50:16,467 simple_logger.py log_once [line:28] INFO mean_val_loss                 0.8039
2024-04-17 14:50:16,467 simple_logger.py log_once [line:28] INFO std_val_loss                  0.1245
2024-04-17 14:50:16,467 fedbase.py run [line:256] INFO Eval Time Cost:               46.8535s
2024-04-17 14:59:41,964 fedbase.py communicate [line:362] INFO Training:                     565.4810s
2024-04-17 15:03:24,908 fedbase.py run [line:251] INFO --------------Round 6--------------
2024-04-17 15:03:24,908 simple_logger.py log_once [line:14] INFO Current_time:6
2024-04-17 15:04:11,748 simple_logger.py log_once [line:28] INFO test_accuracy                 0.8080
2024-04-17 15:04:11,748 simple_logger.py log_once [line:28] INFO test_loss                     0.7186
2024-04-17 15:04:11,748 simple_logger.py log_once [line:28] INFO val_accuracy                  0.8085
2024-04-17 15:04:11,748 simple_logger.py log_once [line:28] INFO mean_val_accuracy             0.8085
2024-04-17 15:04:11,748 simple_logger.py log_once [line:28] INFO std_val_accuracy              0.0493
2024-04-17 15:04:11,748 simple_logger.py log_once [line:28] INFO val_loss                      0.6794
2024-04-17 15:04:11,748 simple_logger.py log_once [line:28] INFO mean_val_loss                 0.6794
2024-04-17 15:04:11,748 simple_logger.py log_once [line:28] INFO std_val_loss                  0.1616
2024-04-17 15:04:11,748 fedbase.py run [line:256] INFO Eval Time Cost:               46.8392s
2024-04-17 15:13:39,380 fedbase.py communicate [line:362] INFO Training:                     567.6166s
2024-04-17 15:17:21,859 fedbase.py run [line:251] INFO --------------Round 7--------------
2024-04-17 15:17:21,859 simple_logger.py log_once [line:14] INFO Current_time:7
2024-04-17 15:18:08,653 simple_logger.py log_once [line:28] INFO test_accuracy                 0.8291
2024-04-17 15:18:08,653 simple_logger.py log_once [line:28] INFO test_loss                     0.6751
2024-04-17 15:18:08,653 simple_logger.py log_once [line:28] INFO val_accuracy                  0.8359
2024-04-17 15:18:08,653 simple_logger.py log_once [line:28] INFO mean_val_accuracy             0.8359
2024-04-17 15:18:08,653 simple_logger.py log_once [line:28] INFO std_val_accuracy              0.0432
2024-04-17 15:18:08,653 simple_logger.py log_once [line:28] INFO val_loss                      0.6283
2024-04-17 15:18:08,653 simple_logger.py log_once [line:28] INFO mean_val_loss                 0.6283
2024-04-17 15:18:08,653 simple_logger.py log_once [line:28] INFO std_val_loss                  0.1714
2024-04-17 15:18:08,653 fedbase.py run [line:256] INFO Eval Time Cost:               46.7936s
2024-04-17 15:27:35,321 fedbase.py communicate [line:362] INFO Training:                     566.6521s
2024-04-17 15:31:16,350 fedbase.py run [line:251] INFO --------------Round 8--------------
2024-04-17 15:31:16,350 simple_logger.py log_once [line:14] INFO Current_time:8
2024-04-17 15:32:04,664 simple_logger.py log_once [line:28] INFO test_accuracy                 0.8377
2024-04-17 15:32:04,664 simple_logger.py log_once [line:28] INFO test_loss                     0.6607
2024-04-17 15:32:04,664 simple_logger.py log_once [line:28] INFO val_accuracy                  0.8466
2024-04-17 15:32:04,664 simple_logger.py log_once [line:28] INFO mean_val_accuracy             0.8466
2024-04-17 15:32:04,664 simple_logger.py log_once [line:28] INFO std_val_accuracy              0.0415
2024-04-17 15:32:04,664 simple_logger.py log_once [line:28] INFO val_loss                      0.5931
2024-04-17 15:32:04,664 simple_logger.py log_once [line:28] INFO mean_val_loss                 0.5931
2024-04-17 15:32:04,664 simple_logger.py log_once [line:28] INFO std_val_loss                  0.1750
2024-04-17 15:32:04,664 fedbase.py run [line:256] INFO Eval Time Cost:               48.3140s
2024-04-17 15:41:31,910 fedbase.py communicate [line:362] INFO Training:                     567.2466s
2024-04-17 15:45:13,950 fedbase.py run [line:251] INFO --------------Round 9--------------
2024-04-17 15:45:13,950 simple_logger.py log_once [line:14] INFO Current_time:9
2024-04-17 15:46:01,076 simple_logger.py log_once [line:28] INFO test_accuracy                 0.8471
2024-04-17 15:46:01,076 simple_logger.py log_once [line:28] INFO test_loss                     0.6519
2024-04-17 15:46:01,076 simple_logger.py log_once [line:28] INFO val_accuracy                  0.8525
2024-04-17 15:46:01,076 simple_logger.py log_once [line:28] INFO mean_val_accuracy             0.8525
2024-04-17 15:46:01,076 simple_logger.py log_once [line:28] INFO std_val_accuracy              0.0423
2024-04-17 15:46:01,076 simple_logger.py log_once [line:28] INFO val_loss                      0.5936
2024-04-17 15:46:01,076 simple_logger.py log_once [line:28] INFO mean_val_loss                 0.5936
2024-04-17 15:46:01,076 simple_logger.py log_once [line:28] INFO std_val_loss                  0.1904
2024-04-17 15:46:01,076 fedbase.py run [line:256] INFO Eval Time Cost:               47.1255s
2024-04-17 15:55:29,819 fedbase.py communicate [line:362] INFO Training:                     568.7273s
2024-04-17 15:59:10,718 fedbase.py run [line:251] INFO --------------Round 10--------------
2024-04-17 15:59:10,718 simple_logger.py log_once [line:14] INFO Current_time:10
2024-04-17 15:59:57,545 simple_logger.py log_once [line:28] INFO test_accuracy                 0.8526
2024-04-17 15:59:57,545 simple_logger.py log_once [line:28] INFO test_loss                     0.6480
2024-04-17 15:59:57,545 simple_logger.py log_once [line:28] INFO val_accuracy                  0.8586
2024-04-17 15:59:57,545 simple_logger.py log_once [line:28] INFO mean_val_accuracy             0.8586
2024-04-17 15:59:57,545 simple_logger.py log_once [line:28] INFO std_val_accuracy              0.0399
2024-04-17 15:59:57,545 simple_logger.py log_once [line:28] INFO val_loss                      0.5868
2024-04-17 15:59:57,545 simple_logger.py log_once [line:28] INFO mean_val_loss                 0.5868
2024-04-17 15:59:57,545 simple_logger.py log_once [line:28] INFO std_val_loss                  0.2006
2024-04-17 15:59:57,545 fedbase.py run [line:256] INFO Eval Time Cost:               46.8274s
2024-04-17 16:09:25,606 fedbase.py communicate [line:362] INFO Training:                     568.0610s
2024-04-17 16:13:06,207 fedbase.py run [line:251] INFO --------------Round 11--------------
2024-04-17 16:13:06,207 simple_logger.py log_once [line:14] INFO Current_time:11
2024-04-17 16:13:53,046 simple_logger.py log_once [line:28] INFO test_accuracy                 0.8576
2024-04-17 16:13:53,046 simple_logger.py log_once [line:28] INFO test_loss                     0.6531
2024-04-17 16:13:53,046 simple_logger.py log_once [line:28] INFO val_accuracy                  0.8611
2024-04-17 16:13:53,046 simple_logger.py log_once [line:28] INFO mean_val_accuracy             0.8611
2024-04-17 16:13:53,046 simple_logger.py log_once [line:28] INFO std_val_accuracy              0.0370
2024-04-17 16:13:53,046 simple_logger.py log_once [line:28] INFO val_loss                      0.5939
2024-04-17 16:13:53,046 simple_logger.py log_once [line:28] INFO mean_val_loss                 0.5939
2024-04-17 16:13:53,046 simple_logger.py log_once [line:28] INFO std_val_loss                  0.2078
2024-04-17 16:13:53,046 fedbase.py run [line:256] INFO Eval Time Cost:               46.8387s
2024-04-17 16:23:22,381 fedbase.py communicate [line:362] INFO Training:                     569.3357s
2024-04-17 16:27:03,604 fedbase.py run [line:251] INFO --------------Round 12--------------
2024-04-17 16:27:03,604 simple_logger.py log_once [line:14] INFO Current_time:12
2024-04-17 16:27:50,331 simple_logger.py log_once [line:28] INFO test_accuracy                 0.8592
2024-04-17 16:27:50,331 simple_logger.py log_once [line:28] INFO test_loss                     0.6181
2024-04-17 16:27:50,331 simple_logger.py log_once [line:28] INFO val_accuracy                  0.8674
2024-04-17 16:27:50,331 simple_logger.py log_once [line:28] INFO mean_val_accuracy             0.8674
2024-04-17 16:27:50,331 simple_logger.py log_once [line:28] INFO std_val_accuracy              0.0367
2024-04-17 16:27:50,331 simple_logger.py log_once [line:28] INFO val_loss                      0.5588
2024-04-17 16:27:50,331 simple_logger.py log_once [line:28] INFO mean_val_loss                 0.5588
2024-04-17 16:27:50,331 simple_logger.py log_once [line:28] INFO std_val_loss                  0.1998
2024-04-17 16:27:50,331 fedbase.py run [line:256] INFO Eval Time Cost:               46.7270s
2024-04-17 16:37:18,362 fedbase.py communicate [line:362] INFO Training:                     568.0308s
2024-04-17 16:40:59,169 fedbase.py run [line:251] INFO --------------Round 13--------------
2024-04-17 16:40:59,169 simple_logger.py log_once [line:14] INFO Current_time:13
2024-04-17 16:41:45,976 simple_logger.py log_once [line:28] INFO test_accuracy                 0.8607
2024-04-17 16:41:45,976 simple_logger.py log_once [line:28] INFO test_loss                     0.6365
2024-04-17 16:41:45,976 simple_logger.py log_once [line:28] INFO val_accuracy                  0.8692
2024-04-17 16:41:45,976 simple_logger.py log_once [line:28] INFO mean_val_accuracy             0.8692
2024-04-17 16:41:45,976 simple_logger.py log_once [line:28] INFO std_val_accuracy              0.0384
2024-04-17 16:41:45,976 simple_logger.py log_once [line:28] INFO val_loss                      0.5735
2024-04-17 16:41:45,976 simple_logger.py log_once [line:28] INFO mean_val_loss                 0.5735
2024-04-17 16:41:45,976 simple_logger.py log_once [line:28] INFO std_val_loss                  0.2167
2024-04-17 16:41:45,976 fedbase.py run [line:256] INFO Eval Time Cost:               46.8073s
2024-04-17 16:51:15,361 fedbase.py communicate [line:362] INFO Training:                     569.3849s
2024-04-17 16:54:56,345 fedbase.py run [line:251] INFO --------------Round 14--------------
2024-04-17 16:54:56,345 simple_logger.py log_once [line:14] INFO Current_time:14
2024-04-17 16:55:42,949 simple_logger.py log_once [line:28] INFO test_accuracy                 0.8654
2024-04-17 16:55:42,949 simple_logger.py log_once [line:28] INFO test_loss                     0.6033
2024-04-17 16:55:42,949 simple_logger.py log_once [line:28] INFO val_accuracy                  0.8730
2024-04-17 16:55:42,949 simple_logger.py log_once [line:28] INFO mean_val_accuracy             0.8730
2024-04-17 16:55:42,949 simple_logger.py log_once [line:28] INFO std_val_accuracy              0.0397
2024-04-17 16:55:42,949 simple_logger.py log_once [line:28] INFO val_loss                      0.5456
2024-04-17 16:55:42,949 simple_logger.py log_once [line:28] INFO mean_val_loss                 0.5456
2024-04-17 16:55:42,949 simple_logger.py log_once [line:28] INFO std_val_loss                  0.2095
2024-04-17 16:55:42,949 fedbase.py run [line:256] INFO Eval Time Cost:               46.6039s
2024-04-17 17:05:10,193 fedbase.py communicate [line:362] INFO Training:                     567.2439s
2024-04-17 17:08:49,416 fedbase.py run [line:251] INFO --------------Round 15--------------
2024-04-17 17:08:49,416 simple_logger.py log_once [line:14] INFO Current_time:15
2024-04-17 17:09:36,351 simple_logger.py log_once [line:28] INFO test_accuracy                 0.8667
2024-04-17 17:09:36,351 simple_logger.py log_once [line:28] INFO test_loss                     0.6223
2024-04-17 17:09:36,351 simple_logger.py log_once [line:28] INFO val_accuracy                  0.8769
2024-04-17 17:09:36,351 simple_logger.py log_once [line:28] INFO mean_val_accuracy             0.8768
2024-04-17 17:09:36,351 simple_logger.py log_once [line:28] INFO std_val_accuracy              0.0373
2024-04-17 17:09:36,351 simple_logger.py log_once [line:28] INFO val_loss                      0.5480
2024-04-17 17:09:36,351 simple_logger.py log_once [line:28] INFO mean_val_loss                 0.5480
2024-04-17 17:09:36,351 simple_logger.py log_once [line:28] INFO std_val_loss                  0.2170
2024-04-17 17:09:36,351 fedbase.py run [line:256] INFO Eval Time Cost:               46.9351s
2024-04-17 17:09:36,367 fedbase.py run [line:263] INFO =================End==================
2024-04-17 17:09:36,367 fedbase.py run [line:264] INFO Total Time Cost:              12580.1399s
