2024-04-17 08:49:40,550 fflow.py init [line:635] INFO PROCESS ID:	4732
2024-04-17 08:49:40,550 fflow.py init [line:636] INFO Initializing devices: cuda:0 will be used for this running.
2024-04-17 08:49:40,550 fflow.py init [line:639] INFO BENCHMARK:	test_svhn.svhn_classification
2024-04-17 08:49:40,550 fflow.py init [line:640] INFO TASK:			./svhn_HEDP
2024-04-17 08:49:40,559 fflow.py init [line:641] INFO MODEL:		test_svhn.svhn_classification.model.default_model
2024-04-17 08:49:40,559 fflow.py init [line:642] INFO ALGORITHM:	PPFL_HEDP
2024-04-17 08:49:40,573 fflow.py init [line:681] INFO SCENE:		horizontal FL with 1 <class 'HEDP.Server'>, 100 <class 'HEDP.Client'>
2024-04-17 08:49:40,873 fflow.py init [line:698] INFO SIMULATOR:	<class 'flgo.simulator.default_simulator.Simulator'>
2024-04-17 08:50:27,277 fflow.py init [line:711] INFO Ready to start.
2024-04-17 17:09:36,367 fedbase.py _load_checkpoint [line:719] INFO Failed to load checkpoint due to [WinError 3] 系统找不到指定的路径。: './svhn_HEDP\\checkpoint\\4'
2024-04-17 17:09:36,367 fedbase.py run [line:241] INFO --------------Initial Evaluation--------------
2024-04-17 17:09:36,367 simple_logger.py log_once [line:14] INFO Current_time:0
2024-04-17 17:10:22,719 simple_logger.py log_once [line:28] INFO test_accuracy                 0.1110
2024-04-17 17:10:22,719 simple_logger.py log_once [line:28] INFO test_loss                     2.3044
2024-04-17 17:10:22,719 simple_logger.py log_once [line:28] INFO val_accuracy                  0.1125
2024-04-17 17:10:22,719 simple_logger.py log_once [line:28] INFO mean_val_accuracy             0.1125
2024-04-17 17:10:22,719 simple_logger.py log_once [line:28] INFO std_val_accuracy              0.0385
2024-04-17 17:10:22,719 simple_logger.py log_once [line:28] INFO val_loss                      2.3037
2024-04-17 17:10:22,719 simple_logger.py log_once [line:28] INFO mean_val_loss                 2.3037
2024-04-17 17:10:22,719 simple_logger.py log_once [line:28] INFO std_val_loss                  0.0036
2024-04-17 17:10:22,719 fedbase.py run [line:244] INFO Eval Time Cost:               46.3520s
2024-04-17 17:19:56,207 fedbase.py communicate [line:362] INFO Training:                     573.4732s
2024-04-17 17:23:40,980 fedbase.py run [line:251] INFO --------------Round 1--------------
2024-04-17 17:23:40,980 simple_logger.py log_once [line:14] INFO Current_time:1
2024-04-17 17:24:28,324 simple_logger.py log_once [line:28] INFO test_accuracy                 0.1959
2024-04-17 17:24:28,340 simple_logger.py log_once [line:28] INFO test_loss                     2.2224
2024-04-17 17:24:28,340 simple_logger.py log_once [line:28] INFO val_accuracy                  0.1927
2024-04-17 17:24:28,340 simple_logger.py log_once [line:28] INFO mean_val_accuracy             0.1927
2024-04-17 17:24:28,340 simple_logger.py log_once [line:28] INFO std_val_accuracy              0.0491
2024-04-17 17:24:28,340 simple_logger.py log_once [line:28] INFO val_loss                      2.2315
2024-04-17 17:24:28,340 simple_logger.py log_once [line:28] INFO mean_val_loss                 2.2315
2024-04-17 17:24:28,340 simple_logger.py log_once [line:28] INFO std_val_loss                  0.0398
2024-04-17 17:24:28,340 fedbase.py run [line:256] INFO Eval Time Cost:               47.3601s
2024-04-17 17:34:02,161 fedbase.py communicate [line:362] INFO Training:                     573.8116s
2024-04-17 17:37:45,080 fedbase.py run [line:251] INFO --------------Round 2--------------
2024-04-17 17:37:45,080 simple_logger.py log_once [line:14] INFO Current_time:2
2024-04-17 17:38:32,476 simple_logger.py log_once [line:28] INFO test_accuracy                 0.2408
2024-04-17 17:38:32,476 simple_logger.py log_once [line:28] INFO test_loss                     2.1687
2024-04-17 17:38:32,476 simple_logger.py log_once [line:28] INFO val_accuracy                  0.2277
2024-04-17 17:38:32,476 simple_logger.py log_once [line:28] INFO mean_val_accuracy             0.2277
2024-04-17 17:38:32,476 simple_logger.py log_once [line:28] INFO std_val_accuracy              0.0529
2024-04-17 17:38:32,476 simple_logger.py log_once [line:28] INFO val_loss                      2.1856
2024-04-17 17:38:32,476 simple_logger.py log_once [line:28] INFO mean_val_loss                 2.1856
2024-04-17 17:38:32,476 simple_logger.py log_once [line:28] INFO std_val_loss                  0.0527
2024-04-17 17:38:32,476 fedbase.py run [line:256] INFO Eval Time Cost:               47.3965s
2024-04-17 17:48:12,447 fedbase.py communicate [line:362] INFO Training:                     579.9556s
2024-04-17 17:51:55,491 fedbase.py run [line:251] INFO --------------Round 3--------------
2024-04-17 17:51:55,491 simple_logger.py log_once [line:14] INFO Current_time:3
2024-04-17 17:52:42,570 simple_logger.py log_once [line:28] INFO test_accuracy                 0.4276
2024-04-17 17:52:42,570 simple_logger.py log_once [line:28] INFO test_loss                     1.8728
2024-04-17 17:52:42,570 simple_logger.py log_once [line:28] INFO val_accuracy                  0.4196
2024-04-17 17:52:42,570 simple_logger.py log_once [line:28] INFO mean_val_accuracy             0.4196
2024-04-17 17:52:42,570 simple_logger.py log_once [line:28] INFO std_val_accuracy              0.0561
2024-04-17 17:52:42,570 simple_logger.py log_once [line:28] INFO val_loss                      1.9122
2024-04-17 17:52:42,570 simple_logger.py log_once [line:28] INFO mean_val_loss                 1.9122
2024-04-17 17:52:42,570 simple_logger.py log_once [line:28] INFO std_val_loss                  0.0664
2024-04-17 17:52:42,570 fedbase.py run [line:256] INFO Eval Time Cost:               47.0789s
2024-04-17 18:02:15,775 fedbase.py communicate [line:362] INFO Training:                     573.1823s
2024-04-17 18:05:58,615 fedbase.py run [line:251] INFO --------------Round 4--------------
2024-04-17 18:05:58,615 simple_logger.py log_once [line:14] INFO Current_time:4
2024-04-17 18:06:46,869 simple_logger.py log_once [line:28] INFO test_accuracy                 0.6367
2024-04-17 18:06:46,869 simple_logger.py log_once [line:28] INFO test_loss                     1.3483
2024-04-17 18:06:46,869 simple_logger.py log_once [line:28] INFO val_accuracy                  0.6147
2024-04-17 18:06:46,869 simple_logger.py log_once [line:28] INFO mean_val_accuracy             0.6147
2024-04-17 18:06:46,869 simple_logger.py log_once [line:28] INFO std_val_accuracy              0.0624
2024-04-17 18:06:46,869 simple_logger.py log_once [line:28] INFO val_loss                      1.3812
2024-04-17 18:06:46,869 simple_logger.py log_once [line:28] INFO mean_val_loss                 1.3812
2024-04-17 18:06:46,869 simple_logger.py log_once [line:28] INFO std_val_loss                  0.1001
2024-04-17 18:06:46,869 fedbase.py run [line:256] INFO Eval Time Cost:               48.2542s
2024-04-17 18:16:21,196 fedbase.py communicate [line:362] INFO Training:                     574.3113s
2024-04-17 18:20:05,051 fedbase.py run [line:251] INFO --------------Round 5--------------
2024-04-17 18:20:05,051 simple_logger.py log_once [line:14] INFO Current_time:5
2024-04-17 18:20:52,590 simple_logger.py log_once [line:28] INFO test_accuracy                 0.7686
2024-04-17 18:20:52,590 simple_logger.py log_once [line:28] INFO test_loss                     0.8297
2024-04-17 18:20:52,590 simple_logger.py log_once [line:28] INFO val_accuracy                  0.7725
2024-04-17 18:20:52,590 simple_logger.py log_once [line:28] INFO mean_val_accuracy             0.7725
2024-04-17 18:20:52,590 simple_logger.py log_once [line:28] INFO std_val_accuracy              0.0544
2024-04-17 18:20:52,590 simple_logger.py log_once [line:28] INFO val_loss                      0.8104
2024-04-17 18:20:52,590 simple_logger.py log_once [line:28] INFO mean_val_loss                 0.8104
2024-04-17 18:20:52,590 simple_logger.py log_once [line:28] INFO std_val_loss                  0.1279
2024-04-17 18:20:52,590 fedbase.py run [line:256] INFO Eval Time Cost:               47.5398s
2024-04-17 18:30:26,558 fedbase.py communicate [line:362] INFO Training:                     573.9674s
2024-04-17 18:34:10,444 fedbase.py run [line:251] INFO --------------Round 6--------------
2024-04-17 18:34:10,444 simple_logger.py log_once [line:14] INFO Current_time:6
2024-04-17 18:34:57,377 simple_logger.py log_once [line:28] INFO test_accuracy                 0.8011
2024-04-17 18:34:57,377 simple_logger.py log_once [line:28] INFO test_loss                     0.7240
2024-04-17 18:34:57,377 simple_logger.py log_once [line:28] INFO val_accuracy                  0.8114
2024-04-17 18:34:57,377 simple_logger.py log_once [line:28] INFO mean_val_accuracy             0.8114
2024-04-17 18:34:57,377 simple_logger.py log_once [line:28] INFO std_val_accuracy              0.0517
2024-04-17 18:34:57,379 simple_logger.py log_once [line:28] INFO val_loss                      0.6732
2024-04-17 18:34:57,379 simple_logger.py log_once [line:28] INFO mean_val_loss                 0.6732
2024-04-17 18:34:57,379 simple_logger.py log_once [line:28] INFO std_val_loss                  0.1519
2024-04-17 18:34:57,379 fedbase.py run [line:256] INFO Eval Time Cost:               46.9349s
2024-04-17 18:44:29,880 fedbase.py communicate [line:362] INFO Training:                     572.5016s
2024-04-17 18:48:14,470 fedbase.py run [line:251] INFO --------------Round 7--------------
2024-04-17 18:48:14,470 simple_logger.py log_once [line:14] INFO Current_time:7
2024-04-17 18:49:01,744 simple_logger.py log_once [line:28] INFO test_accuracy                 0.8225
2024-04-17 18:49:01,744 simple_logger.py log_once [line:28] INFO test_loss                     0.6773
2024-04-17 18:49:01,744 simple_logger.py log_once [line:28] INFO val_accuracy                  0.8278
2024-04-17 18:49:01,744 simple_logger.py log_once [line:28] INFO mean_val_accuracy             0.8278
2024-04-17 18:49:01,744 simple_logger.py log_once [line:28] INFO std_val_accuracy              0.0433
2024-04-17 18:49:01,744 simple_logger.py log_once [line:28] INFO val_loss                      0.6364
2024-04-17 18:49:01,744 simple_logger.py log_once [line:28] INFO mean_val_loss                 0.6364
2024-04-17 18:49:01,744 simple_logger.py log_once [line:28] INFO std_val_loss                  0.1655
2024-04-17 18:49:01,744 fedbase.py run [line:256] INFO Eval Time Cost:               47.2740s
2024-04-17 18:58:34,789 fedbase.py communicate [line:362] INFO Training:                     573.0452s
2024-04-17 19:02:18,155 fedbase.py run [line:251] INFO --------------Round 8--------------
2024-04-17 19:02:18,155 simple_logger.py log_once [line:14] INFO Current_time:8
2024-04-17 19:03:05,380 simple_logger.py log_once [line:28] INFO test_accuracy                 0.8339
2024-04-17 19:03:05,380 simple_logger.py log_once [line:28] INFO test_loss                     0.6958
2024-04-17 19:03:05,380 simple_logger.py log_once [line:28] INFO val_accuracy                  0.8473
2024-04-17 19:03:05,380 simple_logger.py log_once [line:28] INFO mean_val_accuracy             0.8473
2024-04-17 19:03:05,380 simple_logger.py log_once [line:28] INFO std_val_accuracy              0.0449
2024-04-17 19:03:05,380 simple_logger.py log_once [line:28] INFO val_loss                      0.6167
2024-04-17 19:03:05,380 simple_logger.py log_once [line:28] INFO mean_val_loss                 0.6167
2024-04-17 19:03:05,380 simple_logger.py log_once [line:28] INFO std_val_loss                  0.1873
2024-04-17 19:03:05,380 fedbase.py run [line:256] INFO Eval Time Cost:               47.2245s
2024-04-17 19:12:38,103 fedbase.py communicate [line:362] INFO Training:                     572.7076s
2024-04-17 19:16:20,773 fedbase.py run [line:251] INFO --------------Round 9--------------
2024-04-17 19:16:20,773 simple_logger.py log_once [line:14] INFO Current_time:9
2024-04-17 19:17:09,747 simple_logger.py log_once [line:28] INFO test_accuracy                 0.8457
2024-04-17 19:17:09,747 simple_logger.py log_once [line:28] INFO test_loss                     0.6594
2024-04-17 19:17:09,747 simple_logger.py log_once [line:28] INFO val_accuracy                  0.8530
2024-04-17 19:17:09,747 simple_logger.py log_once [line:28] INFO mean_val_accuracy             0.8530
2024-04-17 19:17:09,747 simple_logger.py log_once [line:28] INFO std_val_accuracy              0.0420
2024-04-17 19:17:09,747 simple_logger.py log_once [line:28] INFO val_loss                      0.5969
2024-04-17 19:17:09,747 simple_logger.py log_once [line:28] INFO mean_val_loss                 0.5969
2024-04-17 19:17:09,747 simple_logger.py log_once [line:28] INFO std_val_loss                  0.1885
2024-04-17 19:17:09,747 fedbase.py run [line:256] INFO Eval Time Cost:               48.9743s
2024-04-17 19:26:43,568 fedbase.py communicate [line:362] INFO Training:                     573.8204s
2024-04-17 19:30:26,017 fedbase.py run [line:251] INFO --------------Round 10--------------
2024-04-17 19:30:26,017 simple_logger.py log_once [line:14] INFO Current_time:10
2024-04-17 19:31:13,294 simple_logger.py log_once [line:28] INFO test_accuracy                 0.8507
2024-04-17 19:31:13,294 simple_logger.py log_once [line:28] INFO test_loss                     0.6306
2024-04-17 19:31:13,294 simple_logger.py log_once [line:28] INFO val_accuracy                  0.8599
2024-04-17 19:31:13,294 simple_logger.py log_once [line:28] INFO mean_val_accuracy             0.8599
2024-04-17 19:31:13,294 simple_logger.py log_once [line:28] INFO std_val_accuracy              0.0414
2024-04-17 19:31:13,294 simple_logger.py log_once [line:28] INFO val_loss                      0.5724
2024-04-17 19:31:13,294 simple_logger.py log_once [line:28] INFO mean_val_loss                 0.5724
2024-04-17 19:31:13,294 simple_logger.py log_once [line:28] INFO std_val_loss                  0.1921
2024-04-17 19:31:13,294 fedbase.py run [line:256] INFO Eval Time Cost:               47.2764s
2024-04-17 19:41:23,024 fedbase.py communicate [line:362] INFO Training:                     609.7164s
2024-04-17 19:46:58,881 fedbase.py run [line:251] INFO --------------Round 11--------------
2024-04-17 19:46:58,881 simple_logger.py log_once [line:14] INFO Current_time:11
2024-04-17 19:48:07,073 simple_logger.py log_once [line:28] INFO test_accuracy                 0.8580
2024-04-17 19:48:07,073 simple_logger.py log_once [line:28] INFO test_loss                     0.6452
2024-04-17 19:48:07,073 simple_logger.py log_once [line:28] INFO val_accuracy                  0.8648
2024-04-17 19:48:07,073 simple_logger.py log_once [line:28] INFO mean_val_accuracy             0.8648
2024-04-17 19:48:07,073 simple_logger.py log_once [line:28] INFO std_val_accuracy              0.0368
2024-04-17 19:48:07,073 simple_logger.py log_once [line:28] INFO val_loss                      0.5950
2024-04-17 19:48:07,073 simple_logger.py log_once [line:28] INFO mean_val_loss                 0.5950
2024-04-17 19:48:07,073 simple_logger.py log_once [line:28] INFO std_val_loss                  0.2097
2024-04-17 19:48:07,073 fedbase.py run [line:256] INFO Eval Time Cost:               68.1920s
2024-04-17 20:02:32,432 fedbase.py communicate [line:362] INFO Training:                     865.3424s
2024-04-17 20:07:54,815 fedbase.py run [line:251] INFO --------------Round 12--------------
2024-04-17 20:07:54,816 simple_logger.py log_once [line:14] INFO Current_time:12
2024-04-17 20:08:58,734 simple_logger.py log_once [line:28] INFO test_accuracy                 0.8586
2024-04-17 20:08:58,734 simple_logger.py log_once [line:28] INFO test_loss                     0.6402
2024-04-17 20:08:58,734 simple_logger.py log_once [line:28] INFO val_accuracy                  0.8668
2024-04-17 20:08:58,734 simple_logger.py log_once [line:28] INFO mean_val_accuracy             0.8668
2024-04-17 20:08:58,735 simple_logger.py log_once [line:28] INFO std_val_accuracy              0.0387
2024-04-17 20:08:58,735 simple_logger.py log_once [line:28] INFO val_loss                      0.5727
2024-04-17 20:08:58,735 simple_logger.py log_once [line:28] INFO mean_val_loss                 0.5727
2024-04-17 20:08:58,735 simple_logger.py log_once [line:28] INFO std_val_loss                  0.2074
2024-04-17 20:08:58,736 fedbase.py run [line:256] INFO Eval Time Cost:               63.9199s
2024-04-17 20:22:13,315 fedbase.py communicate [line:362] INFO Training:                     794.5626s
2024-04-17 20:27:25,414 fedbase.py run [line:251] INFO --------------Round 13--------------
2024-04-17 20:27:25,415 simple_logger.py log_once [line:14] INFO Current_time:13
2024-04-17 20:28:15,845 simple_logger.py log_once [line:28] INFO test_accuracy                 0.8568
2024-04-17 20:28:15,845 simple_logger.py log_once [line:28] INFO test_loss                     0.6346
2024-04-17 20:28:15,845 simple_logger.py log_once [line:28] INFO val_accuracy                  0.8667
2024-04-17 20:28:15,845 simple_logger.py log_once [line:28] INFO mean_val_accuracy             0.8667
2024-04-17 20:28:15,845 simple_logger.py log_once [line:28] INFO std_val_accuracy              0.0378
2024-04-17 20:28:15,845 simple_logger.py log_once [line:28] INFO val_loss                      0.5599
2024-04-17 20:28:15,845 simple_logger.py log_once [line:28] INFO mean_val_loss                 0.5599
2024-04-17 20:28:15,845 simple_logger.py log_once [line:28] INFO std_val_loss                  0.2006
2024-04-17 20:28:15,845 fedbase.py run [line:256] INFO Eval Time Cost:               50.4300s
2024-04-17 20:40:29,670 fedbase.py communicate [line:362] INFO Training:                     733.8248s
2024-04-17 20:44:14,098 fedbase.py run [line:251] INFO --------------Round 14--------------
2024-04-17 20:44:14,098 simple_logger.py log_once [line:14] INFO Current_time:14
2024-04-17 20:45:00,858 simple_logger.py log_once [line:28] INFO test_accuracy                 0.8659
2024-04-17 20:45:00,858 simple_logger.py log_once [line:28] INFO test_loss                     0.6035
2024-04-17 20:45:00,858 simple_logger.py log_once [line:28] INFO val_accuracy                  0.8732
2024-04-17 20:45:00,858 simple_logger.py log_once [line:28] INFO mean_val_accuracy             0.8732
2024-04-17 20:45:00,858 simple_logger.py log_once [line:28] INFO std_val_accuracy              0.0380
2024-04-17 20:45:00,858 simple_logger.py log_once [line:28] INFO val_loss                      0.5470
2024-04-17 20:45:00,858 simple_logger.py log_once [line:28] INFO mean_val_loss                 0.5470
2024-04-17 20:45:00,858 simple_logger.py log_once [line:28] INFO std_val_loss                  0.2086
2024-04-17 20:45:00,858 fedbase.py run [line:256] INFO Eval Time Cost:               46.7602s
2024-04-17 20:54:31,421 fedbase.py communicate [line:362] INFO Training:                     570.5627s
2024-04-17 20:58:10,345 fedbase.py run [line:251] INFO --------------Round 15--------------
2024-04-17 20:58:10,345 simple_logger.py log_once [line:14] INFO Current_time:15
2024-04-17 20:58:57,405 simple_logger.py log_once [line:28] INFO test_accuracy                 0.8654
2024-04-17 20:58:57,405 simple_logger.py log_once [line:28] INFO test_loss                     0.6061
2024-04-17 20:58:57,405 simple_logger.py log_once [line:28] INFO val_accuracy                  0.8781
2024-04-17 20:58:57,405 simple_logger.py log_once [line:28] INFO mean_val_accuracy             0.8781
2024-04-17 20:58:57,405 simple_logger.py log_once [line:28] INFO std_val_accuracy              0.0368
2024-04-17 20:58:57,405 simple_logger.py log_once [line:28] INFO val_loss                      0.5357
2024-04-17 20:58:57,405 simple_logger.py log_once [line:28] INFO mean_val_loss                 0.5357
2024-04-17 20:58:57,405 simple_logger.py log_once [line:28] INFO std_val_loss                  0.2081
2024-04-17 20:58:57,405 fedbase.py run [line:256] INFO Eval Time Cost:               47.0599s
2024-04-17 20:58:57,421 fedbase.py run [line:263] INFO =================End==================
2024-04-17 20:58:57,421 fedbase.py run [line:264] INFO Total Time Cost:              13761.0539s
