2024-04-18 11:00:00,368 fflow.py init [line:635] INFO PROCESS ID:	19004
2024-04-18 11:00:00,368 fflow.py init [line:636] INFO Initializing devices: cuda:0 will be used for this running.
2024-04-18 11:00:00,368 fflow.py init [line:639] INFO BENCHMARK:	test_svhn.svhn_classification
2024-04-18 11:00:00,368 fflow.py init [line:640] INFO TASK:			./svhn_HEDP
2024-04-18 11:00:00,368 fflow.py init [line:641] INFO MODEL:		test_svhn.svhn_classification.model.default_model
2024-04-18 11:00:00,368 fflow.py init [line:642] INFO ALGORITHM:	PPFL_HEDP
2024-04-18 11:00:00,368 fflow.py init [line:681] INFO SCENE:		horizontal FL with 1 <class 'HEDP.Server'>, 100 <class 'HEDP.Client'>
2024-04-18 11:00:00,399 fflow.py init [line:698] INFO SIMULATOR:	<class 'flgo.simulator.default_simulator.Simulator'>
2024-04-18 11:00:39,451 fflow.py init [line:711] INFO Ready to start.
2024-04-18 11:02:02,045 fedbase.py _load_checkpoint [line:714] INFO Loading checkpoint PPFL_HEDP_epsilon50_Mdefault_model_R15_B64.0_E5_LR1.00e-01_P1.00e-01_S0_LD-2.00e-03_WD0.00e+00_SIMSimulator_AVLIDL_CNIDL_CPIDL_RSIDL_LGSimpleLogger at round 10...
2024-04-18 11:14:29,359 fedbase.py communicate [line:362] INFO Training:                     747.3141s
2024-04-18 11:19:09,766 fedbase.py run [line:251] INFO --------------Round 11--------------
2024-04-18 11:19:09,766 simple_logger.py log_once [line:14] INFO Current_time:11
2024-04-18 11:20:03,246 simple_logger.py log_once [line:28] INFO test_accuracy                 0.1959
2024-04-18 11:20:03,246 simple_logger.py log_once [line:28] INFO test_loss                     2.2214
2024-04-18 11:20:03,246 simple_logger.py log_once [line:28] INFO val_accuracy                  0.1927
2024-04-18 11:20:03,246 simple_logger.py log_once [line:28] INFO mean_val_accuracy             0.1927
2024-04-18 11:20:03,246 simple_logger.py log_once [line:28] INFO std_val_accuracy              0.0491
2024-04-18 11:20:03,246 simple_logger.py log_once [line:28] INFO val_loss                      2.2308
2024-04-18 11:20:03,246 simple_logger.py log_once [line:28] INFO mean_val_loss                 2.2308
2024-04-18 11:20:03,246 simple_logger.py log_once [line:28] INFO std_val_loss                  0.0422
2024-04-18 11:20:03,246 fedbase.py run [line:256] INFO Eval Time Cost:               53.4801s
