2024-04-16 14:10:33,321 fflow.py init [line:635] INFO PROCESS ID:	12940
2024-04-16 14:10:33,321 fflow.py init [line:636] INFO Initializing devices: cuda:0 will be used for this running.
2024-04-16 14:10:33,321 fflow.py init [line:639] INFO BENCHMARK:	svhn_classification
2024-04-16 14:10:33,321 fflow.py init [line:640] INFO TASK:			./svhn_DP
2024-04-16 14:10:33,321 fflow.py init [line:641] INFO MODEL:		svhn_classification.model.default_model
2024-04-16 14:10:33,321 fflow.py init [line:642] INFO ALGORITHM:	PPFL_DP
2024-04-16 14:10:33,337 fflow.py init [line:681] INFO SCENE:		horizontal FL with 1 <class 'DP.Server'>, 100 <class 'DP.Client'>
2024-04-16 14:10:33,353 fflow.py init [line:698] INFO SIMULATOR:	<class 'flgo.simulator.default_simulator.Simulator'>
2024-04-16 14:10:33,353 fflow.py init [line:711] INFO Ready to start.
2024-04-16 14:53:47,007 fedbase.py _load_checkpoint [line:719] INFO Failed to load checkpoint due to [WinError 3] 系统找不到指定的路径。: './svhn_DP\\checkpoint\\6'
2024-04-16 14:53:47,007 fedbase.py run [line:241] INFO --------------Initial Evaluation--------------
2024-04-16 14:53:47,007 simple_logger.py log_once [line:14] INFO Current_time:0
2024-04-16 14:53:56,053 simple_logger.py log_once [line:28] INFO test_accuracy                 0.1110
2024-04-16 14:53:56,053 simple_logger.py log_once [line:28] INFO test_loss                     2.3044
2024-04-16 14:53:56,053 simple_logger.py log_once [line:28] INFO val_accuracy                  0.1125
2024-04-16 14:53:56,053 simple_logger.py log_once [line:28] INFO mean_val_accuracy             0.1125
2024-04-16 14:53:56,053 simple_logger.py log_once [line:28] INFO std_val_accuracy              0.0385
2024-04-16 14:53:56,053 simple_logger.py log_once [line:28] INFO val_loss                      2.3037
2024-04-16 14:53:56,053 simple_logger.py log_once [line:28] INFO mean_val_loss                 2.3037
2024-04-16 14:53:56,053 simple_logger.py log_once [line:28] INFO std_val_loss                  0.0036
2024-04-16 14:53:56,053 fedbase.py run [line:244] INFO Eval Time Cost:               9.0455s
2024-04-16 14:54:12,400 fedbase.py communicate [line:362] INFO Training:                     16.3468s
2024-04-16 14:54:12,494 fedbase.py run [line:251] INFO --------------Round 1--------------
2024-04-16 14:54:12,494 simple_logger.py log_once [line:14] INFO Current_time:1
2024-04-16 14:54:21,573 simple_logger.py log_once [line:28] INFO test_accuracy                 0.1959
2024-04-16 14:54:21,573 simple_logger.py log_once [line:28] INFO test_loss                     2.2227
2024-04-16 14:54:21,573 simple_logger.py log_once [line:28] INFO val_accuracy                  0.1927
2024-04-16 14:54:21,573 simple_logger.py log_once [line:28] INFO mean_val_accuracy             0.1927
2024-04-16 14:54:21,573 simple_logger.py log_once [line:28] INFO std_val_accuracy              0.0491
2024-04-16 14:54:21,573 simple_logger.py log_once [line:28] INFO val_loss                      2.2328
2024-04-16 14:54:21,573 simple_logger.py log_once [line:28] INFO mean_val_loss                 2.2328
2024-04-16 14:54:21,573 simple_logger.py log_once [line:28] INFO std_val_loss                  0.0381
2024-04-16 14:54:21,573 fedbase.py run [line:256] INFO Eval Time Cost:               9.0793s
2024-04-16 14:54:37,831 fedbase.py communicate [line:362] INFO Training:                     16.2419s
2024-04-16 14:54:38,004 fedbase.py run [line:251] INFO --------------Round 2--------------
2024-04-16 14:54:38,004 simple_logger.py log_once [line:14] INFO Current_time:2
2024-04-16 14:54:47,105 simple_logger.py log_once [line:28] INFO test_accuracy                 0.1962
2024-04-16 14:54:47,105 simple_logger.py log_once [line:28] INFO test_loss                     2.1763
2024-04-16 14:54:47,105 simple_logger.py log_once [line:28] INFO val_accuracy                  0.1934
2024-04-16 14:54:47,105 simple_logger.py log_once [line:28] INFO mean_val_accuracy             0.1934
2024-04-16 14:54:47,105 simple_logger.py log_once [line:28] INFO std_val_accuracy              0.0492
2024-04-16 14:54:47,105 simple_logger.py log_once [line:28] INFO val_loss                      2.1902
2024-04-16 14:54:47,105 simple_logger.py log_once [line:28] INFO mean_val_loss                 2.1902
2024-04-16 14:54:47,105 simple_logger.py log_once [line:28] INFO std_val_loss                  0.0509
2024-04-16 14:54:47,105 fedbase.py run [line:256] INFO Eval Time Cost:               9.1016s
2024-04-16 14:55:03,386 fedbase.py communicate [line:362] INFO Training:                     16.2647s
2024-04-16 14:55:03,481 fedbase.py run [line:251] INFO --------------Round 3--------------
2024-04-16 14:55:03,481 simple_logger.py log_once [line:14] INFO Current_time:3
2024-04-16 14:55:12,456 simple_logger.py log_once [line:28] INFO test_accuracy                 0.4105
2024-04-16 14:55:12,456 simple_logger.py log_once [line:28] INFO test_loss                     1.9848
2024-04-16 14:55:12,456 simple_logger.py log_once [line:28] INFO val_accuracy                  0.3937
2024-04-16 14:55:12,456 simple_logger.py log_once [line:28] INFO mean_val_accuracy             0.3937
2024-04-16 14:55:12,456 simple_logger.py log_once [line:28] INFO std_val_accuracy              0.0547
2024-04-16 14:55:12,456 simple_logger.py log_once [line:28] INFO val_loss                      2.0202
2024-04-16 14:55:12,456 simple_logger.py log_once [line:28] INFO mean_val_loss                 2.0202
2024-04-16 14:55:12,456 simple_logger.py log_once [line:28] INFO std_val_loss                  0.0473
2024-04-16 14:55:12,456 fedbase.py run [line:256] INFO Eval Time Cost:               8.9745s
2024-04-16 14:55:28,783 fedbase.py communicate [line:362] INFO Training:                     16.3115s
2024-04-16 14:55:28,878 fedbase.py run [line:251] INFO --------------Round 4--------------
2024-04-16 14:55:28,878 simple_logger.py log_once [line:14] INFO Current_time:4
2024-04-16 14:55:37,921 simple_logger.py log_once [line:28] INFO test_accuracy                 0.6393
2024-04-16 14:55:37,921 simple_logger.py log_once [line:28] INFO test_loss                     1.3310
2024-04-16 14:55:37,921 simple_logger.py log_once [line:28] INFO val_accuracy                  0.6441
2024-04-16 14:55:37,921 simple_logger.py log_once [line:28] INFO mean_val_accuracy             0.6441
2024-04-16 14:55:37,921 simple_logger.py log_once [line:28] INFO std_val_accuracy              0.0539
2024-04-16 14:55:37,921 simple_logger.py log_once [line:28] INFO val_loss                      1.3431
2024-04-16 14:55:37,921 simple_logger.py log_once [line:28] INFO mean_val_loss                 1.3431
2024-04-16 14:55:37,921 simple_logger.py log_once [line:28] INFO std_val_loss                  0.0872
2024-04-16 14:55:37,921 fedbase.py run [line:256] INFO Eval Time Cost:               9.0433s
2024-04-16 14:55:54,264 fedbase.py communicate [line:362] INFO Training:                     16.3421s
2024-04-16 14:55:54,359 fedbase.py run [line:251] INFO --------------Round 5--------------
2024-04-16 14:55:54,359 simple_logger.py log_once [line:14] INFO Current_time:5
2024-04-16 14:56:03,420 simple_logger.py log_once [line:28] INFO test_accuracy                 0.7511
2024-04-16 14:56:03,420 simple_logger.py log_once [line:28] INFO test_loss                     0.8379
2024-04-16 14:56:03,420 simple_logger.py log_once [line:28] INFO val_accuracy                  0.7610
2024-04-16 14:56:03,420 simple_logger.py log_once [line:28] INFO mean_val_accuracy             0.7610
2024-04-16 14:56:03,420 simple_logger.py log_once [line:28] INFO std_val_accuracy              0.0512
2024-04-16 14:56:03,420 simple_logger.py log_once [line:28] INFO val_loss                      0.8142
2024-04-16 14:56:03,420 simple_logger.py log_once [line:28] INFO mean_val_loss                 0.8142
2024-04-16 14:56:03,420 simple_logger.py log_once [line:28] INFO std_val_loss                  0.1266
2024-04-16 14:56:03,420 fedbase.py run [line:256] INFO Eval Time Cost:               9.0612s
2024-04-16 14:56:19,647 fedbase.py communicate [line:362] INFO Training:                     16.2106s
2024-04-16 14:56:19,742 fedbase.py run [line:251] INFO --------------Round 6--------------
2024-04-16 14:56:19,742 simple_logger.py log_once [line:14] INFO Current_time:6
2024-04-16 14:56:28,830 simple_logger.py log_once [line:28] INFO test_accuracy                 0.8019
2024-04-16 14:56:28,830 simple_logger.py log_once [line:28] INFO test_loss                     0.7263
2024-04-16 14:56:28,830 simple_logger.py log_once [line:28] INFO val_accuracy                  0.8121
2024-04-16 14:56:28,830 simple_logger.py log_once [line:28] INFO mean_val_accuracy             0.8121
2024-04-16 14:56:28,830 simple_logger.py log_once [line:28] INFO std_val_accuracy              0.0477
2024-04-16 14:56:28,830 simple_logger.py log_once [line:28] INFO val_loss                      0.6764
2024-04-16 14:56:28,830 simple_logger.py log_once [line:28] INFO mean_val_loss                 0.6764
2024-04-16 14:56:28,830 simple_logger.py log_once [line:28] INFO std_val_loss                  0.1549
2024-04-16 14:56:28,830 fedbase.py run [line:256] INFO Eval Time Cost:               9.0876s
2024-04-16 14:56:45,112 fedbase.py communicate [line:362] INFO Training:                     16.2822s
2024-04-16 14:56:45,191 fedbase.py run [line:251] INFO --------------Round 7--------------
2024-04-16 14:56:45,191 simple_logger.py log_once [line:14] INFO Current_time:7
2024-04-16 14:56:54,278 simple_logger.py log_once [line:28] INFO test_accuracy                 0.8159
2024-04-16 14:56:54,278 simple_logger.py log_once [line:28] INFO test_loss                     0.7065
2024-04-16 14:56:54,278 simple_logger.py log_once [line:28] INFO val_accuracy                  0.8277
2024-04-16 14:56:54,278 simple_logger.py log_once [line:28] INFO mean_val_accuracy             0.8277
2024-04-16 14:56:54,278 simple_logger.py log_once [line:28] INFO std_val_accuracy              0.0454
2024-04-16 14:56:54,278 simple_logger.py log_once [line:28] INFO val_loss                      0.6417
2024-04-16 14:56:54,278 simple_logger.py log_once [line:28] INFO mean_val_loss                 0.6417
2024-04-16 14:56:54,278 simple_logger.py log_once [line:28] INFO std_val_loss                  0.1664
2024-04-16 14:56:54,278 fedbase.py run [line:256] INFO Eval Time Cost:               9.0867s
2024-04-16 14:57:10,628 fedbase.py communicate [line:362] INFO Training:                     16.3348s
2024-04-16 14:57:10,706 fedbase.py run [line:251] INFO --------------Round 8--------------
2024-04-16 14:57:10,706 simple_logger.py log_once [line:14] INFO Current_time:8
2024-04-16 14:57:19,745 simple_logger.py log_once [line:28] INFO test_accuracy                 0.8387
2024-04-16 14:57:19,745 simple_logger.py log_once [line:28] INFO test_loss                     0.6586
2024-04-16 14:57:19,745 simple_logger.py log_once [line:28] INFO val_accuracy                  0.8414
2024-04-16 14:57:19,745 simple_logger.py log_once [line:28] INFO mean_val_accuracy             0.8414
2024-04-16 14:57:19,745 simple_logger.py log_once [line:28] INFO std_val_accuracy              0.0451
2024-04-16 14:57:19,745 simple_logger.py log_once [line:28] INFO val_loss                      0.6036
2024-04-16 14:57:19,745 simple_logger.py log_once [line:28] INFO mean_val_loss                 0.6036
2024-04-16 14:57:19,745 simple_logger.py log_once [line:28] INFO std_val_loss                  0.1798
2024-04-16 14:57:19,745 fedbase.py run [line:256] INFO Eval Time Cost:               9.0387s
2024-04-16 14:57:36,057 fedbase.py communicate [line:362] INFO Training:                     16.2955s
2024-04-16 14:57:36,152 fedbase.py run [line:251] INFO --------------Round 9--------------
2024-04-16 14:57:36,152 simple_logger.py log_once [line:14] INFO Current_time:9
2024-04-16 14:57:45,237 simple_logger.py log_once [line:28] INFO test_accuracy                 0.8437
2024-04-16 14:57:45,237 simple_logger.py log_once [line:28] INFO test_loss                     0.6636
2024-04-16 14:57:45,237 simple_logger.py log_once [line:28] INFO val_accuracy                  0.8485
2024-04-16 14:57:45,237 simple_logger.py log_once [line:28] INFO mean_val_accuracy             0.8485
2024-04-16 14:57:45,237 simple_logger.py log_once [line:28] INFO std_val_accuracy              0.0433
2024-04-16 14:57:45,237 simple_logger.py log_once [line:28] INFO val_loss                      0.5983
2024-04-16 14:57:45,237 simple_logger.py log_once [line:28] INFO mean_val_loss                 0.5983
2024-04-16 14:57:45,237 simple_logger.py log_once [line:28] INFO std_val_loss                  0.1905
2024-04-16 14:57:45,237 fedbase.py run [line:256] INFO Eval Time Cost:               9.0851s
2024-04-16 14:58:01,488 fedbase.py communicate [line:362] INFO Training:                     16.2353s
2024-04-16 14:58:01,582 fedbase.py run [line:251] INFO --------------Round 10--------------
2024-04-16 14:58:01,582 simple_logger.py log_once [line:14] INFO Current_time:10
2024-04-16 14:58:10,664 simple_logger.py log_once [line:28] INFO test_accuracy                 0.8496
2024-04-16 14:58:10,664 simple_logger.py log_once [line:28] INFO test_loss                     0.6772
2024-04-16 14:58:10,664 simple_logger.py log_once [line:28] INFO val_accuracy                  0.8568
2024-04-16 14:58:10,664 simple_logger.py log_once [line:28] INFO mean_val_accuracy             0.8568
2024-04-16 14:58:10,664 simple_logger.py log_once [line:28] INFO std_val_accuracy              0.0412
2024-04-16 14:58:10,664 simple_logger.py log_once [line:28] INFO val_loss                      0.6097
2024-04-16 14:58:10,664 simple_logger.py log_once [line:28] INFO mean_val_loss                 0.6097
2024-04-16 14:58:10,664 simple_logger.py log_once [line:28] INFO std_val_loss                  0.2144
2024-04-16 14:58:10,664 fedbase.py run [line:256] INFO Eval Time Cost:               9.0815s
2024-04-16 14:58:26,975 fedbase.py communicate [line:362] INFO Training:                     16.3112s
2024-04-16 14:58:27,070 fedbase.py run [line:251] INFO --------------Round 11--------------
2024-04-16 14:58:27,070 simple_logger.py log_once [line:14] INFO Current_time:11
2024-04-16 14:58:36,117 simple_logger.py log_once [line:28] INFO test_accuracy                 0.8503
2024-04-16 14:58:36,117 simple_logger.py log_once [line:28] INFO test_loss                     0.6618
2024-04-16 14:58:36,117 simple_logger.py log_once [line:28] INFO val_accuracy                  0.8592
2024-04-16 14:58:36,117 simple_logger.py log_once [line:28] INFO mean_val_accuracy             0.8592
2024-04-16 14:58:36,117 simple_logger.py log_once [line:28] INFO std_val_accuracy              0.0399
2024-04-16 14:58:36,117 simple_logger.py log_once [line:28] INFO val_loss                      0.5973
2024-04-16 14:58:36,117 simple_logger.py log_once [line:28] INFO mean_val_loss                 0.5973
2024-04-16 14:58:36,117 simple_logger.py log_once [line:28] INFO std_val_loss                  0.2136
2024-04-16 14:58:36,117 fedbase.py run [line:256] INFO Eval Time Cost:               9.0478s
2024-04-16 14:58:52,498 fedbase.py communicate [line:362] INFO Training:                     16.3650s
2024-04-16 14:58:52,592 fedbase.py run [line:251] INFO --------------Round 12--------------
2024-04-16 14:58:52,592 simple_logger.py log_once [line:14] INFO Current_time:12
2024-04-16 14:59:01,732 simple_logger.py log_once [line:28] INFO test_accuracy                 0.8545
2024-04-16 14:59:01,732 simple_logger.py log_once [line:28] INFO test_loss                     0.6824
2024-04-16 14:59:01,732 simple_logger.py log_once [line:28] INFO val_accuracy                  0.8623
2024-04-16 14:59:01,732 simple_logger.py log_once [line:28] INFO mean_val_accuracy             0.8623
2024-04-16 14:59:01,732 simple_logger.py log_once [line:28] INFO std_val_accuracy              0.0385
2024-04-16 14:59:01,732 simple_logger.py log_once [line:28] INFO val_loss                      0.6147
2024-04-16 14:59:01,732 simple_logger.py log_once [line:28] INFO mean_val_loss                 0.6147
2024-04-16 14:59:01,732 simple_logger.py log_once [line:28] INFO std_val_loss                  0.2277
2024-04-16 14:59:01,732 fedbase.py run [line:256] INFO Eval Time Cost:               9.1400s
2024-04-16 14:59:18,070 fedbase.py communicate [line:362] INFO Training:                     16.3376s
2024-04-16 14:59:18,163 fedbase.py run [line:251] INFO --------------Round 13--------------
2024-04-16 14:59:18,163 simple_logger.py log_once [line:14] INFO Current_time:13
2024-04-16 14:59:27,274 simple_logger.py log_once [line:28] INFO test_accuracy                 0.8580
2024-04-16 14:59:27,274 simple_logger.py log_once [line:28] INFO test_loss                     0.6615
2024-04-16 14:59:27,274 simple_logger.py log_once [line:28] INFO val_accuracy                  0.8648
2024-04-16 14:59:27,274 simple_logger.py log_once [line:28] INFO mean_val_accuracy             0.8648
2024-04-16 14:59:27,274 simple_logger.py log_once [line:28] INFO std_val_accuracy              0.0371
2024-04-16 14:59:27,274 simple_logger.py log_once [line:28] INFO val_loss                      0.5963
2024-04-16 14:59:27,274 simple_logger.py log_once [line:28] INFO mean_val_loss                 0.5963
2024-04-16 14:59:27,274 simple_logger.py log_once [line:28] INFO std_val_loss                  0.2256
2024-04-16 14:59:27,274 fedbase.py run [line:256] INFO Eval Time Cost:               9.1113s
2024-04-16 14:59:43,660 fedbase.py communicate [line:362] INFO Training:                     16.3709s
2024-04-16 14:59:43,755 fedbase.py run [line:251] INFO --------------Round 14--------------
2024-04-16 14:59:43,755 simple_logger.py log_once [line:14] INFO Current_time:14
2024-04-16 14:59:52,896 simple_logger.py log_once [line:28] INFO test_accuracy                 0.8607
2024-04-16 14:59:52,896 simple_logger.py log_once [line:28] INFO test_loss                     0.6426
2024-04-16 14:59:52,896 simple_logger.py log_once [line:28] INFO val_accuracy                  0.8664
2024-04-16 14:59:52,896 simple_logger.py log_once [line:28] INFO mean_val_accuracy             0.8664
2024-04-16 14:59:52,896 simple_logger.py log_once [line:28] INFO std_val_accuracy              0.0401
2024-04-16 14:59:52,896 simple_logger.py log_once [line:28] INFO val_loss                      0.5772
2024-04-16 14:59:52,896 simple_logger.py log_once [line:28] INFO mean_val_loss                 0.5772
2024-04-16 14:59:52,896 simple_logger.py log_once [line:28] INFO std_val_loss                  0.2253
2024-04-16 14:59:52,896 fedbase.py run [line:256] INFO Eval Time Cost:               9.1406s
2024-04-16 15:00:09,196 fedbase.py communicate [line:362] INFO Training:                     16.2843s
2024-04-16 15:00:09,289 fedbase.py run [line:251] INFO --------------Round 15--------------
2024-04-16 15:00:09,289 simple_logger.py log_once [line:14] INFO Current_time:15
2024-04-16 15:00:18,369 simple_logger.py log_once [line:28] INFO test_accuracy                 0.8539
2024-04-16 15:00:18,369 simple_logger.py log_once [line:28] INFO test_loss                     0.6755
2024-04-16 15:00:18,369 simple_logger.py log_once [line:28] INFO val_accuracy                  0.8673
2024-04-16 15:00:18,369 simple_logger.py log_once [line:28] INFO mean_val_accuracy             0.8673
2024-04-16 15:00:18,369 simple_logger.py log_once [line:28] INFO std_val_accuracy              0.0385
2024-04-16 15:00:18,369 simple_logger.py log_once [line:28] INFO val_loss                      0.5904
2024-04-16 15:00:18,369 simple_logger.py log_once [line:28] INFO mean_val_loss                 0.5904
2024-04-16 15:00:18,369 simple_logger.py log_once [line:28] INFO std_val_loss                  0.2251
2024-04-16 15:00:18,369 fedbase.py run [line:256] INFO Eval Time Cost:               9.0803s
2024-04-16 15:00:34,679 fedbase.py communicate [line:362] INFO Training:                     16.2832s
2024-04-16 15:00:34,790 fedbase.py run [line:251] INFO --------------Round 16--------------
2024-04-16 15:00:34,790 simple_logger.py log_once [line:14] INFO Current_time:16
2024-04-16 15:00:43,849 simple_logger.py log_once [line:28] INFO test_accuracy                 0.8622
2024-04-16 15:00:43,849 simple_logger.py log_once [line:28] INFO test_loss                     0.6418
2024-04-16 15:00:43,849 simple_logger.py log_once [line:28] INFO val_accuracy                  0.8723
2024-04-16 15:00:43,849 simple_logger.py log_once [line:28] INFO mean_val_accuracy             0.8723
2024-04-16 15:00:43,849 simple_logger.py log_once [line:28] INFO std_val_accuracy              0.0384
2024-04-16 15:00:43,849 simple_logger.py log_once [line:28] INFO val_loss                      0.5726
2024-04-16 15:00:43,849 simple_logger.py log_once [line:28] INFO mean_val_loss                 0.5726
2024-04-16 15:00:43,849 simple_logger.py log_once [line:28] INFO std_val_loss                  0.2262
2024-04-16 15:00:43,849 fedbase.py run [line:256] INFO Eval Time Cost:               9.0593s
2024-04-16 15:01:00,191 fedbase.py communicate [line:362] INFO Training:                     16.3261s
2024-04-16 15:01:00,285 fedbase.py run [line:251] INFO --------------Round 17--------------
2024-04-16 15:01:00,285 simple_logger.py log_once [line:14] INFO Current_time:17
2024-04-16 15:01:09,383 simple_logger.py log_once [line:28] INFO test_accuracy                 0.8650
2024-04-16 15:01:09,383 simple_logger.py log_once [line:28] INFO test_loss                     0.6231
2024-04-16 15:01:09,383 simple_logger.py log_once [line:28] INFO val_accuracy                  0.8708
2024-04-16 15:01:09,383 simple_logger.py log_once [line:28] INFO mean_val_accuracy             0.8708
2024-04-16 15:01:09,383 simple_logger.py log_once [line:28] INFO std_val_accuracy              0.0412
2024-04-16 15:01:09,383 simple_logger.py log_once [line:28] INFO val_loss                      0.5683
2024-04-16 15:01:09,383 simple_logger.py log_once [line:28] INFO mean_val_loss                 0.5682
2024-04-16 15:01:09,383 simple_logger.py log_once [line:28] INFO std_val_loss                  0.2262
2024-04-16 15:01:09,383 fedbase.py run [line:256] INFO Eval Time Cost:               9.0974s
2024-04-16 15:01:25,732 fedbase.py communicate [line:362] INFO Training:                     16.3319s
2024-04-16 15:01:25,827 fedbase.py run [line:251] INFO --------------Round 18--------------
2024-04-16 15:01:25,827 simple_logger.py log_once [line:14] INFO Current_time:18
2024-04-16 15:01:34,926 simple_logger.py log_once [line:28] INFO test_accuracy                 0.8677
2024-04-16 15:01:34,926 simple_logger.py log_once [line:28] INFO test_loss                     0.6309
2024-04-16 15:01:34,926 simple_logger.py log_once [line:28] INFO val_accuracy                  0.8756
2024-04-16 15:01:34,926 simple_logger.py log_once [line:28] INFO mean_val_accuracy             0.8756
2024-04-16 15:01:34,926 simple_logger.py log_once [line:28] INFO std_val_accuracy              0.0403
2024-04-16 15:01:34,942 simple_logger.py log_once [line:28] INFO val_loss                      0.5761
2024-04-16 15:01:34,942 simple_logger.py log_once [line:28] INFO mean_val_loss                 0.5761
2024-04-16 15:01:34,942 simple_logger.py log_once [line:28] INFO std_val_loss                  0.2360
2024-04-16 15:01:34,942 fedbase.py run [line:256] INFO Eval Time Cost:               9.1154s
2024-04-16 15:01:51,291 fedbase.py communicate [line:362] INFO Training:                     16.3404s
2024-04-16 15:01:51,380 fedbase.py run [line:251] INFO --------------Round 19--------------
2024-04-16 15:01:51,380 simple_logger.py log_once [line:14] INFO Current_time:19
2024-04-16 15:02:00,499 simple_logger.py log_once [line:28] INFO test_accuracy                 0.8697
2024-04-16 15:02:00,499 simple_logger.py log_once [line:28] INFO test_loss                     0.6058
2024-04-16 15:02:00,499 simple_logger.py log_once [line:28] INFO val_accuracy                  0.8769
2024-04-16 15:02:00,499 simple_logger.py log_once [line:28] INFO mean_val_accuracy             0.8768
2024-04-16 15:02:00,499 simple_logger.py log_once [line:28] INFO std_val_accuracy              0.0424
2024-04-16 15:02:00,499 simple_logger.py log_once [line:28] INFO val_loss                      0.5539
2024-04-16 15:02:00,499 simple_logger.py log_once [line:28] INFO mean_val_loss                 0.5539
2024-04-16 15:02:00,499 simple_logger.py log_once [line:28] INFO std_val_loss                  0.2289
2024-04-16 15:02:00,499 fedbase.py run [line:256] INFO Eval Time Cost:               9.1192s
2024-04-16 15:02:16,842 fedbase.py communicate [line:362] INFO Training:                     16.3271s
2024-04-16 15:02:16,952 fedbase.py run [line:251] INFO --------------Round 20--------------
2024-04-16 15:02:16,952 simple_logger.py log_once [line:14] INFO Current_time:20
2024-04-16 15:02:26,051 simple_logger.py log_once [line:28] INFO test_accuracy                 0.8692
2024-04-16 15:02:26,051 simple_logger.py log_once [line:28] INFO test_loss                     0.6104
2024-04-16 15:02:26,051 simple_logger.py log_once [line:28] INFO val_accuracy                  0.8760
2024-04-16 15:02:26,051 simple_logger.py log_once [line:28] INFO mean_val_accuracy             0.8760
2024-04-16 15:02:26,051 simple_logger.py log_once [line:28] INFO std_val_accuracy              0.0424
2024-04-16 15:02:26,051 simple_logger.py log_once [line:28] INFO val_loss                      0.5605
2024-04-16 15:02:26,051 simple_logger.py log_once [line:28] INFO mean_val_loss                 0.5604
2024-04-16 15:02:26,051 simple_logger.py log_once [line:28] INFO std_val_loss                  0.2392
2024-04-16 15:02:26,051 fedbase.py run [line:256] INFO Eval Time Cost:               9.0983s
2024-04-16 15:02:26,051 fedbase.py run [line:263] INFO =================End==================
2024-04-16 15:02:26,051 fedbase.py run [line:264] INFO Total Time Cost:              519.0431s
