2024-04-16 14:10:33,305 fflow.py init [line:635] INFO PROCESS ID:	12940
2024-04-16 14:10:33,305 fflow.py init [line:636] INFO Initializing devices: cuda:0 will be used for this running.
2024-04-16 14:10:33,305 fflow.py init [line:639] INFO BENCHMARK:	svhn_classification
2024-04-16 14:10:33,305 fflow.py init [line:640] INFO TASK:			./svhn_DP
2024-04-16 14:10:33,305 fflow.py init [line:641] INFO MODEL:		svhn_classification.model.default_model
2024-04-16 14:10:33,305 fflow.py init [line:642] INFO ALGORITHM:	PPFL_DP
2024-04-16 14:10:33,321 fflow.py init [line:681] INFO SCENE:		horizontal FL with 1 <class 'DP.Server'>, 100 <class 'DP.Client'>
2024-04-16 14:10:33,321 fflow.py init [line:698] INFO SIMULATOR:	<class 'flgo.simulator.default_simulator.Simulator'>
2024-04-16 14:10:33,321 fflow.py init [line:711] INFO Ready to start.
2024-04-16 14:45:07,258 fedbase.py _load_checkpoint [line:719] INFO Failed to load checkpoint due to [WinError 3] 系统找不到指定的路径。: './svhn_DP\\checkpoint\\5'
2024-04-16 14:45:07,258 fedbase.py run [line:241] INFO --------------Initial Evaluation--------------
2024-04-16 14:45:07,258 simple_logger.py log_once [line:14] INFO Current_time:0
2024-04-16 14:45:16,342 simple_logger.py log_once [line:28] INFO test_accuracy                 0.1110
2024-04-16 14:45:16,342 simple_logger.py log_once [line:28] INFO test_loss                     2.3044
2024-04-16 14:45:16,342 simple_logger.py log_once [line:28] INFO val_accuracy                  0.1125
2024-04-16 14:45:16,342 simple_logger.py log_once [line:28] INFO mean_val_accuracy             0.1125
2024-04-16 14:45:16,342 simple_logger.py log_once [line:28] INFO std_val_accuracy              0.0385
2024-04-16 14:45:16,342 simple_logger.py log_once [line:28] INFO val_loss                      2.3037
2024-04-16 14:45:16,342 simple_logger.py log_once [line:28] INFO mean_val_loss                 2.3037
2024-04-16 14:45:16,342 simple_logger.py log_once [line:28] INFO std_val_loss                  0.0036
2024-04-16 14:45:16,342 fedbase.py run [line:244] INFO Eval Time Cost:               9.0840s
2024-04-16 14:45:32,694 fedbase.py communicate [line:362] INFO Training:                     16.3516s
2024-04-16 14:45:32,787 fedbase.py run [line:251] INFO --------------Round 1--------------
2024-04-16 14:45:32,788 simple_logger.py log_once [line:14] INFO Current_time:1
2024-04-16 14:45:41,917 simple_logger.py log_once [line:28] INFO test_accuracy                 0.1959
2024-04-16 14:45:41,917 simple_logger.py log_once [line:28] INFO test_loss                     2.2230
2024-04-16 14:45:41,917 simple_logger.py log_once [line:28] INFO val_accuracy                  0.1927
2024-04-16 14:45:41,917 simple_logger.py log_once [line:28] INFO mean_val_accuracy             0.1927
2024-04-16 14:45:41,917 simple_logger.py log_once [line:28] INFO std_val_accuracy              0.0491
2024-04-16 14:45:41,917 simple_logger.py log_once [line:28] INFO val_loss                      2.2333
2024-04-16 14:45:41,917 simple_logger.py log_once [line:28] INFO mean_val_loss                 2.2333
2024-04-16 14:45:41,917 simple_logger.py log_once [line:28] INFO std_val_loss                  0.0409
2024-04-16 14:45:41,917 fedbase.py run [line:256] INFO Eval Time Cost:               9.1287s
2024-04-16 14:45:58,188 fedbase.py communicate [line:362] INFO Training:                     16.2715s
2024-04-16 14:45:58,267 fedbase.py run [line:251] INFO --------------Round 2--------------
2024-04-16 14:45:58,267 simple_logger.py log_once [line:14] INFO Current_time:2
2024-04-16 14:46:07,384 simple_logger.py log_once [line:28] INFO test_accuracy                 0.2203
2024-04-16 14:46:07,384 simple_logger.py log_once [line:28] INFO test_loss                     2.1793
2024-04-16 14:46:07,384 simple_logger.py log_once [line:28] INFO val_accuracy                  0.2164
2024-04-16 14:46:07,384 simple_logger.py log_once [line:28] INFO mean_val_accuracy             0.2164
2024-04-16 14:46:07,384 simple_logger.py log_once [line:28] INFO std_val_accuracy              0.0539
2024-04-16 14:46:07,384 simple_logger.py log_once [line:28] INFO val_loss                      2.1962
2024-04-16 14:46:07,384 simple_logger.py log_once [line:28] INFO mean_val_loss                 2.1962
2024-04-16 14:46:07,384 simple_logger.py log_once [line:28] INFO std_val_loss                  0.0473
2024-04-16 14:46:07,384 fedbase.py run [line:256] INFO Eval Time Cost:               9.1171s
2024-04-16 14:46:23,658 fedbase.py communicate [line:362] INFO Training:                     16.2529s
2024-04-16 14:46:23,753 fedbase.py run [line:251] INFO --------------Round 3--------------
2024-04-16 14:46:23,753 simple_logger.py log_once [line:14] INFO Current_time:3
2024-04-16 14:46:32,894 simple_logger.py log_once [line:28] INFO test_accuracy                 0.4173
2024-04-16 14:46:32,894 simple_logger.py log_once [line:28] INFO test_loss                     1.8428
2024-04-16 14:46:32,894 simple_logger.py log_once [line:28] INFO val_accuracy                  0.4114
2024-04-16 14:46:32,894 simple_logger.py log_once [line:28] INFO mean_val_accuracy             0.4114
2024-04-16 14:46:32,894 simple_logger.py log_once [line:28] INFO std_val_accuracy              0.0593
2024-04-16 14:46:32,894 simple_logger.py log_once [line:28] INFO val_loss                      1.8772
2024-04-16 14:46:32,894 simple_logger.py log_once [line:28] INFO mean_val_loss                 1.8772
2024-04-16 14:46:32,894 simple_logger.py log_once [line:28] INFO std_val_loss                  0.0794
2024-04-16 14:46:32,894 fedbase.py run [line:256] INFO Eval Time Cost:               9.1411s
2024-04-16 14:46:49,184 fedbase.py communicate [line:362] INFO Training:                     16.2581s
2024-04-16 14:46:49,263 fedbase.py run [line:251] INFO --------------Round 4--------------
2024-04-16 14:46:49,263 simple_logger.py log_once [line:14] INFO Current_time:4
2024-04-16 14:46:58,472 simple_logger.py log_once [line:28] INFO test_accuracy                 0.6822
2024-04-16 14:46:58,472 simple_logger.py log_once [line:28] INFO test_loss                     1.1607
2024-04-16 14:46:58,472 simple_logger.py log_once [line:28] INFO val_accuracy                  0.6712
2024-04-16 14:46:58,472 simple_logger.py log_once [line:28] INFO mean_val_accuracy             0.6712
2024-04-16 14:46:58,472 simple_logger.py log_once [line:28] INFO std_val_accuracy              0.0619
2024-04-16 14:46:58,472 simple_logger.py log_once [line:28] INFO val_loss                      1.1872
2024-04-16 14:46:58,472 simple_logger.py log_once [line:28] INFO mean_val_loss                 1.1872
2024-04-16 14:46:58,472 simple_logger.py log_once [line:28] INFO std_val_loss                  0.1142
2024-04-16 14:46:58,472 fedbase.py run [line:256] INFO Eval Time Cost:               9.2084s
2024-04-16 14:47:14,763 fedbase.py communicate [line:362] INFO Training:                     16.2753s
2024-04-16 14:47:14,856 fedbase.py run [line:251] INFO --------------Round 5--------------
2024-04-16 14:47:14,856 simple_logger.py log_once [line:14] INFO Current_time:5
2024-04-16 14:47:23,991 simple_logger.py log_once [line:28] INFO test_accuracy                 0.7556
2024-04-16 14:47:23,991 simple_logger.py log_once [line:28] INFO test_loss                     0.8489
2024-04-16 14:47:23,991 simple_logger.py log_once [line:28] INFO val_accuracy                  0.7496
2024-04-16 14:47:23,991 simple_logger.py log_once [line:28] INFO mean_val_accuracy             0.7496
2024-04-16 14:47:23,991 simple_logger.py log_once [line:28] INFO std_val_accuracy              0.0545
2024-04-16 14:47:23,991 simple_logger.py log_once [line:28] INFO val_loss                      0.8390
2024-04-16 14:47:23,991 simple_logger.py log_once [line:28] INFO mean_val_loss                 0.8390
2024-04-16 14:47:23,991 simple_logger.py log_once [line:28] INFO std_val_loss                  0.1399
2024-04-16 14:47:23,991 fedbase.py run [line:256] INFO Eval Time Cost:               9.1352s
2024-04-16 14:47:40,271 fedbase.py communicate [line:362] INFO Training:                     16.2645s
2024-04-16 14:47:40,366 fedbase.py run [line:251] INFO --------------Round 6--------------
2024-04-16 14:47:40,366 simple_logger.py log_once [line:14] INFO Current_time:6
2024-04-16 14:47:49,492 simple_logger.py log_once [line:28] INFO test_accuracy                 0.8100
2024-04-16 14:47:49,492 simple_logger.py log_once [line:28] INFO test_loss                     0.7211
2024-04-16 14:47:49,492 simple_logger.py log_once [line:28] INFO val_accuracy                  0.8097
2024-04-16 14:47:49,492 simple_logger.py log_once [line:28] INFO mean_val_accuracy             0.8097
2024-04-16 14:47:49,492 simple_logger.py log_once [line:28] INFO std_val_accuracy              0.0473
2024-04-16 14:47:49,492 simple_logger.py log_once [line:28] INFO val_loss                      0.6857
2024-04-16 14:47:49,492 simple_logger.py log_once [line:28] INFO mean_val_loss                 0.6857
2024-04-16 14:47:49,492 simple_logger.py log_once [line:28] INFO std_val_loss                  0.1594
2024-04-16 14:47:49,492 fedbase.py run [line:256] INFO Eval Time Cost:               9.1259s
2024-04-16 14:48:05,881 fedbase.py communicate [line:362] INFO Training:                     16.3636s
2024-04-16 14:48:05,960 fedbase.py run [line:251] INFO --------------Round 7--------------
2024-04-16 14:48:05,960 simple_logger.py log_once [line:14] INFO Current_time:7
2024-04-16 14:48:15,133 simple_logger.py log_once [line:28] INFO test_accuracy                 0.8257
2024-04-16 14:48:15,133 simple_logger.py log_once [line:28] INFO test_loss                     0.6824
2024-04-16 14:48:15,133 simple_logger.py log_once [line:28] INFO val_accuracy                  0.8288
2024-04-16 14:48:15,133 simple_logger.py log_once [line:28] INFO mean_val_accuracy             0.8288
2024-04-16 14:48:15,133 simple_logger.py log_once [line:28] INFO std_val_accuracy              0.0405
2024-04-16 14:48:15,133 simple_logger.py log_once [line:28] INFO val_loss                      0.6290
2024-04-16 14:48:15,133 simple_logger.py log_once [line:28] INFO mean_val_loss                 0.6290
2024-04-16 14:48:15,133 simple_logger.py log_once [line:28] INFO std_val_loss                  0.1572
2024-04-16 14:48:15,133 fedbase.py run [line:256] INFO Eval Time Cost:               9.1737s
2024-04-16 14:48:31,489 fedbase.py communicate [line:362] INFO Training:                     16.3371s
2024-04-16 14:48:31,584 fedbase.py run [line:251] INFO --------------Round 8--------------
2024-04-16 14:48:31,584 simple_logger.py log_once [line:14] INFO Current_time:8
2024-04-16 14:48:40,726 simple_logger.py log_once [line:28] INFO test_accuracy                 0.8343
2024-04-16 14:48:40,726 simple_logger.py log_once [line:28] INFO test_loss                     0.6993
2024-04-16 14:48:40,726 simple_logger.py log_once [line:28] INFO val_accuracy                  0.8359
2024-04-16 14:48:40,726 simple_logger.py log_once [line:28] INFO mean_val_accuracy             0.8359
2024-04-16 14:48:40,726 simple_logger.py log_once [line:28] INFO std_val_accuracy              0.0440
2024-04-16 14:48:40,726 simple_logger.py log_once [line:28] INFO val_loss                      0.6484
2024-04-16 14:48:40,726 simple_logger.py log_once [line:28] INFO mean_val_loss                 0.6484
2024-04-16 14:48:40,726 simple_logger.py log_once [line:28] INFO std_val_loss                  0.1918
2024-04-16 14:48:40,726 fedbase.py run [line:256] INFO Eval Time Cost:               9.1419s
2024-04-16 14:48:56,980 fedbase.py communicate [line:362] INFO Training:                     16.2541s
2024-04-16 14:48:57,058 fedbase.py run [line:251] INFO --------------Round 9--------------
2024-04-16 14:48:57,074 simple_logger.py log_once [line:14] INFO Current_time:9
2024-04-16 14:49:06,232 simple_logger.py log_once [line:28] INFO test_accuracy                 0.8393
2024-04-16 14:49:06,232 simple_logger.py log_once [line:28] INFO test_loss                     0.7015
2024-04-16 14:49:06,232 simple_logger.py log_once [line:28] INFO val_accuracy                  0.8425
2024-04-16 14:49:06,232 simple_logger.py log_once [line:28] INFO mean_val_accuracy             0.8425
2024-04-16 14:49:06,232 simple_logger.py log_once [line:28] INFO std_val_accuracy              0.0420
2024-04-16 14:49:06,232 simple_logger.py log_once [line:28] INFO val_loss                      0.6378
2024-04-16 14:49:06,232 simple_logger.py log_once [line:28] INFO mean_val_loss                 0.6377
2024-04-16 14:49:06,232 simple_logger.py log_once [line:28] INFO std_val_loss                  0.2009
2024-04-16 14:49:06,232 fedbase.py run [line:256] INFO Eval Time Cost:               9.1579s
2024-04-16 14:49:22,528 fedbase.py communicate [line:362] INFO Training:                     16.2807s
2024-04-16 14:49:22,622 fedbase.py run [line:251] INFO --------------Round 10--------------
2024-04-16 14:49:22,622 simple_logger.py log_once [line:14] INFO Current_time:10
2024-04-16 14:49:31,643 simple_logger.py log_once [line:28] INFO test_accuracy                 0.8478
2024-04-16 14:49:31,643 simple_logger.py log_once [line:28] INFO test_loss                     0.7013
2024-04-16 14:49:31,643 simple_logger.py log_once [line:28] INFO val_accuracy                  0.8482
2024-04-16 14:49:31,643 simple_logger.py log_once [line:28] INFO mean_val_accuracy             0.8482
2024-04-16 14:49:31,643 simple_logger.py log_once [line:28] INFO std_val_accuracy              0.0430
2024-04-16 14:49:31,643 simple_logger.py log_once [line:28] INFO val_loss                      0.6414
2024-04-16 14:49:31,643 simple_logger.py log_once [line:28] INFO mean_val_loss                 0.6414
2024-04-16 14:49:31,643 simple_logger.py log_once [line:28] INFO std_val_loss                  0.2149
2024-04-16 14:49:31,643 fedbase.py run [line:256] INFO Eval Time Cost:               9.0208s
2024-04-16 14:49:47,994 fedbase.py communicate [line:362] INFO Training:                     16.3514s
2024-04-16 14:49:48,088 fedbase.py run [line:251] INFO --------------Round 11--------------
2024-04-16 14:49:48,088 simple_logger.py log_once [line:14] INFO Current_time:11
2024-04-16 14:49:57,227 simple_logger.py log_once [line:28] INFO test_accuracy                 0.8457
2024-04-16 14:49:57,227 simple_logger.py log_once [line:28] INFO test_loss                     0.6917
2024-04-16 14:49:57,227 simple_logger.py log_once [line:28] INFO val_accuracy                  0.8518
2024-04-16 14:49:57,227 simple_logger.py log_once [line:28] INFO mean_val_accuracy             0.8518
2024-04-16 14:49:57,227 simple_logger.py log_once [line:28] INFO std_val_accuracy              0.0418
2024-04-16 14:49:57,227 simple_logger.py log_once [line:28] INFO val_loss                      0.6112
2024-04-16 14:49:57,227 simple_logger.py log_once [line:28] INFO mean_val_loss                 0.6111
2024-04-16 14:49:57,227 simple_logger.py log_once [line:28] INFO std_val_loss                  0.2053
2024-04-16 14:49:57,227 fedbase.py run [line:256] INFO Eval Time Cost:               9.1386s
2024-04-16 14:50:13,619 fedbase.py communicate [line:362] INFO Training:                     16.3712s
2024-04-16 14:50:13,698 fedbase.py run [line:251] INFO --------------Round 12--------------
2024-04-16 14:50:13,698 simple_logger.py log_once [line:14] INFO Current_time:12
2024-04-16 14:50:22,955 simple_logger.py log_once [line:28] INFO test_accuracy                 0.8495
2024-04-16 14:50:22,955 simple_logger.py log_once [line:28] INFO test_loss                     0.7122
2024-04-16 14:50:22,955 simple_logger.py log_once [line:28] INFO val_accuracy                  0.8567
2024-04-16 14:50:22,955 simple_logger.py log_once [line:28] INFO mean_val_accuracy             0.8567
2024-04-16 14:50:22,955 simple_logger.py log_once [line:28] INFO std_val_accuracy              0.0409
2024-04-16 14:50:22,955 simple_logger.py log_once [line:28] INFO val_loss                      0.6290
2024-04-16 14:50:22,955 simple_logger.py log_once [line:28] INFO mean_val_loss                 0.6290
2024-04-16 14:50:22,955 simple_logger.py log_once [line:28] INFO std_val_loss                  0.2183
2024-04-16 14:50:22,955 fedbase.py run [line:256] INFO Eval Time Cost:               9.2571s
2024-04-16 14:50:39,216 fedbase.py communicate [line:362] INFO Training:                     16.2452s
2024-04-16 14:50:39,316 fedbase.py run [line:251] INFO --------------Round 13--------------
2024-04-16 14:50:39,316 simple_logger.py log_once [line:14] INFO Current_time:13
2024-04-16 14:50:48,380 simple_logger.py log_once [line:28] INFO test_accuracy                 0.8472
2024-04-16 14:50:48,380 simple_logger.py log_once [line:28] INFO test_loss                     0.7150
2024-04-16 14:50:48,380 simple_logger.py log_once [line:28] INFO val_accuracy                  0.8558
2024-04-16 14:50:48,380 simple_logger.py log_once [line:28] INFO mean_val_accuracy             0.8558
2024-04-16 14:50:48,380 simple_logger.py log_once [line:28] INFO std_val_accuracy              0.0387
2024-04-16 14:50:48,380 simple_logger.py log_once [line:28] INFO val_loss                      0.6221
2024-04-16 14:50:48,380 simple_logger.py log_once [line:28] INFO mean_val_loss                 0.6221
2024-04-16 14:50:48,380 simple_logger.py log_once [line:28] INFO std_val_loss                  0.2145
2024-04-16 14:50:48,380 fedbase.py run [line:256] INFO Eval Time Cost:               9.0636s
2024-04-16 14:51:04,643 fedbase.py communicate [line:362] INFO Training:                     16.2478s
2024-04-16 14:51:04,738 fedbase.py run [line:251] INFO --------------Round 14--------------
2024-04-16 14:51:04,738 simple_logger.py log_once [line:14] INFO Current_time:14
2024-04-16 14:51:13,817 simple_logger.py log_once [line:28] INFO test_accuracy                 0.8492
2024-04-16 14:51:13,817 simple_logger.py log_once [line:28] INFO test_loss                     0.7126
2024-04-16 14:51:13,817 simple_logger.py log_once [line:28] INFO val_accuracy                  0.8604
2024-04-16 14:51:13,817 simple_logger.py log_once [line:28] INFO mean_val_accuracy             0.8604
2024-04-16 14:51:13,817 simple_logger.py log_once [line:28] INFO std_val_accuracy              0.0388
2024-04-16 14:51:13,817 simple_logger.py log_once [line:28] INFO val_loss                      0.6137
2024-04-16 14:51:13,817 simple_logger.py log_once [line:28] INFO mean_val_loss                 0.6137
2024-04-16 14:51:13,817 simple_logger.py log_once [line:28] INFO std_val_loss                  0.2107
2024-04-16 14:51:13,817 fedbase.py run [line:256] INFO Eval Time Cost:               9.0796s
2024-04-16 14:51:30,092 fedbase.py communicate [line:362] INFO Training:                     16.2594s
2024-04-16 14:51:30,186 fedbase.py run [line:251] INFO --------------Round 15--------------
2024-04-16 14:51:30,186 simple_logger.py log_once [line:14] INFO Current_time:15
2024-04-16 14:51:39,257 simple_logger.py log_once [line:28] INFO test_accuracy                 0.8561
2024-04-16 14:51:39,257 simple_logger.py log_once [line:28] INFO test_loss                     0.6840
2024-04-16 14:51:39,257 simple_logger.py log_once [line:28] INFO val_accuracy                  0.8649
2024-04-16 14:51:39,257 simple_logger.py log_once [line:28] INFO mean_val_accuracy             0.8649
2024-04-16 14:51:39,257 simple_logger.py log_once [line:28] INFO std_val_accuracy              0.0373
2024-04-16 14:51:39,257 simple_logger.py log_once [line:28] INFO val_loss                      0.6057
2024-04-16 14:51:39,257 simple_logger.py log_once [line:28] INFO mean_val_loss                 0.6057
2024-04-16 14:51:39,257 simple_logger.py log_once [line:28] INFO std_val_loss                  0.2207
2024-04-16 14:51:39,257 fedbase.py run [line:256] INFO Eval Time Cost:               9.0707s
2024-04-16 14:51:55,633 fedbase.py communicate [line:362] INFO Training:                     16.3607s
2024-04-16 14:51:55,728 fedbase.py run [line:251] INFO --------------Round 16--------------
2024-04-16 14:51:55,728 simple_logger.py log_once [line:14] INFO Current_time:16
2024-04-16 14:52:04,811 simple_logger.py log_once [line:28] INFO test_accuracy                 0.8598
2024-04-16 14:52:04,811 simple_logger.py log_once [line:28] INFO test_loss                     0.6795
2024-04-16 14:52:04,811 simple_logger.py log_once [line:28] INFO val_accuracy                  0.8669
2024-04-16 14:52:04,811 simple_logger.py log_once [line:28] INFO mean_val_accuracy             0.8668
2024-04-16 14:52:04,811 simple_logger.py log_once [line:28] INFO std_val_accuracy              0.0391
2024-04-16 14:52:04,811 simple_logger.py log_once [line:28] INFO val_loss                      0.5949
2024-04-16 14:52:04,811 simple_logger.py log_once [line:28] INFO mean_val_loss                 0.5949
2024-04-16 14:52:04,811 simple_logger.py log_once [line:28] INFO std_val_loss                  0.2182
2024-04-16 14:52:04,811 fedbase.py run [line:256] INFO Eval Time Cost:               9.0831s
2024-04-16 14:52:21,118 fedbase.py communicate [line:362] INFO Training:                     16.3064s
2024-04-16 14:52:21,212 fedbase.py run [line:251] INFO --------------Round 17--------------
2024-04-16 14:52:21,212 simple_logger.py log_once [line:14] INFO Current_time:17
2024-04-16 14:52:30,362 simple_logger.py log_once [line:28] INFO test_accuracy                 0.8652
2024-04-16 14:52:30,362 simple_logger.py log_once [line:28] INFO test_loss                     0.6421
2024-04-16 14:52:30,362 simple_logger.py log_once [line:28] INFO val_accuracy                  0.8711
2024-04-16 14:52:30,362 simple_logger.py log_once [line:28] INFO mean_val_accuracy             0.8711
2024-04-16 14:52:30,362 simple_logger.py log_once [line:28] INFO std_val_accuracy              0.0370
2024-04-16 14:52:30,362 simple_logger.py log_once [line:28] INFO val_loss                      0.5704
2024-04-16 14:52:30,362 simple_logger.py log_once [line:28] INFO mean_val_loss                 0.5704
2024-04-16 14:52:30,362 simple_logger.py log_once [line:28] INFO std_val_loss                  0.2132
2024-04-16 14:52:30,362 fedbase.py run [line:256] INFO Eval Time Cost:               9.1498s
2024-04-16 14:52:46,709 fedbase.py communicate [line:362] INFO Training:                     16.3471s
2024-04-16 14:52:46,803 fedbase.py run [line:251] INFO --------------Round 18--------------
2024-04-16 14:52:46,803 simple_logger.py log_once [line:14] INFO Current_time:18
2024-04-16 14:52:55,837 simple_logger.py log_once [line:28] INFO test_accuracy                 0.8649
2024-04-16 14:52:55,852 simple_logger.py log_once [line:28] INFO test_loss                     0.6529
2024-04-16 14:52:55,852 simple_logger.py log_once [line:28] INFO val_accuracy                  0.8710
2024-04-16 14:52:55,852 simple_logger.py log_once [line:28] INFO mean_val_accuracy             0.8710
2024-04-16 14:52:55,852 simple_logger.py log_once [line:28] INFO std_val_accuracy              0.0373
2024-04-16 14:52:55,852 simple_logger.py log_once [line:28] INFO val_loss                      0.5661
2024-04-16 14:52:55,853 simple_logger.py log_once [line:28] INFO mean_val_loss                 0.5661
2024-04-16 14:52:55,853 simple_logger.py log_once [line:28] INFO std_val_loss                  0.2135
2024-04-16 14:52:55,853 fedbase.py run [line:256] INFO Eval Time Cost:               9.0501s
2024-04-16 14:53:12,223 fedbase.py communicate [line:362] INFO Training:                     16.3547s
2024-04-16 14:53:12,317 fedbase.py run [line:251] INFO --------------Round 19--------------
2024-04-16 14:53:12,317 simple_logger.py log_once [line:14] INFO Current_time:19
2024-04-16 14:53:21,448 simple_logger.py log_once [line:28] INFO test_accuracy                 0.8619
2024-04-16 14:53:21,448 simple_logger.py log_once [line:28] INFO test_loss                     0.6447
2024-04-16 14:53:21,448 simple_logger.py log_once [line:28] INFO val_accuracy                  0.8716
2024-04-16 14:53:21,448 simple_logger.py log_once [line:28] INFO mean_val_accuracy             0.8716
2024-04-16 14:53:21,448 simple_logger.py log_once [line:28] INFO std_val_accuracy              0.0398
2024-04-16 14:53:21,448 simple_logger.py log_once [line:28] INFO val_loss                      0.5508
2024-04-16 14:53:21,448 simple_logger.py log_once [line:28] INFO mean_val_loss                 0.5508
2024-04-16 14:53:21,448 simple_logger.py log_once [line:28] INFO std_val_loss                  0.2028
2024-04-16 14:53:21,448 fedbase.py run [line:256] INFO Eval Time Cost:               9.1306s
2024-04-16 14:53:37,840 fedbase.py communicate [line:362] INFO Training:                     16.3656s
2024-04-16 14:53:37,935 fedbase.py run [line:251] INFO --------------Round 20--------------
2024-04-16 14:53:37,935 simple_logger.py log_once [line:14] INFO Current_time:20
2024-04-16 14:53:46,992 simple_logger.py log_once [line:28] INFO test_accuracy                 0.8636
2024-04-16 14:53:46,992 simple_logger.py log_once [line:28] INFO test_loss                     0.6566
2024-04-16 14:53:46,992 simple_logger.py log_once [line:28] INFO val_accuracy                  0.8725
2024-04-16 14:53:46,992 simple_logger.py log_once [line:28] INFO mean_val_accuracy             0.8725
2024-04-16 14:53:46,992 simple_logger.py log_once [line:28] INFO std_val_accuracy              0.0377
2024-04-16 14:53:46,992 simple_logger.py log_once [line:28] INFO val_loss                      0.5671
2024-04-16 14:53:46,992 simple_logger.py log_once [line:28] INFO mean_val_loss                 0.5671
2024-04-16 14:53:46,992 simple_logger.py log_once [line:28] INFO std_val_loss                  0.2207
2024-04-16 14:53:46,992 fedbase.py run [line:256] INFO Eval Time Cost:               9.0563s
2024-04-16 14:53:46,992 fedbase.py run [line:263] INFO =================End==================
2024-04-16 14:53:46,992 fedbase.py run [line:264] INFO Total Time Cost:              519.7335s
