2024-04-16 14:10:33,353 fflow.py init [line:635] INFO PROCESS ID:	12940
2024-04-16 14:10:33,353 fflow.py init [line:636] INFO Initializing devices: cuda:0 will be used for this running.
2024-04-16 14:10:33,353 fflow.py init [line:639] INFO BENCHMARK:	svhn_classification
2024-04-16 14:10:33,353 fflow.py init [line:640] INFO TASK:			./svhn_DP
2024-04-16 14:10:33,353 fflow.py init [line:641] INFO MODEL:		svhn_classification.model.default_model
2024-04-16 14:10:33,353 fflow.py init [line:642] INFO ALGORITHM:	PPFL_DP
2024-04-16 14:10:33,368 fflow.py init [line:681] INFO SCENE:		horizontal FL with 1 <class 'DP.Server'>, 100 <class 'DP.Client'>
2024-04-16 14:10:33,368 fflow.py init [line:698] INFO SIMULATOR:	<class 'flgo.simulator.default_simulator.Simulator'>
2024-04-16 14:10:33,384 fflow.py init [line:711] INFO Ready to start.
2024-04-16 15:02:26,069 fedbase.py _load_checkpoint [line:719] INFO Failed to load checkpoint due to [WinError 3] 系统找不到指定的路径。: './svhn_DP\\checkpoint\\7'
2024-04-16 15:02:26,069 fedbase.py run [line:241] INFO --------------Initial Evaluation--------------
2024-04-16 15:02:26,069 simple_logger.py log_once [line:14] INFO Current_time:0
2024-04-16 15:02:35,256 simple_logger.py log_once [line:28] INFO test_accuracy                 0.1110
2024-04-16 15:02:35,256 simple_logger.py log_once [line:28] INFO test_loss                     2.3044
2024-04-16 15:02:35,256 simple_logger.py log_once [line:28] INFO val_accuracy                  0.1125
2024-04-16 15:02:35,256 simple_logger.py log_once [line:28] INFO mean_val_accuracy             0.1125
2024-04-16 15:02:35,256 simple_logger.py log_once [line:28] INFO std_val_accuracy              0.0385
2024-04-16 15:02:35,256 simple_logger.py log_once [line:28] INFO val_loss                      2.3037
2024-04-16 15:02:35,256 simple_logger.py log_once [line:28] INFO mean_val_loss                 2.3037
2024-04-16 15:02:35,256 simple_logger.py log_once [line:28] INFO std_val_loss                  0.0036
2024-04-16 15:02:35,256 fedbase.py run [line:244] INFO Eval Time Cost:               9.1868s
2024-04-16 15:02:51,528 fedbase.py communicate [line:362] INFO Training:                     16.2727s
2024-04-16 15:02:51,623 fedbase.py run [line:251] INFO --------------Round 1--------------
2024-04-16 15:02:51,623 simple_logger.py log_once [line:14] INFO Current_time:1
2024-04-16 15:03:00,759 simple_logger.py log_once [line:28] INFO test_accuracy                 0.1959
2024-04-16 15:03:00,759 simple_logger.py log_once [line:28] INFO test_loss                     2.2221
2024-04-16 15:03:00,759 simple_logger.py log_once [line:28] INFO val_accuracy                  0.1927
2024-04-16 15:03:00,759 simple_logger.py log_once [line:28] INFO mean_val_accuracy             0.1927
2024-04-16 15:03:00,759 simple_logger.py log_once [line:28] INFO std_val_accuracy              0.0491
2024-04-16 15:03:00,759 simple_logger.py log_once [line:28] INFO val_loss                      2.2324
2024-04-16 15:03:00,759 simple_logger.py log_once [line:28] INFO mean_val_loss                 2.2324
2024-04-16 15:03:00,759 simple_logger.py log_once [line:28] INFO std_val_loss                  0.0396
2024-04-16 15:03:00,759 fedbase.py run [line:256] INFO Eval Time Cost:               9.1362s
2024-04-16 15:03:17,007 fedbase.py communicate [line:362] INFO Training:                     16.2317s
2024-04-16 15:03:17,102 fedbase.py run [line:251] INFO --------------Round 2--------------
2024-04-16 15:03:17,102 simple_logger.py log_once [line:14] INFO Current_time:2
2024-04-16 15:03:26,229 simple_logger.py log_once [line:28] INFO test_accuracy                 0.1989
2024-04-16 15:03:26,229 simple_logger.py log_once [line:28] INFO test_loss                     2.1678
2024-04-16 15:03:26,229 simple_logger.py log_once [line:28] INFO val_accuracy                  0.1962
2024-04-16 15:03:26,229 simple_logger.py log_once [line:28] INFO mean_val_accuracy             0.1962
2024-04-16 15:03:26,229 simple_logger.py log_once [line:28] INFO std_val_accuracy              0.0504
2024-04-16 15:03:26,229 simple_logger.py log_once [line:28] INFO val_loss                      2.1836
2024-04-16 15:03:26,245 simple_logger.py log_once [line:28] INFO mean_val_loss                 2.1835
2024-04-16 15:03:26,245 simple_logger.py log_once [line:28] INFO std_val_loss                  0.0523
2024-04-16 15:03:26,245 fedbase.py run [line:256] INFO Eval Time Cost:               9.1429s
2024-04-16 15:03:42,549 fedbase.py communicate [line:362] INFO Training:                     16.3047s
2024-04-16 15:03:42,645 fedbase.py run [line:251] INFO --------------Round 3--------------
2024-04-16 15:03:42,645 simple_logger.py log_once [line:14] INFO Current_time:3
2024-04-16 15:03:51,747 simple_logger.py log_once [line:28] INFO test_accuracy                 0.4450
2024-04-16 15:03:51,747 simple_logger.py log_once [line:28] INFO test_loss                     1.9077
2024-04-16 15:03:51,747 simple_logger.py log_once [line:28] INFO val_accuracy                  0.4345
2024-04-16 15:03:51,747 simple_logger.py log_once [line:28] INFO mean_val_accuracy             0.4345
2024-04-16 15:03:51,747 simple_logger.py log_once [line:28] INFO std_val_accuracy              0.0601
2024-04-16 15:03:51,747 simple_logger.py log_once [line:28] INFO val_loss                      1.9417
2024-04-16 15:03:51,747 simple_logger.py log_once [line:28] INFO mean_val_loss                 1.9417
2024-04-16 15:03:51,747 simple_logger.py log_once [line:28] INFO std_val_loss                  0.0619
2024-04-16 15:03:51,747 fedbase.py run [line:256] INFO Eval Time Cost:               9.1021s
2024-04-16 15:04:08,008 fedbase.py communicate [line:362] INFO Training:                     16.2613s
2024-04-16 15:04:08,119 fedbase.py run [line:251] INFO --------------Round 4--------------
2024-04-16 15:04:08,119 simple_logger.py log_once [line:14] INFO Current_time:4
2024-04-16 15:04:17,165 simple_logger.py log_once [line:28] INFO test_accuracy                 0.6469
2024-04-16 15:04:17,165 simple_logger.py log_once [line:28] INFO test_loss                     1.1927
2024-04-16 15:04:17,165 simple_logger.py log_once [line:28] INFO val_accuracy                  0.6467
2024-04-16 15:04:17,165 simple_logger.py log_once [line:28] INFO mean_val_accuracy             0.6467
2024-04-16 15:04:17,181 simple_logger.py log_once [line:28] INFO std_val_accuracy              0.0577
2024-04-16 15:04:17,181 simple_logger.py log_once [line:28] INFO val_loss                      1.1861
2024-04-16 15:04:17,181 simple_logger.py log_once [line:28] INFO mean_val_loss                 1.1861
2024-04-16 15:04:17,181 simple_logger.py log_once [line:28] INFO std_val_loss                  0.1067
2024-04-16 15:04:17,181 fedbase.py run [line:256] INFO Eval Time Cost:               9.0623s
2024-04-16 15:04:33,572 fedbase.py communicate [line:362] INFO Training:                     16.3910s
2024-04-16 15:04:33,667 fedbase.py run [line:251] INFO --------------Round 5--------------
2024-04-16 15:04:33,667 simple_logger.py log_once [line:14] INFO Current_time:5
2024-04-16 15:04:42,797 simple_logger.py log_once [line:28] INFO test_accuracy                 0.7664
2024-04-16 15:04:42,797 simple_logger.py log_once [line:28] INFO test_loss                     0.8321
2024-04-16 15:04:42,797 simple_logger.py log_once [line:28] INFO val_accuracy                  0.7704
2024-04-16 15:04:42,797 simple_logger.py log_once [line:28] INFO mean_val_accuracy             0.7704
2024-04-16 15:04:42,797 simple_logger.py log_once [line:28] INFO std_val_accuracy              0.0537
2024-04-16 15:04:42,797 simple_logger.py log_once [line:28] INFO val_loss                      0.8129
2024-04-16 15:04:42,797 simple_logger.py log_once [line:28] INFO mean_val_loss                 0.8129
2024-04-16 15:04:42,797 simple_logger.py log_once [line:28] INFO std_val_loss                  0.1321
2024-04-16 15:04:42,797 fedbase.py run [line:256] INFO Eval Time Cost:               9.1308s
2024-04-16 15:04:59,183 fedbase.py communicate [line:362] INFO Training:                     16.3697s
2024-04-16 15:04:59,292 fedbase.py run [line:251] INFO --------------Round 6--------------
2024-04-16 15:04:59,292 simple_logger.py log_once [line:14] INFO Current_time:6
2024-04-16 15:05:08,425 simple_logger.py log_once [line:28] INFO test_accuracy                 0.8044
2024-04-16 15:05:08,425 simple_logger.py log_once [line:28] INFO test_loss                     0.7213
2024-04-16 15:05:08,425 simple_logger.py log_once [line:28] INFO val_accuracy                  0.8149
2024-04-16 15:05:08,425 simple_logger.py log_once [line:28] INFO mean_val_accuracy             0.8149
2024-04-16 15:05:08,425 simple_logger.py log_once [line:28] INFO std_val_accuracy              0.0458
2024-04-16 15:05:08,425 simple_logger.py log_once [line:28] INFO val_loss                      0.6661
2024-04-16 15:05:08,425 simple_logger.py log_once [line:28] INFO mean_val_loss                 0.6661
2024-04-16 15:05:08,425 simple_logger.py log_once [line:28] INFO std_val_loss                  0.1493
2024-04-16 15:05:08,425 fedbase.py run [line:256] INFO Eval Time Cost:               9.1327s
2024-04-16 15:05:24,648 fedbase.py communicate [line:362] INFO Training:                     16.2070s
2024-04-16 15:05:24,743 fedbase.py run [line:251] INFO --------------Round 7--------------
2024-04-16 15:05:24,743 simple_logger.py log_once [line:14] INFO Current_time:7
2024-04-16 15:05:33,801 simple_logger.py log_once [line:28] INFO test_accuracy                 0.8281
2024-04-16 15:05:33,801 simple_logger.py log_once [line:28] INFO test_loss                     0.6686
2024-04-16 15:05:33,801 simple_logger.py log_once [line:28] INFO val_accuracy                  0.8348
2024-04-16 15:05:33,801 simple_logger.py log_once [line:28] INFO mean_val_accuracy             0.8348
2024-04-16 15:05:33,801 simple_logger.py log_once [line:28] INFO std_val_accuracy              0.0452
2024-04-16 15:05:33,801 simple_logger.py log_once [line:28] INFO val_loss                      0.6263
2024-04-16 15:05:33,801 simple_logger.py log_once [line:28] INFO mean_val_loss                 0.6263
2024-04-16 15:05:33,801 simple_logger.py log_once [line:28] INFO std_val_loss                  0.1699
2024-04-16 15:05:33,801 fedbase.py run [line:256] INFO Eval Time Cost:               9.0579s
2024-04-16 15:05:50,191 fedbase.py communicate [line:362] INFO Training:                     16.3730s
2024-04-16 15:05:50,284 fedbase.py run [line:251] INFO --------------Round 8--------------
2024-04-16 15:05:50,284 simple_logger.py log_once [line:14] INFO Current_time:8
2024-04-16 15:05:59,352 simple_logger.py log_once [line:28] INFO test_accuracy                 0.8346
2024-04-16 15:05:59,352 simple_logger.py log_once [line:28] INFO test_loss                     0.6669
2024-04-16 15:05:59,352 simple_logger.py log_once [line:28] INFO val_accuracy                  0.8423
2024-04-16 15:05:59,352 simple_logger.py log_once [line:28] INFO mean_val_accuracy             0.8423
2024-04-16 15:05:59,352 simple_logger.py log_once [line:28] INFO std_val_accuracy              0.0419
2024-04-16 15:05:59,352 simple_logger.py log_once [line:28] INFO val_loss                      0.5988
2024-04-16 15:05:59,352 simple_logger.py log_once [line:28] INFO mean_val_loss                 0.5988
2024-04-16 15:05:59,352 simple_logger.py log_once [line:28] INFO std_val_loss                  0.1731
2024-04-16 15:05:59,352 fedbase.py run [line:256] INFO Eval Time Cost:               9.0681s
2024-04-16 15:06:15,678 fedbase.py communicate [line:362] INFO Training:                     16.3129s
2024-04-16 15:06:15,756 fedbase.py run [line:251] INFO --------------Round 9--------------
2024-04-16 15:06:15,756 simple_logger.py log_once [line:14] INFO Current_time:9
2024-04-16 15:06:24,764 simple_logger.py log_once [line:28] INFO test_accuracy                 0.8415
2024-04-16 15:06:24,764 simple_logger.py log_once [line:28] INFO test_loss                     0.6892
2024-04-16 15:06:24,764 simple_logger.py log_once [line:28] INFO val_accuracy                  0.8511
2024-04-16 15:06:24,764 simple_logger.py log_once [line:28] INFO mean_val_accuracy             0.8511
2024-04-16 15:06:24,764 simple_logger.py log_once [line:28] INFO std_val_accuracy              0.0418
2024-04-16 15:06:24,764 simple_logger.py log_once [line:28] INFO val_loss                      0.6069
2024-04-16 15:06:24,764 simple_logger.py log_once [line:28] INFO mean_val_loss                 0.6069
2024-04-16 15:06:24,764 simple_logger.py log_once [line:28] INFO std_val_loss                  0.2004
2024-04-16 15:06:24,764 fedbase.py run [line:256] INFO Eval Time Cost:               9.0084s
2024-04-16 15:06:41,142 fedbase.py communicate [line:362] INFO Training:                     16.3625s
2024-04-16 15:06:41,220 fedbase.py run [line:251] INFO --------------Round 10--------------
2024-04-16 15:06:41,220 simple_logger.py log_once [line:14] INFO Current_time:10
2024-04-16 15:06:50,353 simple_logger.py log_once [line:28] INFO test_accuracy                 0.8466
2024-04-16 15:06:50,353 simple_logger.py log_once [line:28] INFO test_loss                     0.6783
2024-04-16 15:06:50,353 simple_logger.py log_once [line:28] INFO val_accuracy                  0.8556
2024-04-16 15:06:50,353 simple_logger.py log_once [line:28] INFO mean_val_accuracy             0.8556
2024-04-16 15:06:50,353 simple_logger.py log_once [line:28] INFO std_val_accuracy              0.0405
2024-04-16 15:06:50,353 simple_logger.py log_once [line:28] INFO val_loss                      0.5879
2024-04-16 15:06:50,353 simple_logger.py log_once [line:28] INFO mean_val_loss                 0.5879
2024-04-16 15:06:50,353 simple_logger.py log_once [line:28] INFO std_val_loss                  0.1981
2024-04-16 15:06:50,353 fedbase.py run [line:256] INFO Eval Time Cost:               9.1324s
2024-04-16 15:07:06,676 fedbase.py communicate [line:362] INFO Training:                     16.3233s
2024-04-16 15:07:06,770 fedbase.py run [line:251] INFO --------------Round 11--------------
2024-04-16 15:07:06,770 simple_logger.py log_once [line:14] INFO Current_time:11
2024-04-16 15:07:15,887 simple_logger.py log_once [line:28] INFO test_accuracy                 0.8523
2024-04-16 15:07:15,887 simple_logger.py log_once [line:28] INFO test_loss                     0.6832
2024-04-16 15:07:15,887 simple_logger.py log_once [line:28] INFO val_accuracy                  0.8607
2024-04-16 15:07:15,887 simple_logger.py log_once [line:28] INFO mean_val_accuracy             0.8607
2024-04-16 15:07:15,887 simple_logger.py log_once [line:28] INFO std_val_accuracy              0.0390
2024-04-16 15:07:15,887 simple_logger.py log_once [line:28] INFO val_loss                      0.6007
2024-04-16 15:07:15,887 simple_logger.py log_once [line:28] INFO mean_val_loss                 0.6007
2024-04-16 15:07:15,887 simple_logger.py log_once [line:28] INFO std_val_loss                  0.2087
2024-04-16 15:07:15,887 fedbase.py run [line:256] INFO Eval Time Cost:               9.1164s
2024-04-16 15:07:32,183 fedbase.py communicate [line:362] INFO Training:                     16.2639s
2024-04-16 15:07:32,278 fedbase.py run [line:251] INFO --------------Round 12--------------
2024-04-16 15:07:32,278 simple_logger.py log_once [line:14] INFO Current_time:12
2024-04-16 15:07:41,458 simple_logger.py log_once [line:28] INFO test_accuracy                 0.8538
2024-04-16 15:07:41,458 simple_logger.py log_once [line:28] INFO test_loss                     0.6957
2024-04-16 15:07:41,458 simple_logger.py log_once [line:28] INFO val_accuracy                  0.8641
2024-04-16 15:07:41,458 simple_logger.py log_once [line:28] INFO mean_val_accuracy             0.8641
2024-04-16 15:07:41,458 simple_logger.py log_once [line:28] INFO std_val_accuracy              0.0359
2024-04-16 15:07:41,458 simple_logger.py log_once [line:28] INFO val_loss                      0.5988
2024-04-16 15:07:41,458 simple_logger.py log_once [line:28] INFO mean_val_loss                 0.5988
2024-04-16 15:07:41,458 simple_logger.py log_once [line:28] INFO std_val_loss                  0.2134
2024-04-16 15:07:41,458 fedbase.py run [line:256] INFO Eval Time Cost:               9.1796s
2024-04-16 15:07:57,731 fedbase.py communicate [line:362] INFO Training:                     16.2728s
2024-04-16 15:07:57,826 fedbase.py run [line:251] INFO --------------Round 13--------------
2024-04-16 15:07:57,826 simple_logger.py log_once [line:14] INFO Current_time:13
2024-04-16 15:08:06,952 simple_logger.py log_once [line:28] INFO test_accuracy                 0.8592
2024-04-16 15:08:06,952 simple_logger.py log_once [line:28] INFO test_loss                     0.6581
2024-04-16 15:08:06,952 simple_logger.py log_once [line:28] INFO val_accuracy                  0.8652
2024-04-16 15:08:06,952 simple_logger.py log_once [line:28] INFO mean_val_accuracy             0.8652
2024-04-16 15:08:06,952 simple_logger.py log_once [line:28] INFO std_val_accuracy              0.0386
2024-04-16 15:08:06,952 simple_logger.py log_once [line:28] INFO val_loss                      0.5792
2024-04-16 15:08:06,952 simple_logger.py log_once [line:28] INFO mean_val_loss                 0.5792
2024-04-16 15:08:06,952 simple_logger.py log_once [line:28] INFO std_val_loss                  0.2146
2024-04-16 15:08:06,952 fedbase.py run [line:256] INFO Eval Time Cost:               9.1259s
2024-04-16 15:08:23,242 fedbase.py communicate [line:362] INFO Training:                     16.2746s
2024-04-16 15:08:23,339 fedbase.py run [line:251] INFO --------------Round 14--------------
2024-04-16 15:08:23,339 simple_logger.py log_once [line:14] INFO Current_time:14
2024-04-16 15:08:32,443 simple_logger.py log_once [line:28] INFO test_accuracy                 0.8567
2024-04-16 15:08:32,443 simple_logger.py log_once [line:28] INFO test_loss                     0.6576
2024-04-16 15:08:32,443 simple_logger.py log_once [line:28] INFO val_accuracy                  0.8656
2024-04-16 15:08:32,443 simple_logger.py log_once [line:28] INFO mean_val_accuracy             0.8656
2024-04-16 15:08:32,443 simple_logger.py log_once [line:28] INFO std_val_accuracy              0.0394
2024-04-16 15:08:32,443 simple_logger.py log_once [line:28] INFO val_loss                      0.5785
2024-04-16 15:08:32,443 simple_logger.py log_once [line:28] INFO mean_val_loss                 0.5785
2024-04-16 15:08:32,443 simple_logger.py log_once [line:28] INFO std_val_loss                  0.2104
2024-04-16 15:08:32,443 fedbase.py run [line:256] INFO Eval Time Cost:               9.1036s
2024-04-16 15:08:48,861 fedbase.py communicate [line:362] INFO Training:                     16.3930s
2024-04-16 15:08:48,956 fedbase.py run [line:251] INFO --------------Round 15--------------
2024-04-16 15:08:48,956 simple_logger.py log_once [line:14] INFO Current_time:15
2024-04-16 15:08:58,142 simple_logger.py log_once [line:28] INFO test_accuracy                 0.8622
2024-04-16 15:08:58,142 simple_logger.py log_once [line:28] INFO test_loss                     0.6300
2024-04-16 15:08:58,142 simple_logger.py log_once [line:28] INFO val_accuracy                  0.8719
2024-04-16 15:08:58,142 simple_logger.py log_once [line:28] INFO mean_val_accuracy             0.8719
2024-04-16 15:08:58,142 simple_logger.py log_once [line:28] INFO std_val_accuracy              0.0378
2024-04-16 15:08:58,142 simple_logger.py log_once [line:28] INFO val_loss                      0.5553
2024-04-16 15:08:58,142 simple_logger.py log_once [line:28] INFO mean_val_loss                 0.5553
2024-04-16 15:08:58,142 simple_logger.py log_once [line:28] INFO std_val_loss                  0.2060
2024-04-16 15:08:58,142 fedbase.py run [line:256] INFO Eval Time Cost:               9.1858s
2024-04-16 15:09:14,432 fedbase.py communicate [line:362] INFO Training:                     16.2742s
2024-04-16 15:09:14,525 fedbase.py run [line:251] INFO --------------Round 16--------------
2024-04-16 15:09:14,525 simple_logger.py log_once [line:14] INFO Current_time:16
2024-04-16 15:09:23,625 simple_logger.py log_once [line:28] INFO test_accuracy                 0.8624
2024-04-16 15:09:23,625 simple_logger.py log_once [line:28] INFO test_loss                     0.6542
2024-04-16 15:09:23,625 simple_logger.py log_once [line:28] INFO val_accuracy                  0.8700
2024-04-16 15:09:23,625 simple_logger.py log_once [line:28] INFO mean_val_accuracy             0.8700
2024-04-16 15:09:23,625 simple_logger.py log_once [line:28] INFO std_val_accuracy              0.0392
2024-04-16 15:09:23,625 simple_logger.py log_once [line:28] INFO val_loss                      0.5692
2024-04-16 15:09:23,625 simple_logger.py log_once [line:28] INFO mean_val_loss                 0.5692
2024-04-16 15:09:23,625 simple_logger.py log_once [line:28] INFO std_val_loss                  0.2158
2024-04-16 15:09:23,625 fedbase.py run [line:256] INFO Eval Time Cost:               9.1000s
2024-04-16 15:09:39,908 fedbase.py communicate [line:362] INFO Training:                     16.2669s
2024-04-16 15:09:40,003 fedbase.py run [line:251] INFO --------------Round 17--------------
2024-04-16 15:09:40,003 simple_logger.py log_once [line:14] INFO Current_time:17
2024-04-16 15:09:49,074 simple_logger.py log_once [line:28] INFO test_accuracy                 0.8657
2024-04-16 15:09:49,074 simple_logger.py log_once [line:28] INFO test_loss                     0.6270
2024-04-16 15:09:49,074 simple_logger.py log_once [line:28] INFO val_accuracy                  0.8732
2024-04-16 15:09:49,074 simple_logger.py log_once [line:28] INFO mean_val_accuracy             0.8732
2024-04-16 15:09:49,074 simple_logger.py log_once [line:28] INFO std_val_accuracy              0.0373
2024-04-16 15:09:49,074 simple_logger.py log_once [line:28] INFO val_loss                      0.5492
2024-04-16 15:09:49,074 simple_logger.py log_once [line:28] INFO mean_val_loss                 0.5491
2024-04-16 15:09:49,074 simple_logger.py log_once [line:28] INFO std_val_loss                  0.2120
2024-04-16 15:09:49,074 fedbase.py run [line:256] INFO Eval Time Cost:               9.0703s
2024-04-16 15:10:05,434 fedbase.py communicate [line:362] INFO Training:                     16.3288s
2024-04-16 15:10:05,529 fedbase.py run [line:251] INFO --------------Round 18--------------
2024-04-16 15:10:05,529 simple_logger.py log_once [line:14] INFO Current_time:18
2024-04-16 15:10:14,634 simple_logger.py log_once [line:28] INFO test_accuracy                 0.8686
2024-04-16 15:10:14,634 simple_logger.py log_once [line:28] INFO test_loss                     0.6360
2024-04-16 15:10:14,634 simple_logger.py log_once [line:28] INFO val_accuracy                  0.8770
2024-04-16 15:10:14,634 simple_logger.py log_once [line:28] INFO mean_val_accuracy             0.8770
2024-04-16 15:10:14,634 simple_logger.py log_once [line:28] INFO std_val_accuracy              0.0372
2024-04-16 15:10:14,634 simple_logger.py log_once [line:28] INFO val_loss                      0.5628
2024-04-16 15:10:14,634 simple_logger.py log_once [line:28] INFO mean_val_loss                 0.5628
2024-04-16 15:10:14,634 simple_logger.py log_once [line:28] INFO std_val_loss                  0.2208
2024-04-16 15:10:14,634 fedbase.py run [line:256] INFO Eval Time Cost:               9.1051s
2024-04-16 15:10:31,089 fedbase.py communicate [line:362] INFO Training:                     16.4396s
2024-04-16 15:10:31,184 fedbase.py run [line:251] INFO --------------Round 19--------------
2024-04-16 15:10:31,184 simple_logger.py log_once [line:14] INFO Current_time:19
2024-04-16 15:10:40,376 simple_logger.py log_once [line:28] INFO test_accuracy                 0.8709
2024-04-16 15:10:40,376 simple_logger.py log_once [line:28] INFO test_loss                     0.5977
2024-04-16 15:10:40,376 simple_logger.py log_once [line:28] INFO val_accuracy                  0.8795
2024-04-16 15:10:40,376 simple_logger.py log_once [line:28] INFO mean_val_accuracy             0.8795
2024-04-16 15:10:40,376 simple_logger.py log_once [line:28] INFO std_val_accuracy              0.0372
2024-04-16 15:10:40,376 simple_logger.py log_once [line:28] INFO val_loss                      0.5289
2024-04-16 15:10:40,376 simple_logger.py log_once [line:28] INFO mean_val_loss                 0.5289
2024-04-16 15:10:40,376 simple_logger.py log_once [line:28] INFO std_val_loss                  0.2102
2024-04-16 15:10:40,376 fedbase.py run [line:256] INFO Eval Time Cost:               9.1926s
2024-04-16 15:10:56,722 fedbase.py communicate [line:362] INFO Training:                     16.3137s
2024-04-16 15:10:56,816 fedbase.py run [line:251] INFO --------------Round 20--------------
2024-04-16 15:10:56,816 simple_logger.py log_once [line:14] INFO Current_time:20
2024-04-16 15:11:05,996 simple_logger.py log_once [line:28] INFO test_accuracy                 0.8720
2024-04-16 15:11:05,996 simple_logger.py log_once [line:28] INFO test_loss                     0.5982
2024-04-16 15:11:05,996 simple_logger.py log_once [line:28] INFO val_accuracy                  0.8779
2024-04-16 15:11:05,996 simple_logger.py log_once [line:28] INFO mean_val_accuracy             0.8779
2024-04-16 15:11:05,996 simple_logger.py log_once [line:28] INFO std_val_accuracy              0.0391
2024-04-16 15:11:05,996 simple_logger.py log_once [line:28] INFO val_loss                      0.5213
2024-04-16 15:11:05,996 simple_logger.py log_once [line:28] INFO mean_val_loss                 0.5213
2024-04-16 15:11:05,996 simple_logger.py log_once [line:28] INFO std_val_loss                  0.2073
2024-04-16 15:11:05,996 fedbase.py run [line:256] INFO Eval Time Cost:               9.1800s
2024-04-16 15:11:06,017 fedbase.py run [line:263] INFO =================End==================
2024-04-16 15:11:06,017 fedbase.py run [line:264] INFO Total Time Cost:              519.9476s
