2024-04-16 14:10:33,210 fflow.py init [line:635] INFO PROCESS ID:	12940
2024-04-16 14:10:33,210 fflow.py init [line:636] INFO Initializing devices: cuda:0 will be used for this running.
2024-04-16 14:10:33,210 fflow.py init [line:639] INFO BENCHMARK:	svhn_classification
2024-04-16 14:10:33,210 fflow.py init [line:640] INFO TASK:			./svhn_DP
2024-04-16 14:10:33,210 fflow.py init [line:641] INFO MODEL:		svhn_classification.model.default_model
2024-04-16 14:10:33,210 fflow.py init [line:642] INFO ALGORITHM:	PPFL_DP
2024-04-16 14:10:33,226 fflow.py init [line:681] INFO SCENE:		horizontal FL with 1 <class 'DP.Server'>, 100 <class 'DP.Client'>
2024-04-16 14:10:33,241 fflow.py init [line:698] INFO SIMULATOR:	<class 'flgo.simulator.default_simulator.Simulator'>
2024-04-16 14:10:33,241 fflow.py init [line:711] INFO Ready to start.
2024-04-16 14:19:10,963 fedbase.py _load_checkpoint [line:719] INFO Failed to load checkpoint due to [WinError 3] 系统找不到指定的路径。: './svhn_DP\\checkpoint\\2'
2024-04-16 14:19:10,963 fedbase.py run [line:241] INFO --------------Initial Evaluation--------------
2024-04-16 14:19:10,963 simple_logger.py log_once [line:14] INFO Current_time:0
2024-04-16 14:19:20,042 simple_logger.py log_once [line:28] INFO test_accuracy                 0.1110
2024-04-16 14:19:20,042 simple_logger.py log_once [line:28] INFO test_loss                     2.3044
2024-04-16 14:19:20,042 simple_logger.py log_once [line:28] INFO val_accuracy                  0.1125
2024-04-16 14:19:20,042 simple_logger.py log_once [line:28] INFO mean_val_accuracy             0.1125
2024-04-16 14:19:20,042 simple_logger.py log_once [line:28] INFO std_val_accuracy              0.0385
2024-04-16 14:19:20,042 simple_logger.py log_once [line:28] INFO val_loss                      2.3037
2024-04-16 14:19:20,042 simple_logger.py log_once [line:28] INFO mean_val_loss                 2.3037
2024-04-16 14:19:20,042 simple_logger.py log_once [line:28] INFO std_val_loss                  0.0036
2024-04-16 14:19:20,042 fedbase.py run [line:244] INFO Eval Time Cost:               9.0784s
2024-04-16 14:19:36,368 fedbase.py communicate [line:362] INFO Training:                     16.3266s
2024-04-16 14:19:36,461 fedbase.py run [line:251] INFO --------------Round 1--------------
2024-04-16 14:19:36,461 simple_logger.py log_once [line:14] INFO Current_time:1
2024-04-16 14:19:45,449 simple_logger.py log_once [line:28] INFO test_accuracy                 0.1948
2024-04-16 14:19:45,449 simple_logger.py log_once [line:28] INFO test_loss                     2.2288
2024-04-16 14:19:45,449 simple_logger.py log_once [line:28] INFO val_accuracy                  0.1911
2024-04-16 14:19:45,449 simple_logger.py log_once [line:28] INFO mean_val_accuracy             0.1911
2024-04-16 14:19:45,449 simple_logger.py log_once [line:28] INFO std_val_accuracy              0.0535
2024-04-16 14:19:45,449 simple_logger.py log_once [line:28] INFO val_loss                      2.2403
2024-04-16 14:19:45,449 simple_logger.py log_once [line:28] INFO mean_val_loss                 2.2403
2024-04-16 14:19:45,449 simple_logger.py log_once [line:28] INFO std_val_loss                  0.0380
2024-04-16 14:19:45,449 fedbase.py run [line:256] INFO Eval Time Cost:               8.9880s
2024-04-16 14:20:01,682 fedbase.py communicate [line:362] INFO Training:                     16.2168s
2024-04-16 14:20:01,776 fedbase.py run [line:251] INFO --------------Round 2--------------
2024-04-16 14:20:01,776 simple_logger.py log_once [line:14] INFO Current_time:2
2024-04-16 14:20:10,880 simple_logger.py log_once [line:28] INFO test_accuracy                 0.2312
2024-04-16 14:20:10,880 simple_logger.py log_once [line:28] INFO test_loss                     2.1926
2024-04-16 14:20:10,880 simple_logger.py log_once [line:28] INFO val_accuracy                  0.2259
2024-04-16 14:20:10,880 simple_logger.py log_once [line:28] INFO mean_val_accuracy             0.2259
2024-04-16 14:20:10,880 simple_logger.py log_once [line:28] INFO std_val_accuracy              0.0570
2024-04-16 14:20:10,880 simple_logger.py log_once [line:28] INFO val_loss                      2.2041
2024-04-16 14:20:10,880 simple_logger.py log_once [line:28] INFO mean_val_loss                 2.2041
2024-04-16 14:20:10,880 simple_logger.py log_once [line:28] INFO std_val_loss                  0.0434
2024-04-16 14:20:10,880 fedbase.py run [line:256] INFO Eval Time Cost:               9.1047s
2024-04-16 14:20:27,193 fedbase.py communicate [line:362] INFO Training:                     16.2962s
2024-04-16 14:20:27,286 fedbase.py run [line:251] INFO --------------Round 3--------------
2024-04-16 14:20:27,286 simple_logger.py log_once [line:14] INFO Current_time:3
2024-04-16 14:20:36,410 simple_logger.py log_once [line:28] INFO test_accuracy                 0.4339
2024-04-16 14:20:36,410 simple_logger.py log_once [line:28] INFO test_loss                     1.7510
2024-04-16 14:20:36,410 simple_logger.py log_once [line:28] INFO val_accuracy                  0.4248
2024-04-16 14:20:36,410 simple_logger.py log_once [line:28] INFO mean_val_accuracy             0.4248
2024-04-16 14:20:36,410 simple_logger.py log_once [line:28] INFO std_val_accuracy              0.0598
2024-04-16 14:20:36,410 simple_logger.py log_once [line:28] INFO val_loss                      1.7810
2024-04-16 14:20:36,410 simple_logger.py log_once [line:28] INFO mean_val_loss                 1.7810
2024-04-16 14:20:36,410 simple_logger.py log_once [line:28] INFO std_val_loss                  0.0781
2024-04-16 14:20:36,410 fedbase.py run [line:256] INFO Eval Time Cost:               9.1237s
2024-04-16 14:20:52,730 fedbase.py communicate [line:362] INFO Training:                     16.3198s
2024-04-16 14:20:52,823 fedbase.py run [line:251] INFO --------------Round 4--------------
2024-04-16 14:20:52,823 simple_logger.py log_once [line:14] INFO Current_time:4
2024-04-16 14:21:01,887 simple_logger.py log_once [line:28] INFO test_accuracy                 0.6936
2024-04-16 14:21:01,887 simple_logger.py log_once [line:28] INFO test_loss                     1.0398
2024-04-16 14:21:01,887 simple_logger.py log_once [line:28] INFO val_accuracy                  0.6936
2024-04-16 14:21:01,887 simple_logger.py log_once [line:28] INFO mean_val_accuracy             0.6936
2024-04-16 14:21:01,887 simple_logger.py log_once [line:28] INFO std_val_accuracy              0.0627
2024-04-16 14:21:01,887 simple_logger.py log_once [line:28] INFO val_loss                      1.0488
2024-04-16 14:21:01,887 simple_logger.py log_once [line:28] INFO mean_val_loss                 1.0488
2024-04-16 14:21:01,887 simple_logger.py log_once [line:28] INFO std_val_loss                  0.1287
2024-04-16 14:21:01,887 fedbase.py run [line:256] INFO Eval Time Cost:               9.0643s
2024-04-16 14:21:18,293 fedbase.py communicate [line:362] INFO Training:                     16.3891s
2024-04-16 14:21:18,370 fedbase.py run [line:251] INFO --------------Round 5--------------
2024-04-16 14:21:18,370 simple_logger.py log_once [line:14] INFO Current_time:5
2024-04-16 14:21:27,474 simple_logger.py log_once [line:28] INFO test_accuracy                 0.7677
2024-04-16 14:21:27,474 simple_logger.py log_once [line:28] INFO test_loss                     0.8200
2024-04-16 14:21:27,474 simple_logger.py log_once [line:28] INFO val_accuracy                  0.7690
2024-04-16 14:21:27,474 simple_logger.py log_once [line:28] INFO mean_val_accuracy             0.7690
2024-04-16 14:21:27,474 simple_logger.py log_once [line:28] INFO std_val_accuracy              0.0590
2024-04-16 14:21:27,474 simple_logger.py log_once [line:28] INFO val_loss                      0.8105
2024-04-16 14:21:27,474 simple_logger.py log_once [line:28] INFO mean_val_loss                 0.8105
2024-04-16 14:21:27,474 simple_logger.py log_once [line:28] INFO std_val_loss                  0.1569
2024-04-16 14:21:27,474 fedbase.py run [line:256] INFO Eval Time Cost:               9.1034s
2024-04-16 14:21:43,853 fedbase.py communicate [line:362] INFO Training:                     16.3480s
2024-04-16 14:21:43,948 fedbase.py run [line:251] INFO --------------Round 6--------------
2024-04-16 14:21:43,948 simple_logger.py log_once [line:14] INFO Current_time:6
2024-04-16 14:21:53,018 simple_logger.py log_once [line:28] INFO test_accuracy                 0.7902
2024-04-16 14:21:53,018 simple_logger.py log_once [line:28] INFO test_loss                     0.8159
2024-04-16 14:21:53,018 simple_logger.py log_once [line:28] INFO val_accuracy                  0.7945
2024-04-16 14:21:53,018 simple_logger.py log_once [line:28] INFO mean_val_accuracy             0.7945
2024-04-16 14:21:53,018 simple_logger.py log_once [line:28] INFO std_val_accuracy              0.0514
2024-04-16 14:21:53,018 simple_logger.py log_once [line:28] INFO val_loss                      0.7542
2024-04-16 14:21:53,018 simple_logger.py log_once [line:28] INFO mean_val_loss                 0.7542
2024-04-16 14:21:53,018 simple_logger.py log_once [line:28] INFO std_val_loss                  0.1857
2024-04-16 14:21:53,018 fedbase.py run [line:256] INFO Eval Time Cost:               9.0704s
2024-04-16 14:22:09,275 fedbase.py communicate [line:362] INFO Training:                     16.2409s
2024-04-16 14:22:09,354 fedbase.py run [line:251] INFO --------------Round 7--------------
2024-04-16 14:22:09,354 simple_logger.py log_once [line:14] INFO Current_time:7
2024-04-16 14:22:18,477 simple_logger.py log_once [line:28] INFO test_accuracy                 0.8089
2024-04-16 14:22:18,477 simple_logger.py log_once [line:28] INFO test_loss                     0.7881
2024-04-16 14:22:18,477 simple_logger.py log_once [line:28] INFO val_accuracy                  0.8062
2024-04-16 14:22:18,477 simple_logger.py log_once [line:28] INFO mean_val_accuracy             0.8062
2024-04-16 14:22:18,477 simple_logger.py log_once [line:28] INFO std_val_accuracy              0.0505
2024-04-16 14:22:18,477 simple_logger.py log_once [line:28] INFO val_loss                      0.7242
2024-04-16 14:22:18,477 simple_logger.py log_once [line:28] INFO mean_val_loss                 0.7242
2024-04-16 14:22:18,477 simple_logger.py log_once [line:28] INFO std_val_loss                  0.1854
2024-04-16 14:22:18,477 fedbase.py run [line:256] INFO Eval Time Cost:               9.1226s
2024-04-16 14:22:34,785 fedbase.py communicate [line:362] INFO Training:                     16.2926s
2024-04-16 14:22:34,864 fedbase.py run [line:251] INFO --------------Round 8--------------
2024-04-16 14:22:34,864 simple_logger.py log_once [line:14] INFO Current_time:8
2024-04-16 14:22:44,044 simple_logger.py log_once [line:28] INFO test_accuracy                 0.8188
2024-04-16 14:22:44,044 simple_logger.py log_once [line:28] INFO test_loss                     0.8135
2024-04-16 14:22:44,044 simple_logger.py log_once [line:28] INFO val_accuracy                  0.8182
2024-04-16 14:22:44,044 simple_logger.py log_once [line:28] INFO mean_val_accuracy             0.8182
2024-04-16 14:22:44,044 simple_logger.py log_once [line:28] INFO std_val_accuracy              0.0454
2024-04-16 14:22:44,044 simple_logger.py log_once [line:28] INFO val_loss                      0.7368
2024-04-16 14:22:44,044 simple_logger.py log_once [line:28] INFO mean_val_loss                 0.7368
2024-04-16 14:22:44,044 simple_logger.py log_once [line:28] INFO std_val_loss                  0.2035
2024-04-16 14:22:44,044 fedbase.py run [line:256] INFO Eval Time Cost:               9.1806s
2024-04-16 14:23:00,292 fedbase.py communicate [line:362] INFO Training:                     16.2322s
2024-04-16 14:23:00,388 fedbase.py run [line:251] INFO --------------Round 9--------------
2024-04-16 14:23:00,388 simple_logger.py log_once [line:14] INFO Current_time:9
2024-04-16 14:23:09,440 simple_logger.py log_once [line:28] INFO test_accuracy                 0.7996
2024-04-16 14:23:09,440 simple_logger.py log_once [line:28] INFO test_loss                     0.8788
2024-04-16 14:23:09,440 simple_logger.py log_once [line:28] INFO val_accuracy                  0.8118
2024-04-16 14:23:09,440 simple_logger.py log_once [line:28] INFO mean_val_accuracy             0.8118
2024-04-16 14:23:09,440 simple_logger.py log_once [line:28] INFO std_val_accuracy              0.0475
2024-04-16 14:23:09,440 simple_logger.py log_once [line:28] INFO val_loss                      0.7492
2024-04-16 14:23:09,440 simple_logger.py log_once [line:28] INFO mean_val_loss                 0.7491
2024-04-16 14:23:09,440 simple_logger.py log_once [line:28] INFO std_val_loss                  0.1994
2024-04-16 14:23:09,440 fedbase.py run [line:256] INFO Eval Time Cost:               9.0522s
2024-04-16 14:23:25,788 fedbase.py communicate [line:362] INFO Training:                     16.3273s
2024-04-16 14:23:25,866 fedbase.py run [line:251] INFO --------------Round 10--------------
2024-04-16 14:23:25,866 simple_logger.py log_once [line:14] INFO Current_time:10
2024-04-16 14:23:34,921 simple_logger.py log_once [line:28] INFO test_accuracy                 0.8170
2024-04-16 14:23:34,921 simple_logger.py log_once [line:28] INFO test_loss                     0.9000
2024-04-16 14:23:34,921 simple_logger.py log_once [line:28] INFO val_accuracy                  0.8203
2024-04-16 14:23:34,921 simple_logger.py log_once [line:28] INFO mean_val_accuracy             0.8203
2024-04-16 14:23:34,921 simple_logger.py log_once [line:28] INFO std_val_accuracy              0.0461
2024-04-16 14:23:34,921 simple_logger.py log_once [line:28] INFO val_loss                      0.7950
2024-04-16 14:23:34,921 simple_logger.py log_once [line:28] INFO mean_val_loss                 0.7950
2024-04-16 14:23:34,921 simple_logger.py log_once [line:28] INFO std_val_loss                  0.2500
2024-04-16 14:23:34,921 fedbase.py run [line:256] INFO Eval Time Cost:               9.0551s
2024-04-16 14:23:51,196 fedbase.py communicate [line:362] INFO Training:                     16.2749s
2024-04-16 14:23:51,291 fedbase.py run [line:251] INFO --------------Round 11--------------
2024-04-16 14:23:51,291 simple_logger.py log_once [line:14] INFO Current_time:11
2024-04-16 14:24:00,348 simple_logger.py log_once [line:28] INFO test_accuracy                 0.8226
2024-04-16 14:24:00,348 simple_logger.py log_once [line:28] INFO test_loss                     0.8222
2024-04-16 14:24:00,363 simple_logger.py log_once [line:28] INFO val_accuracy                  0.8241
2024-04-16 14:24:00,363 simple_logger.py log_once [line:28] INFO mean_val_accuracy             0.8241
2024-04-16 14:24:00,363 simple_logger.py log_once [line:28] INFO std_val_accuracy              0.0442
2024-04-16 14:24:00,363 simple_logger.py log_once [line:28] INFO val_loss                      0.7261
2024-04-16 14:24:00,363 simple_logger.py log_once [line:28] INFO mean_val_loss                 0.7260
2024-04-16 14:24:00,363 simple_logger.py log_once [line:28] INFO std_val_loss                  0.2139
2024-04-16 14:24:00,363 fedbase.py run [line:256] INFO Eval Time Cost:               9.0726s
2024-04-16 14:24:16,601 fedbase.py communicate [line:362] INFO Training:                     16.2377s
2024-04-16 14:24:16,679 fedbase.py run [line:251] INFO --------------Round 12--------------
2024-04-16 14:24:16,695 simple_logger.py log_once [line:14] INFO Current_time:12
2024-04-16 14:24:25,738 simple_logger.py log_once [line:28] INFO test_accuracy                 0.8158
2024-04-16 14:24:25,738 simple_logger.py log_once [line:28] INFO test_loss                     0.8616
2024-04-16 14:24:25,738 simple_logger.py log_once [line:28] INFO val_accuracy                  0.8214
2024-04-16 14:24:25,738 simple_logger.py log_once [line:28] INFO mean_val_accuracy             0.8214
2024-04-16 14:24:25,738 simple_logger.py log_once [line:28] INFO std_val_accuracy              0.0442
2024-04-16 14:24:25,738 simple_logger.py log_once [line:28] INFO val_loss                      0.7463
2024-04-16 14:24:25,738 simple_logger.py log_once [line:28] INFO mean_val_loss                 0.7463
2024-04-16 14:24:25,738 simple_logger.py log_once [line:28] INFO std_val_loss                  0.2221
2024-04-16 14:24:25,738 fedbase.py run [line:256] INFO Eval Time Cost:               9.0432s
2024-04-16 14:24:42,014 fedbase.py communicate [line:362] INFO Training:                     16.2600s
2024-04-16 14:24:42,109 fedbase.py run [line:251] INFO --------------Round 13--------------
2024-04-16 14:24:42,109 simple_logger.py log_once [line:14] INFO Current_time:13
2024-04-16 14:24:51,144 simple_logger.py log_once [line:28] INFO test_accuracy                 0.8137
2024-04-16 14:24:51,144 simple_logger.py log_once [line:28] INFO test_loss                     0.8758
2024-04-16 14:24:51,144 simple_logger.py log_once [line:28] INFO val_accuracy                  0.8289
2024-04-16 14:24:51,144 simple_logger.py log_once [line:28] INFO mean_val_accuracy             0.8289
2024-04-16 14:24:51,144 simple_logger.py log_once [line:28] INFO std_val_accuracy              0.0421
2024-04-16 14:24:51,144 simple_logger.py log_once [line:28] INFO val_loss                      0.7375
2024-04-16 14:24:51,144 simple_logger.py log_once [line:28] INFO mean_val_loss                 0.7375
2024-04-16 14:24:51,144 simple_logger.py log_once [line:28] INFO std_val_loss                  0.2246
2024-04-16 14:24:51,144 fedbase.py run [line:256] INFO Eval Time Cost:               9.0353s
2024-04-16 14:25:07,445 fedbase.py communicate [line:362] INFO Training:                     16.2844s
2024-04-16 14:25:07,540 fedbase.py run [line:251] INFO --------------Round 14--------------
2024-04-16 14:25:07,540 simple_logger.py log_once [line:14] INFO Current_time:14
2024-04-16 14:25:16,623 simple_logger.py log_once [line:28] INFO test_accuracy                 0.8216
2024-04-16 14:25:16,623 simple_logger.py log_once [line:28] INFO test_loss                     0.8382
2024-04-16 14:25:16,623 simple_logger.py log_once [line:28] INFO val_accuracy                  0.8284
2024-04-16 14:25:16,623 simple_logger.py log_once [line:28] INFO mean_val_accuracy             0.8284
2024-04-16 14:25:16,623 simple_logger.py log_once [line:28] INFO std_val_accuracy              0.0434
2024-04-16 14:25:16,623 simple_logger.py log_once [line:28] INFO val_loss                      0.7580
2024-04-16 14:25:16,623 simple_logger.py log_once [line:28] INFO mean_val_loss                 0.7580
2024-04-16 14:25:16,623 simple_logger.py log_once [line:28] INFO std_val_loss                  0.2285
2024-04-16 14:25:16,623 fedbase.py run [line:256] INFO Eval Time Cost:               9.0822s
2024-04-16 14:25:32,898 fedbase.py communicate [line:362] INFO Training:                     16.2591s
2024-04-16 14:25:32,992 fedbase.py run [line:251] INFO --------------Round 15--------------
2024-04-16 14:25:32,992 simple_logger.py log_once [line:14] INFO Current_time:15
2024-04-16 14:25:42,046 simple_logger.py log_once [line:28] INFO test_accuracy                 0.8273
2024-04-16 14:25:42,046 simple_logger.py log_once [line:28] INFO test_loss                     0.8340
2024-04-16 14:25:42,046 simple_logger.py log_once [line:28] INFO val_accuracy                  0.8338
2024-04-16 14:25:42,046 simple_logger.py log_once [line:28] INFO mean_val_accuracy             0.8338
2024-04-16 14:25:42,046 simple_logger.py log_once [line:28] INFO std_val_accuracy              0.0388
2024-04-16 14:25:42,046 simple_logger.py log_once [line:28] INFO val_loss                      0.7567
2024-04-16 14:25:42,046 simple_logger.py log_once [line:28] INFO mean_val_loss                 0.7567
2024-04-16 14:25:42,046 simple_logger.py log_once [line:28] INFO std_val_loss                  0.2452
2024-04-16 14:25:42,046 fedbase.py run [line:256] INFO Eval Time Cost:               9.0547s
2024-04-16 14:25:58,421 fedbase.py communicate [line:362] INFO Training:                     16.3567s
2024-04-16 14:25:58,499 fedbase.py run [line:251] INFO --------------Round 16--------------
2024-04-16 14:25:58,515 simple_logger.py log_once [line:14] INFO Current_time:16
2024-04-16 14:26:07,722 simple_logger.py log_once [line:28] INFO test_accuracy                 0.8206
2024-04-16 14:26:07,722 simple_logger.py log_once [line:28] INFO test_loss                     0.8542
2024-04-16 14:26:07,722 simple_logger.py log_once [line:28] INFO val_accuracy                  0.8389
2024-04-16 14:26:07,722 simple_logger.py log_once [line:28] INFO mean_val_accuracy             0.8389
2024-04-16 14:26:07,722 simple_logger.py log_once [line:28] INFO std_val_accuracy              0.0449
2024-04-16 14:26:07,722 simple_logger.py log_once [line:28] INFO val_loss                      0.7264
2024-04-16 14:26:07,722 simple_logger.py log_once [line:28] INFO mean_val_loss                 0.7264
2024-04-16 14:26:07,722 simple_logger.py log_once [line:28] INFO std_val_loss                  0.2275
2024-04-16 14:26:07,722 fedbase.py run [line:256] INFO Eval Time Cost:               9.2074s
2024-04-16 14:26:24,039 fedbase.py communicate [line:362] INFO Training:                     16.2894s
2024-04-16 14:26:24,149 fedbase.py run [line:251] INFO --------------Round 17--------------
2024-04-16 14:26:24,149 simple_logger.py log_once [line:14] INFO Current_time:17
2024-04-16 14:26:33,182 simple_logger.py log_once [line:28] INFO test_accuracy                 0.8291
2024-04-16 14:26:33,182 simple_logger.py log_once [line:28] INFO test_loss                     0.8620
2024-04-16 14:26:33,182 simple_logger.py log_once [line:28] INFO val_accuracy                  0.8382
2024-04-16 14:26:33,182 simple_logger.py log_once [line:28] INFO mean_val_accuracy             0.8382
2024-04-16 14:26:33,182 simple_logger.py log_once [line:28] INFO std_val_accuracy              0.0433
2024-04-16 14:26:33,182 simple_logger.py log_once [line:28] INFO val_loss                      0.7572
2024-04-16 14:26:33,182 simple_logger.py log_once [line:28] INFO mean_val_loss                 0.7572
2024-04-16 14:26:33,182 simple_logger.py log_once [line:28] INFO std_val_loss                  0.2470
2024-04-16 14:26:33,182 fedbase.py run [line:256] INFO Eval Time Cost:               9.0331s
2024-04-16 14:26:49,452 fedbase.py communicate [line:362] INFO Training:                     16.2506s
2024-04-16 14:26:49,563 fedbase.py run [line:251] INFO --------------Round 18--------------
2024-04-16 14:26:49,563 simple_logger.py log_once [line:14] INFO Current_time:18
2024-04-16 14:26:58,653 simple_logger.py log_once [line:28] INFO test_accuracy                 0.8248
2024-04-16 14:26:58,653 simple_logger.py log_once [line:28] INFO test_loss                     0.8412
2024-04-16 14:26:58,653 simple_logger.py log_once [line:28] INFO val_accuracy                  0.8308
2024-04-16 14:26:58,653 simple_logger.py log_once [line:28] INFO mean_val_accuracy             0.8308
2024-04-16 14:26:58,653 simple_logger.py log_once [line:28] INFO std_val_accuracy              0.0455
2024-04-16 14:26:58,653 simple_logger.py log_once [line:28] INFO val_loss                      0.7452
2024-04-16 14:26:58,653 simple_logger.py log_once [line:28] INFO mean_val_loss                 0.7452
2024-04-16 14:26:58,653 simple_logger.py log_once [line:28] INFO std_val_loss                  0.2300
2024-04-16 14:26:58,653 fedbase.py run [line:256] INFO Eval Time Cost:               9.0904s
2024-04-16 14:27:14,937 fedbase.py communicate [line:362] INFO Training:                     16.2841s
2024-04-16 14:27:15,031 fedbase.py run [line:251] INFO --------------Round 19--------------
2024-04-16 14:27:15,031 simple_logger.py log_once [line:14] INFO Current_time:19
2024-04-16 14:27:24,088 simple_logger.py log_once [line:28] INFO test_accuracy                 0.8230
2024-04-16 14:27:24,088 simple_logger.py log_once [line:28] INFO test_loss                     0.8618
2024-04-16 14:27:24,088 simple_logger.py log_once [line:28] INFO val_accuracy                  0.8311
2024-04-16 14:27:24,088 simple_logger.py log_once [line:28] INFO mean_val_accuracy             0.8311
2024-04-16 14:27:24,088 simple_logger.py log_once [line:28] INFO std_val_accuracy              0.0457
2024-04-16 14:27:24,088 simple_logger.py log_once [line:28] INFO val_loss                      0.7587
2024-04-16 14:27:24,088 simple_logger.py log_once [line:28] INFO mean_val_loss                 0.7587
2024-04-16 14:27:24,088 simple_logger.py log_once [line:28] INFO std_val_loss                  0.2369
2024-04-16 14:27:24,088 fedbase.py run [line:256] INFO Eval Time Cost:               9.0572s
2024-04-16 14:27:40,290 fedbase.py communicate [line:362] INFO Training:                     16.2017s
2024-04-16 14:27:40,383 fedbase.py run [line:251] INFO --------------Round 20--------------
2024-04-16 14:27:40,383 simple_logger.py log_once [line:14] INFO Current_time:20
2024-04-16 14:27:49,480 simple_logger.py log_once [line:28] INFO test_accuracy                 0.8192
2024-04-16 14:27:49,480 simple_logger.py log_once [line:28] INFO test_loss                     0.8945
2024-04-16 14:27:49,480 simple_logger.py log_once [line:28] INFO val_accuracy                  0.8326
2024-04-16 14:27:49,480 simple_logger.py log_once [line:28] INFO mean_val_accuracy             0.8326
2024-04-16 14:27:49,480 simple_logger.py log_once [line:28] INFO std_val_accuracy              0.0477
2024-04-16 14:27:49,480 simple_logger.py log_once [line:28] INFO val_loss                      0.7716
2024-04-16 14:27:49,480 simple_logger.py log_once [line:28] INFO mean_val_loss                 0.7716
2024-04-16 14:27:49,480 simple_logger.py log_once [line:28] INFO std_val_loss                  0.2386
2024-04-16 14:27:49,480 fedbase.py run [line:256] INFO Eval Time Cost:               9.0974s
2024-04-16 14:27:49,496 fedbase.py run [line:263] INFO =================End==================
2024-04-16 14:27:49,496 fedbase.py run [line:264] INFO Total Time Cost:              518.5328s
