2024-04-15 21:48:22,729 fflow.py init [line:635] INFO PROCESS ID:	14448
2024-04-15 21:48:22,729 fflow.py init [line:636] INFO Initializing devices: cuda:0 will be used for this running.
2024-04-15 21:48:22,745 fflow.py init [line:639] INFO BENCHMARK:	svhn_classification
2024-04-15 21:48:22,745 fflow.py init [line:640] INFO TASK:			./svhn_DP_seq
2024-04-15 21:48:22,745 fflow.py init [line:641] INFO MODEL:		svhn_classification.model.default_model
2024-04-15 21:48:22,745 fflow.py init [line:642] INFO ALGORITHM:	PPFL_DP
2024-04-15 21:48:22,760 fflow.py init [line:681] INFO SCENE:		horizontal FL with 1 <class 'DP.Server'>, 100 <class 'DP.Client'>
2024-04-15 21:48:22,760 fflow.py init [line:698] INFO SIMULATOR:	<class 'flgo.simulator.default_simulator.Simulator'>
2024-04-15 21:48:22,760 fflow.py init [line:711] INFO Ready to start.
2024-04-15 22:47:23,697 fedbase.py _load_checkpoint [line:719] INFO Failed to load checkpoint due to [WinError 3] 系统找不到指定的路径。: './svhn_DP_seq\\checkpoint\\7'
2024-04-15 22:47:23,697 fedbase.py run [line:241] INFO --------------Initial Evaluation--------------
2024-04-15 22:47:23,697 simple_logger.py log_once [line:14] INFO Current_time:0
2024-04-15 22:47:32,728 simple_logger.py log_once [line:28] INFO test_accuracy                 0.1110
2024-04-15 22:47:32,728 simple_logger.py log_once [line:28] INFO test_loss                     2.3044
2024-04-15 22:47:32,728 simple_logger.py log_once [line:28] INFO val_accuracy                  0.1125
2024-04-15 22:47:32,728 simple_logger.py log_once [line:28] INFO mean_val_accuracy             0.1125
2024-04-15 22:47:32,728 simple_logger.py log_once [line:28] INFO std_val_accuracy              0.0385
2024-04-15 22:47:32,728 simple_logger.py log_once [line:28] INFO val_loss                      2.3037
2024-04-15 22:47:32,728 simple_logger.py log_once [line:28] INFO mean_val_loss                 2.3037
2024-04-15 22:47:32,728 simple_logger.py log_once [line:28] INFO std_val_loss                  0.0036
2024-04-15 22:47:32,728 fedbase.py run [line:244] INFO Eval Time Cost:               9.0302s
2024-04-15 22:47:49,314 fedbase.py communicate [line:362] INFO Training:                     16.5864s
2024-04-15 22:47:49,408 fedbase.py run [line:251] INFO --------------Round 1--------------
2024-04-15 22:47:49,408 simple_logger.py log_once [line:14] INFO Current_time:1
2024-04-15 22:47:58,474 simple_logger.py log_once [line:28] INFO test_accuracy                 0.1959
2024-04-15 22:47:58,474 simple_logger.py log_once [line:28] INFO test_loss                     2.2235
2024-04-15 22:47:58,474 simple_logger.py log_once [line:28] INFO val_accuracy                  0.1927
2024-04-15 22:47:58,474 simple_logger.py log_once [line:28] INFO mean_val_accuracy             0.1927
2024-04-15 22:47:58,474 simple_logger.py log_once [line:28] INFO std_val_accuracy              0.0491
2024-04-15 22:47:58,474 simple_logger.py log_once [line:28] INFO val_loss                      2.2326
2024-04-15 22:47:58,474 simple_logger.py log_once [line:28] INFO mean_val_loss                 2.2326
2024-04-15 22:47:58,474 simple_logger.py log_once [line:28] INFO std_val_loss                  0.0397
2024-04-15 22:47:58,474 fedbase.py run [line:256] INFO Eval Time Cost:               9.0661s
2024-04-15 22:48:15,107 fedbase.py communicate [line:362] INFO Training:                     16.6176s
2024-04-15 22:48:15,202 fedbase.py run [line:251] INFO --------------Round 2--------------
2024-04-15 22:48:15,202 simple_logger.py log_once [line:14] INFO Current_time:2
2024-04-15 22:48:24,259 simple_logger.py log_once [line:28] INFO test_accuracy                 0.2000
2024-04-15 22:48:24,259 simple_logger.py log_once [line:28] INFO test_loss                     2.1594
2024-04-15 22:48:24,259 simple_logger.py log_once [line:28] INFO val_accuracy                  0.1955
2024-04-15 22:48:24,259 simple_logger.py log_once [line:28] INFO mean_val_accuracy             0.1955
2024-04-15 22:48:24,259 simple_logger.py log_once [line:28] INFO std_val_accuracy              0.0502
2024-04-15 22:48:24,259 simple_logger.py log_once [line:28] INFO val_loss                      2.1749
2024-04-15 22:48:24,259 simple_logger.py log_once [line:28] INFO mean_val_loss                 2.1749
2024-04-15 22:48:24,259 simple_logger.py log_once [line:28] INFO std_val_loss                  0.0567
2024-04-15 22:48:24,259 fedbase.py run [line:256] INFO Eval Time Cost:               9.0572s
2024-04-15 22:48:40,975 fedbase.py communicate [line:362] INFO Training:                     16.6940s
2024-04-15 22:48:41,069 fedbase.py run [line:251] INFO --------------Round 3--------------
2024-04-15 22:48:41,069 simple_logger.py log_once [line:14] INFO Current_time:3
2024-04-15 22:48:50,071 simple_logger.py log_once [line:28] INFO test_accuracy                 0.4573
2024-04-15 22:48:50,071 simple_logger.py log_once [line:28] INFO test_loss                     1.8052
2024-04-15 22:48:50,071 simple_logger.py log_once [line:28] INFO val_accuracy                  0.4497
2024-04-15 22:48:50,071 simple_logger.py log_once [line:28] INFO mean_val_accuracy             0.4497
2024-04-15 22:48:50,071 simple_logger.py log_once [line:28] INFO std_val_accuracy              0.0540
2024-04-15 22:48:50,071 simple_logger.py log_once [line:28] INFO val_loss                      1.8345
2024-04-15 22:48:50,071 simple_logger.py log_once [line:28] INFO mean_val_loss                 1.8345
2024-04-15 22:48:50,071 simple_logger.py log_once [line:28] INFO std_val_loss                  0.0758
2024-04-15 22:48:50,071 fedbase.py run [line:256] INFO Eval Time Cost:               9.0011s
2024-04-15 22:49:06,808 fedbase.py communicate [line:362] INFO Training:                     16.7373s
2024-04-15 22:49:06,901 fedbase.py run [line:251] INFO --------------Round 4--------------
2024-04-15 22:49:06,901 simple_logger.py log_once [line:14] INFO Current_time:4
2024-04-15 22:49:16,197 simple_logger.py log_once [line:28] INFO test_accuracy                 0.6712
2024-04-15 22:49:16,197 simple_logger.py log_once [line:28] INFO test_loss                     1.2174
2024-04-15 22:49:16,197 simple_logger.py log_once [line:28] INFO val_accuracy                  0.6655
2024-04-15 22:49:16,197 simple_logger.py log_once [line:28] INFO mean_val_accuracy             0.6655
2024-04-15 22:49:16,197 simple_logger.py log_once [line:28] INFO std_val_accuracy              0.0580
2024-04-15 22:49:16,197 simple_logger.py log_once [line:28] INFO val_loss                      1.2261
2024-04-15 22:49:16,197 simple_logger.py log_once [line:28] INFO mean_val_loss                 1.2261
2024-04-15 22:49:16,197 simple_logger.py log_once [line:28] INFO std_val_loss                  0.0967
2024-04-15 22:49:16,197 fedbase.py run [line:256] INFO Eval Time Cost:               9.2956s
2024-04-15 22:49:33,020 fedbase.py communicate [line:362] INFO Training:                     16.8079s
2024-04-15 22:49:33,115 fedbase.py run [line:251] INFO --------------Round 5--------------
2024-04-15 22:49:33,115 simple_logger.py log_once [line:14] INFO Current_time:5
2024-04-15 22:49:43,408 simple_logger.py log_once [line:28] INFO test_accuracy                 0.7713
2024-04-15 22:49:43,408 simple_logger.py log_once [line:28] INFO test_loss                     0.8268
2024-04-15 22:49:43,408 simple_logger.py log_once [line:28] INFO val_accuracy                  0.7793
2024-04-15 22:49:43,408 simple_logger.py log_once [line:28] INFO mean_val_accuracy             0.7793
2024-04-15 22:49:43,408 simple_logger.py log_once [line:28] INFO std_val_accuracy              0.0540
2024-04-15 22:49:43,408 simple_logger.py log_once [line:28] INFO val_loss                      0.7946
2024-04-15 22:49:43,408 simple_logger.py log_once [line:28] INFO mean_val_loss                 0.7946
2024-04-15 22:49:43,408 simple_logger.py log_once [line:28] INFO std_val_loss                  0.1210
2024-04-15 22:49:43,408 fedbase.py run [line:256] INFO Eval Time Cost:               10.2924s
2024-04-15 22:50:08,272 fedbase.py communicate [line:362] INFO Training:                     24.8362s
2024-04-15 22:50:08,442 fedbase.py run [line:251] INFO --------------Round 6--------------
2024-04-15 22:50:08,442 simple_logger.py log_once [line:14] INFO Current_time:6
2024-04-15 22:50:23,441 simple_logger.py log_once [line:28] INFO test_accuracy                 0.7992
2024-04-15 22:50:23,442 simple_logger.py log_once [line:28] INFO test_loss                     0.7210
2024-04-15 22:50:23,442 simple_logger.py log_once [line:28] INFO val_accuracy                  0.8070
2024-04-15 22:50:23,442 simple_logger.py log_once [line:28] INFO mean_val_accuracy             0.8070
2024-04-15 22:50:23,442 simple_logger.py log_once [line:28] INFO std_val_accuracy              0.0465
2024-04-15 22:50:23,442 simple_logger.py log_once [line:28] INFO val_loss                      0.6790
2024-04-15 22:50:23,442 simple_logger.py log_once [line:28] INFO mean_val_loss                 0.6790
2024-04-15 22:50:23,442 simple_logger.py log_once [line:28] INFO std_val_loss                  0.1442
2024-04-15 22:50:23,443 fedbase.py run [line:256] INFO Eval Time Cost:               15.0010s
2024-04-15 22:50:42,936 fedbase.py communicate [line:362] INFO Training:                     19.4858s
2024-04-15 22:50:43,030 fedbase.py run [line:251] INFO --------------Round 7--------------
2024-04-15 22:50:43,030 simple_logger.py log_once [line:14] INFO Current_time:7
2024-04-15 22:50:55,061 simple_logger.py log_once [line:28] INFO test_accuracy                 0.8252
2024-04-15 22:50:55,061 simple_logger.py log_once [line:28] INFO test_loss                     0.6946
2024-04-15 22:50:55,061 simple_logger.py log_once [line:28] INFO val_accuracy                  0.8301
2024-04-15 22:50:55,061 simple_logger.py log_once [line:28] INFO mean_val_accuracy             0.8301
2024-04-15 22:50:55,061 simple_logger.py log_once [line:28] INFO std_val_accuracy              0.0425
2024-04-15 22:50:55,061 simple_logger.py log_once [line:28] INFO val_loss                      0.6380
2024-04-15 22:50:55,061 simple_logger.py log_once [line:28] INFO mean_val_loss                 0.6380
2024-04-15 22:50:55,061 simple_logger.py log_once [line:28] INFO std_val_loss                  0.1733
2024-04-15 22:50:55,061 fedbase.py run [line:256] INFO Eval Time Cost:               12.0304s
2024-04-15 22:51:19,399 fedbase.py communicate [line:362] INFO Training:                     24.3281s
2024-04-15 22:51:19,551 fedbase.py run [line:251] INFO --------------Round 8--------------
2024-04-15 22:51:19,551 simple_logger.py log_once [line:14] INFO Current_time:8
2024-04-15 22:51:34,226 simple_logger.py log_once [line:28] INFO test_accuracy                 0.8349
2024-04-15 22:51:34,226 simple_logger.py log_once [line:28] INFO test_loss                     0.6839
2024-04-15 22:51:34,226 simple_logger.py log_once [line:28] INFO val_accuracy                  0.8430
2024-04-15 22:51:34,226 simple_logger.py log_once [line:28] INFO mean_val_accuracy             0.8430
2024-04-15 22:51:34,226 simple_logger.py log_once [line:28] INFO std_val_accuracy              0.0453
2024-04-15 22:51:34,226 simple_logger.py log_once [line:28] INFO val_loss                      0.6090
2024-04-15 22:51:34,226 simple_logger.py log_once [line:28] INFO mean_val_loss                 0.6090
2024-04-15 22:51:34,227 simple_logger.py log_once [line:28] INFO std_val_loss                  0.1804
2024-04-15 22:51:34,227 fedbase.py run [line:256] INFO Eval Time Cost:               14.6760s
2024-04-15 22:51:58,090 fedbase.py communicate [line:362] INFO Training:                     23.8584s
2024-04-15 22:51:58,259 fedbase.py run [line:251] INFO --------------Round 9--------------
2024-04-15 22:51:58,259 simple_logger.py log_once [line:14] INFO Current_time:9
2024-04-15 22:52:13,057 simple_logger.py log_once [line:28] INFO test_accuracy                 0.8413
2024-04-15 22:52:13,057 simple_logger.py log_once [line:28] INFO test_loss                     0.6740
2024-04-15 22:52:13,057 simple_logger.py log_once [line:28] INFO val_accuracy                  0.8495
2024-04-15 22:52:13,057 simple_logger.py log_once [line:28] INFO mean_val_accuracy             0.8495
2024-04-15 22:52:13,057 simple_logger.py log_once [line:28] INFO std_val_accuracy              0.0440
2024-04-15 22:52:13,057 simple_logger.py log_once [line:28] INFO val_loss                      0.6029
2024-04-15 22:52:13,057 simple_logger.py log_once [line:28] INFO mean_val_loss                 0.6029
2024-04-15 22:52:13,057 simple_logger.py log_once [line:28] INFO std_val_loss                  0.1851
2024-04-15 22:52:13,057 fedbase.py run [line:256] INFO Eval Time Cost:               14.7977s
2024-04-15 22:52:37,791 fedbase.py communicate [line:362] INFO Training:                     24.7109s
2024-04-15 22:52:37,939 fedbase.py run [line:251] INFO --------------Round 10--------------
2024-04-15 22:52:37,939 simple_logger.py log_once [line:14] INFO Current_time:10
2024-04-15 22:52:52,569 simple_logger.py log_once [line:28] INFO test_accuracy                 0.8477
2024-04-15 22:52:52,569 simple_logger.py log_once [line:28] INFO test_loss                     0.6718
2024-04-15 22:52:52,569 simple_logger.py log_once [line:28] INFO val_accuracy                  0.8541
2024-04-15 22:52:52,569 simple_logger.py log_once [line:28] INFO mean_val_accuracy             0.8541
2024-04-15 22:52:52,569 simple_logger.py log_once [line:28] INFO std_val_accuracy              0.0424
2024-04-15 22:52:52,585 simple_logger.py log_once [line:28] INFO val_loss                      0.6064
2024-04-15 22:52:52,585 simple_logger.py log_once [line:28] INFO mean_val_loss                 0.6064
2024-04-15 22:52:52,585 simple_logger.py log_once [line:28] INFO std_val_loss                  0.2048
2024-04-15 22:52:52,585 fedbase.py run [line:256] INFO Eval Time Cost:               14.6464s
2024-04-15 22:53:09,372 fedbase.py communicate [line:362] INFO Training:                     16.7871s
2024-04-15 22:53:09,466 fedbase.py run [line:251] INFO --------------Round 11--------------
2024-04-15 22:53:09,466 simple_logger.py log_once [line:14] INFO Current_time:11
2024-04-15 22:53:18,996 simple_logger.py log_once [line:28] INFO test_accuracy                 0.8539
2024-04-15 22:53:18,996 simple_logger.py log_once [line:28] INFO test_loss                     0.6589
2024-04-15 22:53:18,996 simple_logger.py log_once [line:28] INFO val_accuracy                  0.8595
2024-04-15 22:53:18,996 simple_logger.py log_once [line:28] INFO mean_val_accuracy             0.8595
2024-04-15 22:53:18,996 simple_logger.py log_once [line:28] INFO std_val_accuracy              0.0426
2024-04-15 22:53:19,004 simple_logger.py log_once [line:28] INFO val_loss                      0.5994
2024-04-15 22:53:19,004 simple_logger.py log_once [line:28] INFO mean_val_loss                 0.5994
2024-04-15 22:53:19,004 simple_logger.py log_once [line:28] INFO std_val_loss                  0.2001
2024-04-15 22:53:19,004 fedbase.py run [line:256] INFO Eval Time Cost:               9.5375s
2024-04-15 22:53:35,818 fedbase.py communicate [line:362] INFO Training:                     16.8145s
2024-04-15 22:53:35,918 fedbase.py run [line:251] INFO --------------Round 12--------------
2024-04-15 22:53:35,918 simple_logger.py log_once [line:14] INFO Current_time:12
2024-04-15 22:53:45,249 simple_logger.py log_once [line:28] INFO test_accuracy                 0.8574
2024-04-15 22:53:45,249 simple_logger.py log_once [line:28] INFO test_loss                     0.6511
2024-04-15 22:53:45,249 simple_logger.py log_once [line:28] INFO val_accuracy                  0.8634
2024-04-15 22:53:45,249 simple_logger.py log_once [line:28] INFO mean_val_accuracy             0.8634
2024-04-15 22:53:45,249 simple_logger.py log_once [line:28] INFO std_val_accuracy              0.0394
2024-04-15 22:53:45,249 simple_logger.py log_once [line:28] INFO val_loss                      0.5870
2024-04-15 22:53:45,249 simple_logger.py log_once [line:28] INFO mean_val_loss                 0.5870
2024-04-15 22:53:45,249 simple_logger.py log_once [line:28] INFO std_val_loss                  0.2038
2024-04-15 22:53:45,249 fedbase.py run [line:256] INFO Eval Time Cost:               9.3308s
2024-04-15 22:54:01,978 fedbase.py communicate [line:362] INFO Training:                     16.7138s
2024-04-15 22:54:02,060 fedbase.py run [line:251] INFO --------------Round 13--------------
2024-04-15 22:54:02,060 simple_logger.py log_once [line:14] INFO Current_time:13
2024-04-15 22:54:11,211 simple_logger.py log_once [line:28] INFO test_accuracy                 0.8570
2024-04-15 22:54:11,211 simple_logger.py log_once [line:28] INFO test_loss                     0.6473
2024-04-15 22:54:11,211 simple_logger.py log_once [line:28] INFO val_accuracy                  0.8641
2024-04-15 22:54:11,211 simple_logger.py log_once [line:28] INFO mean_val_accuracy             0.8641
2024-04-15 22:54:11,211 simple_logger.py log_once [line:28] INFO std_val_accuracy              0.0424
2024-04-15 22:54:11,211 simple_logger.py log_once [line:28] INFO val_loss                      0.5933
2024-04-15 22:54:11,211 simple_logger.py log_once [line:28] INFO mean_val_loss                 0.5933
2024-04-15 22:54:11,211 simple_logger.py log_once [line:28] INFO std_val_loss                  0.2094
2024-04-15 22:54:11,211 fedbase.py run [line:256] INFO Eval Time Cost:               9.1512s
2024-04-15 22:54:27,685 fedbase.py communicate [line:362] INFO Training:                     16.4576s
2024-04-15 22:54:27,779 fedbase.py run [line:251] INFO --------------Round 14--------------
2024-04-15 22:54:27,779 simple_logger.py log_once [line:14] INFO Current_time:14
2024-04-15 22:54:36,943 simple_logger.py log_once [line:28] INFO test_accuracy                 0.8632
2024-04-15 22:54:36,943 simple_logger.py log_once [line:28] INFO test_loss                     0.6405
2024-04-15 22:54:36,943 simple_logger.py log_once [line:28] INFO val_accuracy                  0.8685
2024-04-15 22:54:36,943 simple_logger.py log_once [line:28] INFO mean_val_accuracy             0.8685
2024-04-15 22:54:36,943 simple_logger.py log_once [line:28] INFO std_val_accuracy              0.0403
2024-04-15 22:54:36,943 simple_logger.py log_once [line:28] INFO val_loss                      0.5776
2024-04-15 22:54:36,943 simple_logger.py log_once [line:28] INFO mean_val_loss                 0.5776
2024-04-15 22:54:36,943 simple_logger.py log_once [line:28] INFO std_val_loss                  0.2135
2024-04-15 22:54:36,943 fedbase.py run [line:256] INFO Eval Time Cost:               9.1633s
2024-04-15 22:54:53,452 fedbase.py communicate [line:362] INFO Training:                     16.5097s
2024-04-15 22:54:53,562 fedbase.py run [line:251] INFO --------------Round 15--------------
2024-04-15 22:54:53,562 simple_logger.py log_once [line:14] INFO Current_time:15
2024-04-15 22:55:02,677 simple_logger.py log_once [line:28] INFO test_accuracy                 0.8611
2024-04-15 22:55:02,677 simple_logger.py log_once [line:28] INFO test_loss                     0.6427
2024-04-15 22:55:02,677 simple_logger.py log_once [line:28] INFO val_accuracy                  0.8708
2024-04-15 22:55:02,677 simple_logger.py log_once [line:28] INFO mean_val_accuracy             0.8708
2024-04-15 22:55:02,677 simple_logger.py log_once [line:28] INFO std_val_accuracy              0.0406
2024-04-15 22:55:02,677 simple_logger.py log_once [line:28] INFO val_loss                      0.5713
2024-04-15 22:55:02,677 simple_logger.py log_once [line:28] INFO mean_val_loss                 0.5713
2024-04-15 22:55:02,677 simple_logger.py log_once [line:28] INFO std_val_loss                  0.2106
2024-04-15 22:55:02,677 fedbase.py run [line:256] INFO Eval Time Cost:               9.1145s
2024-04-15 22:55:19,242 fedbase.py communicate [line:362] INFO Training:                     16.5497s
2024-04-15 22:55:19,336 fedbase.py run [line:251] INFO --------------Round 16--------------
2024-04-15 22:55:19,336 simple_logger.py log_once [line:14] INFO Current_time:16
2024-04-15 22:55:28,363 simple_logger.py log_once [line:28] INFO test_accuracy                 0.8663
2024-04-15 22:55:28,363 simple_logger.py log_once [line:28] INFO test_loss                     0.6365
2024-04-15 22:55:28,363 simple_logger.py log_once [line:28] INFO val_accuracy                  0.8730
2024-04-15 22:55:28,363 simple_logger.py log_once [line:28] INFO mean_val_accuracy             0.8730
2024-04-15 22:55:28,363 simple_logger.py log_once [line:28] INFO std_val_accuracy              0.0390
2024-04-15 22:55:28,363 simple_logger.py log_once [line:28] INFO val_loss                      0.5766
2024-04-15 22:55:28,363 simple_logger.py log_once [line:28] INFO mean_val_loss                 0.5766
2024-04-15 22:55:28,363 simple_logger.py log_once [line:28] INFO std_val_loss                  0.2219
2024-04-15 22:55:28,363 fedbase.py run [line:256] INFO Eval Time Cost:               9.0274s
2024-04-15 22:55:44,911 fedbase.py communicate [line:362] INFO Training:                     16.5480s
2024-04-15 22:55:45,021 fedbase.py run [line:251] INFO --------------Round 17--------------
2024-04-15 22:55:45,021 simple_logger.py log_once [line:14] INFO Current_time:17
2024-04-15 22:55:54,059 simple_logger.py log_once [line:28] INFO test_accuracy                 0.8679
2024-04-15 22:55:54,059 simple_logger.py log_once [line:28] INFO test_loss                     0.6155
2024-04-15 22:55:54,059 simple_logger.py log_once [line:28] INFO val_accuracy                  0.8762
2024-04-15 22:55:54,059 simple_logger.py log_once [line:28] INFO mean_val_accuracy             0.8762
2024-04-15 22:55:54,059 simple_logger.py log_once [line:28] INFO std_val_accuracy              0.0391
2024-04-15 22:55:54,059 simple_logger.py log_once [line:28] INFO val_loss                      0.5576
2024-04-15 22:55:54,059 simple_logger.py log_once [line:28] INFO mean_val_loss                 0.5576
2024-04-15 22:55:54,059 simple_logger.py log_once [line:28] INFO std_val_loss                  0.2154
2024-04-15 22:55:54,059 fedbase.py run [line:256] INFO Eval Time Cost:               9.0377s
2024-04-15 22:56:10,688 fedbase.py communicate [line:362] INFO Training:                     16.6126s
2024-04-15 22:56:10,797 fedbase.py run [line:251] INFO --------------Round 18--------------
2024-04-15 22:56:10,797 simple_logger.py log_once [line:14] INFO Current_time:18
2024-04-15 22:56:19,838 simple_logger.py log_once [line:28] INFO test_accuracy                 0.8667
2024-04-15 22:56:19,838 simple_logger.py log_once [line:28] INFO test_loss                     0.6295
2024-04-15 22:56:19,838 simple_logger.py log_once [line:28] INFO val_accuracy                  0.8782
2024-04-15 22:56:19,838 simple_logger.py log_once [line:28] INFO mean_val_accuracy             0.8782
2024-04-15 22:56:19,838 simple_logger.py log_once [line:28] INFO std_val_accuracy              0.0400
2024-04-15 22:56:19,838 simple_logger.py log_once [line:28] INFO val_loss                      0.5483
2024-04-15 22:56:19,838 simple_logger.py log_once [line:28] INFO mean_val_loss                 0.5483
2024-04-15 22:56:19,838 simple_logger.py log_once [line:28] INFO std_val_loss                  0.2118
2024-04-15 22:56:19,838 fedbase.py run [line:256] INFO Eval Time Cost:               9.0411s
2024-04-15 22:56:36,453 fedbase.py communicate [line:362] INFO Training:                     16.5988s
2024-04-15 22:56:36,563 fedbase.py run [line:251] INFO --------------Round 19--------------
2024-04-15 22:56:36,563 simple_logger.py log_once [line:14] INFO Current_time:19
2024-04-15 22:56:45,711 simple_logger.py log_once [line:28] INFO test_accuracy                 0.8678
2024-04-15 22:56:45,711 simple_logger.py log_once [line:28] INFO test_loss                     0.6163
2024-04-15 22:56:45,711 simple_logger.py log_once [line:28] INFO val_accuracy                  0.8785
2024-04-15 22:56:45,711 simple_logger.py log_once [line:28] INFO mean_val_accuracy             0.8785
2024-04-15 22:56:45,711 simple_logger.py log_once [line:28] INFO std_val_accuracy              0.0420
2024-04-15 22:56:45,711 simple_logger.py log_once [line:28] INFO val_loss                      0.5440
2024-04-15 22:56:45,711 simple_logger.py log_once [line:28] INFO mean_val_loss                 0.5440
2024-04-15 22:56:45,711 simple_logger.py log_once [line:28] INFO std_val_loss                  0.2053
2024-04-15 22:56:45,711 fedbase.py run [line:256] INFO Eval Time Cost:               9.1477s
2024-04-15 22:57:02,595 fedbase.py communicate [line:362] INFO Training:                     16.8680s
2024-04-15 22:57:02,705 fedbase.py run [line:251] INFO --------------Round 20--------------
2024-04-15 22:57:02,705 simple_logger.py log_once [line:14] INFO Current_time:20
2024-04-15 22:57:12,089 simple_logger.py log_once [line:28] INFO test_accuracy                 0.8712
2024-04-15 22:57:12,089 simple_logger.py log_once [line:28] INFO test_loss                     0.6085
2024-04-15 22:57:12,089 simple_logger.py log_once [line:28] INFO val_accuracy                  0.8800
2024-04-15 22:57:12,089 simple_logger.py log_once [line:28] INFO mean_val_accuracy             0.8800
2024-04-15 22:57:12,089 simple_logger.py log_once [line:28] INFO std_val_accuracy              0.0394
2024-04-15 22:57:12,089 simple_logger.py log_once [line:28] INFO val_loss                      0.5440
2024-04-15 22:57:12,089 simple_logger.py log_once [line:28] INFO mean_val_loss                 0.5440
2024-04-15 22:57:12,089 simple_logger.py log_once [line:28] INFO std_val_loss                  0.2116
2024-04-15 22:57:12,089 fedbase.py run [line:256] INFO Eval Time Cost:               9.3843s
2024-04-15 22:57:12,089 fedbase.py run [line:263] INFO =================End==================
2024-04-15 22:57:12,105 fedbase.py run [line:264] INFO Total Time Cost:              588.4077s
