2024-04-15 21:48:22,602 fflow.py init [line:635] INFO PROCESS ID:	14448
2024-04-15 21:48:22,602 fflow.py init [line:636] INFO Initializing devices: cuda:0 will be used for this running.
2024-04-15 21:48:22,602 fflow.py init [line:639] INFO BENCHMARK:	svhn_classification
2024-04-15 21:48:22,602 fflow.py init [line:640] INFO TASK:			./svhn_DP_seq
2024-04-15 21:48:22,602 fflow.py init [line:641] INFO MODEL:		svhn_classification.model.default_model
2024-04-15 21:48:22,602 fflow.py init [line:642] INFO ALGORITHM:	PPFL_DP
2024-04-15 21:48:22,618 fflow.py init [line:681] INFO SCENE:		horizontal FL with 1 <class 'DP.Server'>, 100 <class 'DP.Client'>
2024-04-15 21:48:22,634 fflow.py init [line:698] INFO SIMULATOR:	<class 'flgo.simulator.default_simulator.Simulator'>
2024-04-15 21:48:22,634 fflow.py init [line:711] INFO Ready to start.
2024-04-15 21:57:07,613 fedbase.py _load_checkpoint [line:719] INFO Failed to load checkpoint due to [WinError 3] 系统找不到指定的路径。: './svhn_DP_seq\\checkpoint\\2'
2024-04-15 21:57:07,613 fedbase.py run [line:241] INFO --------------Initial Evaluation--------------
2024-04-15 21:57:07,613 simple_logger.py log_once [line:14] INFO Current_time:0
2024-04-15 21:57:21,134 simple_logger.py log_once [line:28] INFO test_accuracy                 0.1110
2024-04-15 21:57:21,134 simple_logger.py log_once [line:28] INFO test_loss                     2.3044
2024-04-15 21:57:21,134 simple_logger.py log_once [line:28] INFO val_accuracy                  0.1125
2024-04-15 21:57:21,134 simple_logger.py log_once [line:28] INFO mean_val_accuracy             0.1125
2024-04-15 21:57:21,134 simple_logger.py log_once [line:28] INFO std_val_accuracy              0.0385
2024-04-15 21:57:21,134 simple_logger.py log_once [line:28] INFO val_loss                      2.3037
2024-04-15 21:57:21,134 simple_logger.py log_once [line:28] INFO mean_val_loss                 2.3037
2024-04-15 21:57:21,134 simple_logger.py log_once [line:28] INFO std_val_loss                  0.0036
2024-04-15 21:57:21,134 fedbase.py run [line:244] INFO Eval Time Cost:               13.5211s
2024-04-15 21:57:41,613 fedbase.py communicate [line:362] INFO Training:                     20.4791s
2024-04-15 21:57:41,769 fedbase.py run [line:251] INFO --------------Round 1--------------
2024-04-15 21:57:41,769 simple_logger.py log_once [line:14] INFO Current_time:1
2024-04-15 21:57:56,641 simple_logger.py log_once [line:28] INFO test_accuracy                 0.1983
2024-04-15 21:57:56,641 simple_logger.py log_once [line:28] INFO test_loss                     2.2366
2024-04-15 21:57:56,641 simple_logger.py log_once [line:28] INFO val_accuracy                  0.1915
2024-04-15 21:57:56,641 simple_logger.py log_once [line:28] INFO mean_val_accuracy             0.1915
2024-04-15 21:57:56,641 simple_logger.py log_once [line:28] INFO std_val_accuracy              0.0484
2024-04-15 21:57:56,642 simple_logger.py log_once [line:28] INFO val_loss                      2.2463
2024-04-15 21:57:56,642 simple_logger.py log_once [line:28] INFO mean_val_loss                 2.2463
2024-04-15 21:57:56,642 simple_logger.py log_once [line:28] INFO std_val_loss                  0.0376
2024-04-15 21:57:56,642 fedbase.py run [line:256] INFO Eval Time Cost:               14.8730s
2024-04-15 21:58:20,418 fedbase.py communicate [line:362] INFO Training:                     23.7666s
2024-04-15 21:58:20,568 fedbase.py run [line:251] INFO --------------Round 2--------------
2024-04-15 21:58:20,568 simple_logger.py log_once [line:14] INFO Current_time:2
2024-04-15 21:58:33,977 simple_logger.py log_once [line:28] INFO test_accuracy                 0.2536
2024-04-15 21:58:33,978 simple_logger.py log_once [line:28] INFO test_loss                     2.1809
2024-04-15 21:58:33,978 simple_logger.py log_once [line:28] INFO val_accuracy                  0.2390
2024-04-15 21:58:33,978 simple_logger.py log_once [line:28] INFO mean_val_accuracy             0.2390
2024-04-15 21:58:33,978 simple_logger.py log_once [line:28] INFO std_val_accuracy              0.0541
2024-04-15 21:58:33,978 simple_logger.py log_once [line:28] INFO val_loss                      2.2050
2024-04-15 21:58:33,979 simple_logger.py log_once [line:28] INFO mean_val_loss                 2.2050
2024-04-15 21:58:33,979 simple_logger.py log_once [line:28] INFO std_val_loss                  0.0896
2024-04-15 21:58:33,979 fedbase.py run [line:256] INFO Eval Time Cost:               13.4114s
2024-04-15 21:58:58,335 fedbase.py communicate [line:362] INFO Training:                     24.3368s
2024-04-15 21:58:58,497 fedbase.py run [line:251] INFO --------------Round 3--------------
2024-04-15 21:58:58,497 simple_logger.py log_once [line:14] INFO Current_time:3
2024-04-15 21:59:13,076 simple_logger.py log_once [line:28] INFO test_accuracy                 0.4361
2024-04-15 21:59:13,076 simple_logger.py log_once [line:28] INFO test_loss                     1.6612
2024-04-15 21:59:13,076 simple_logger.py log_once [line:28] INFO val_accuracy                  0.4500
2024-04-15 21:59:13,076 simple_logger.py log_once [line:28] INFO mean_val_accuracy             0.4500
2024-04-15 21:59:13,076 simple_logger.py log_once [line:28] INFO std_val_accuracy              0.0620
2024-04-15 21:59:13,076 simple_logger.py log_once [line:28] INFO val_loss                      1.6468
2024-04-15 21:59:13,076 simple_logger.py log_once [line:28] INFO mean_val_loss                 1.6468
2024-04-15 21:59:13,076 simple_logger.py log_once [line:28] INFO std_val_loss                  0.0986
2024-04-15 21:59:13,076 fedbase.py run [line:256] INFO Eval Time Cost:               14.5792s
2024-04-15 21:59:38,132 fedbase.py communicate [line:362] INFO Training:                     25.0412s
2024-04-15 21:59:38,321 fedbase.py run [line:251] INFO --------------Round 4--------------
2024-04-15 21:59:38,321 simple_logger.py log_once [line:14] INFO Current_time:4
2024-04-15 21:59:52,990 simple_logger.py log_once [line:28] INFO test_accuracy                 0.7027
2024-04-15 21:59:52,990 simple_logger.py log_once [line:28] INFO test_loss                     1.0203
2024-04-15 21:59:52,990 simple_logger.py log_once [line:28] INFO val_accuracy                  0.6929
2024-04-15 21:59:52,990 simple_logger.py log_once [line:28] INFO mean_val_accuracy             0.6929
2024-04-15 21:59:52,990 simple_logger.py log_once [line:28] INFO std_val_accuracy              0.0521
2024-04-15 21:59:52,990 simple_logger.py log_once [line:28] INFO val_loss                      0.9983
2024-04-15 21:59:52,990 simple_logger.py log_once [line:28] INFO mean_val_loss                 0.9983
2024-04-15 21:59:52,990 simple_logger.py log_once [line:28] INFO std_val_loss                  0.1409
2024-04-15 21:59:52,990 fedbase.py run [line:256] INFO Eval Time Cost:               14.6689s
2024-04-15 22:00:18,174 fedbase.py communicate [line:362] INFO Training:                     25.1688s
2024-04-15 22:00:18,319 fedbase.py run [line:251] INFO --------------Round 5--------------
2024-04-15 22:00:18,319 simple_logger.py log_once [line:14] INFO Current_time:5
2024-04-15 22:00:33,318 simple_logger.py log_once [line:28] INFO test_accuracy                 0.7406
2024-04-15 22:00:33,318 simple_logger.py log_once [line:28] INFO test_loss                     0.9348
2024-04-15 22:00:33,318 simple_logger.py log_once [line:28] INFO val_accuracy                  0.7404
2024-04-15 22:00:33,318 simple_logger.py log_once [line:28] INFO mean_val_accuracy             0.7404
2024-04-15 22:00:33,321 simple_logger.py log_once [line:28] INFO std_val_accuracy              0.0522
2024-04-15 22:00:33,322 simple_logger.py log_once [line:28] INFO val_loss                      0.8818
2024-04-15 22:00:33,322 simple_logger.py log_once [line:28] INFO mean_val_loss                 0.8818
2024-04-15 22:00:33,322 simple_logger.py log_once [line:28] INFO std_val_loss                  0.1582
2024-04-15 22:00:33,322 fedbase.py run [line:256] INFO Eval Time Cost:               15.0028s
2024-04-15 22:00:58,573 fedbase.py communicate [line:362] INFO Training:                     25.2357s
2024-04-15 22:00:58,745 fedbase.py run [line:251] INFO --------------Round 6--------------
2024-04-15 22:00:58,745 simple_logger.py log_once [line:14] INFO Current_time:6
2024-04-15 22:01:10,894 simple_logger.py log_once [line:28] INFO test_accuracy                 0.7492
2024-04-15 22:01:10,894 simple_logger.py log_once [line:28] INFO test_loss                     1.0854
2024-04-15 22:01:10,894 simple_logger.py log_once [line:28] INFO val_accuracy                  0.7564
2024-04-15 22:01:10,894 simple_logger.py log_once [line:28] INFO mean_val_accuracy             0.7564
2024-04-15 22:01:10,910 simple_logger.py log_once [line:28] INFO std_val_accuracy              0.0552
2024-04-15 22:01:10,910 simple_logger.py log_once [line:28] INFO val_loss                      1.0012
2024-04-15 22:01:10,910 simple_logger.py log_once [line:28] INFO mean_val_loss                 1.0012
2024-04-15 22:01:10,910 simple_logger.py log_once [line:28] INFO std_val_loss                  0.2484
2024-04-15 22:01:10,910 fedbase.py run [line:256] INFO Eval Time Cost:               12.1649s
2024-04-15 22:01:27,051 fedbase.py communicate [line:362] INFO Training:                     16.1409s
2024-04-15 22:01:27,146 fedbase.py run [line:251] INFO --------------Round 7--------------
2024-04-15 22:01:27,146 simple_logger.py log_once [line:14] INFO Current_time:7
2024-04-15 22:01:36,264 simple_logger.py log_once [line:28] INFO test_accuracy                 0.7464
2024-04-15 22:01:36,264 simple_logger.py log_once [line:28] INFO test_loss                     0.9967
2024-04-15 22:01:36,264 simple_logger.py log_once [line:28] INFO val_accuracy                  0.7652
2024-04-15 22:01:36,264 simple_logger.py log_once [line:28] INFO mean_val_accuracy             0.7652
2024-04-15 22:01:36,264 simple_logger.py log_once [line:28] INFO std_val_accuracy              0.0505
2024-04-15 22:01:36,264 simple_logger.py log_once [line:28] INFO val_loss                      0.8717
2024-04-15 22:01:36,264 simple_logger.py log_once [line:28] INFO mean_val_loss                 0.8717
2024-04-15 22:01:36,264 simple_logger.py log_once [line:28] INFO std_val_loss                  0.1980
2024-04-15 22:01:36,264 fedbase.py run [line:256] INFO Eval Time Cost:               9.1179s
2024-04-15 22:01:52,808 fedbase.py communicate [line:362] INFO Training:                     16.5186s
2024-04-15 22:01:52,903 fedbase.py run [line:251] INFO --------------Round 8--------------
2024-04-15 22:01:52,903 simple_logger.py log_once [line:14] INFO Current_time:8
2024-04-15 22:02:02,136 simple_logger.py log_once [line:28] INFO test_accuracy                 0.7682
2024-04-15 22:02:02,136 simple_logger.py log_once [line:28] INFO test_loss                     1.0645
2024-04-15 22:02:02,136 simple_logger.py log_once [line:28] INFO val_accuracy                  0.7844
2024-04-15 22:02:02,136 simple_logger.py log_once [line:28] INFO mean_val_accuracy             0.7844
2024-04-15 22:02:02,136 simple_logger.py log_once [line:28] INFO std_val_accuracy              0.0475
2024-04-15 22:02:02,136 simple_logger.py log_once [line:28] INFO val_loss                      0.9456
2024-04-15 22:02:02,136 simple_logger.py log_once [line:28] INFO mean_val_loss                 0.9456
2024-04-15 22:02:02,136 simple_logger.py log_once [line:28] INFO std_val_loss                  0.2554
2024-04-15 22:02:02,136 fedbase.py run [line:256] INFO Eval Time Cost:               9.2330s
2024-04-15 22:02:18,745 fedbase.py communicate [line:362] INFO Training:                     16.6093s
2024-04-15 22:02:18,840 fedbase.py run [line:251] INFO --------------Round 9--------------
2024-04-15 22:02:18,840 simple_logger.py log_once [line:14] INFO Current_time:9
2024-04-15 22:02:28,189 simple_logger.py log_once [line:28] INFO test_accuracy                 0.7632
2024-04-15 22:02:28,189 simple_logger.py log_once [line:28] INFO test_loss                     0.8984
2024-04-15 22:02:28,189 simple_logger.py log_once [line:28] INFO val_accuracy                  0.7668
2024-04-15 22:02:28,189 simple_logger.py log_once [line:28] INFO mean_val_accuracy             0.7668
2024-04-15 22:02:28,189 simple_logger.py log_once [line:28] INFO std_val_accuracy              0.0492
2024-04-15 22:02:28,189 simple_logger.py log_once [line:28] INFO val_loss                      0.8356
2024-04-15 22:02:28,189 simple_logger.py log_once [line:28] INFO mean_val_loss                 0.8356
2024-04-15 22:02:28,189 simple_logger.py log_once [line:28] INFO std_val_loss                  0.1914
2024-04-15 22:02:28,189 fedbase.py run [line:256] INFO Eval Time Cost:               9.3491s
2024-04-15 22:02:44,810 fedbase.py communicate [line:362] INFO Training:                     16.6059s
2024-04-15 22:02:44,889 fedbase.py run [line:251] INFO --------------Round 10--------------
2024-04-15 22:02:44,889 simple_logger.py log_once [line:14] INFO Current_time:10
2024-04-15 22:02:57,311 simple_logger.py log_once [line:28] INFO test_accuracy                 0.7816
2024-04-15 22:02:57,311 simple_logger.py log_once [line:28] INFO test_loss                     1.0162
2024-04-15 22:02:57,311 simple_logger.py log_once [line:28] INFO val_accuracy                  0.7834
2024-04-15 22:02:57,311 simple_logger.py log_once [line:28] INFO mean_val_accuracy             0.7834
2024-04-15 22:02:57,311 simple_logger.py log_once [line:28] INFO std_val_accuracy              0.0501
2024-04-15 22:02:57,311 simple_logger.py log_once [line:28] INFO val_loss                      0.9250
2024-04-15 22:02:57,311 simple_logger.py log_once [line:28] INFO mean_val_loss                 0.9250
2024-04-15 22:02:57,311 simple_logger.py log_once [line:28] INFO std_val_loss                  0.2492
2024-04-15 22:02:57,311 fedbase.py run [line:256] INFO Eval Time Cost:               12.4226s
2024-04-15 22:03:16,207 fedbase.py communicate [line:362] INFO Training:                     18.8805s
2024-04-15 22:03:16,302 fedbase.py run [line:251] INFO --------------Round 11--------------
2024-04-15 22:03:16,302 simple_logger.py log_once [line:14] INFO Current_time:11
2024-04-15 22:03:25,645 simple_logger.py log_once [line:28] INFO test_accuracy                 0.7758
2024-04-15 22:03:25,645 simple_logger.py log_once [line:28] INFO test_loss                     1.0405
2024-04-15 22:03:25,645 simple_logger.py log_once [line:28] INFO val_accuracy                  0.7814
2024-04-15 22:03:25,645 simple_logger.py log_once [line:28] INFO mean_val_accuracy             0.7814
2024-04-15 22:03:25,645 simple_logger.py log_once [line:28] INFO std_val_accuracy              0.0497
2024-04-15 22:03:25,645 simple_logger.py log_once [line:28] INFO val_loss                      0.9549
2024-04-15 22:03:25,645 simple_logger.py log_once [line:28] INFO mean_val_loss                 0.9549
2024-04-15 22:03:25,645 simple_logger.py log_once [line:28] INFO std_val_loss                  0.2868
2024-04-15 22:03:25,645 fedbase.py run [line:256] INFO Eval Time Cost:               9.3434s
2024-04-15 22:03:42,294 fedbase.py communicate [line:362] INFO Training:                     16.6486s
2024-04-15 22:03:42,405 fedbase.py run [line:251] INFO --------------Round 12--------------
2024-04-15 22:03:42,405 simple_logger.py log_once [line:14] INFO Current_time:12
2024-04-15 22:03:51,675 simple_logger.py log_once [line:28] INFO test_accuracy                 0.7791
2024-04-15 22:03:51,675 simple_logger.py log_once [line:28] INFO test_loss                     1.0787
2024-04-15 22:03:51,675 simple_logger.py log_once [line:28] INFO val_accuracy                  0.7864
2024-04-15 22:03:51,675 simple_logger.py log_once [line:28] INFO mean_val_accuracy             0.7864
2024-04-15 22:03:51,675 simple_logger.py log_once [line:28] INFO std_val_accuracy              0.0490
2024-04-15 22:03:51,675 simple_logger.py log_once [line:28] INFO val_loss                      0.9424
2024-04-15 22:03:51,675 simple_logger.py log_once [line:28] INFO mean_val_loss                 0.9424
2024-04-15 22:03:51,675 simple_logger.py log_once [line:28] INFO std_val_loss                  0.2766
2024-04-15 22:03:51,675 fedbase.py run [line:256] INFO Eval Time Cost:               9.2704s
2024-04-15 22:04:08,359 fedbase.py communicate [line:362] INFO Training:                     16.6676s
2024-04-15 22:04:08,453 fedbase.py run [line:251] INFO --------------Round 13--------------
2024-04-15 22:04:08,453 simple_logger.py log_once [line:14] INFO Current_time:13
2024-04-15 22:04:17,687 simple_logger.py log_once [line:28] INFO test_accuracy                 0.7837
2024-04-15 22:04:17,687 simple_logger.py log_once [line:28] INFO test_loss                     1.0885
2024-04-15 22:04:17,687 simple_logger.py log_once [line:28] INFO val_accuracy                  0.7988
2024-04-15 22:04:17,687 simple_logger.py log_once [line:28] INFO mean_val_accuracy             0.7988
2024-04-15 22:04:17,687 simple_logger.py log_once [line:28] INFO std_val_accuracy              0.0481
2024-04-15 22:04:17,687 simple_logger.py log_once [line:28] INFO val_loss                      0.9366
2024-04-15 22:04:17,687 simple_logger.py log_once [line:28] INFO mean_val_loss                 0.9366
2024-04-15 22:04:17,687 simple_logger.py log_once [line:28] INFO std_val_loss                  0.3003
2024-04-15 22:04:17,687 fedbase.py run [line:256] INFO Eval Time Cost:               9.2337s
2024-04-15 22:04:35,174 fedbase.py communicate [line:362] INFO Training:                     17.4871s
2024-04-15 22:04:35,332 fedbase.py run [line:251] INFO --------------Round 14--------------
2024-04-15 22:04:35,332 simple_logger.py log_once [line:14] INFO Current_time:14
2024-04-15 22:04:46,176 simple_logger.py log_once [line:28] INFO test_accuracy                 0.7834
2024-04-15 22:04:46,176 simple_logger.py log_once [line:28] INFO test_loss                     1.0312
2024-04-15 22:04:46,176 simple_logger.py log_once [line:28] INFO val_accuracy                  0.7919
2024-04-15 22:04:46,176 simple_logger.py log_once [line:28] INFO mean_val_accuracy             0.7919
2024-04-15 22:04:46,176 simple_logger.py log_once [line:28] INFO std_val_accuracy              0.0448
2024-04-15 22:04:46,176 simple_logger.py log_once [line:28] INFO val_loss                      0.9228
2024-04-15 22:04:46,176 simple_logger.py log_once [line:28] INFO mean_val_loss                 0.9228
2024-04-15 22:04:46,176 simple_logger.py log_once [line:28] INFO std_val_loss                  0.2949
2024-04-15 22:04:46,176 fedbase.py run [line:256] INFO Eval Time Cost:               10.8439s
2024-04-15 22:05:02,891 fedbase.py communicate [line:362] INFO Training:                     16.7153s
2024-04-15 22:05:02,985 fedbase.py run [line:251] INFO --------------Round 15--------------
2024-04-15 22:05:02,985 simple_logger.py log_once [line:14] INFO Current_time:15
2024-04-15 22:05:11,996 simple_logger.py log_once [line:28] INFO test_accuracy                 0.7790
2024-04-15 22:05:11,996 simple_logger.py log_once [line:28] INFO test_loss                     1.0733
2024-04-15 22:05:11,996 simple_logger.py log_once [line:28] INFO val_accuracy                  0.7975
2024-04-15 22:05:11,996 simple_logger.py log_once [line:28] INFO mean_val_accuracy             0.7975
2024-04-15 22:05:11,996 simple_logger.py log_once [line:28] INFO std_val_accuracy              0.0468
2024-04-15 22:05:11,996 simple_logger.py log_once [line:28] INFO val_loss                      0.9483
2024-04-15 22:05:11,996 simple_logger.py log_once [line:28] INFO mean_val_loss                 0.9483
2024-04-15 22:05:11,996 simple_logger.py log_once [line:28] INFO std_val_loss                  0.2941
2024-04-15 22:05:11,996 fedbase.py run [line:256] INFO Eval Time Cost:               9.0115s
2024-04-15 22:05:28,589 fedbase.py communicate [line:362] INFO Training:                     16.5716s
2024-04-15 22:05:28,683 fedbase.py run [line:251] INFO --------------Round 16--------------
2024-04-15 22:05:28,683 simple_logger.py log_once [line:14] INFO Current_time:16
2024-04-15 22:05:37,673 simple_logger.py log_once [line:28] INFO test_accuracy                 0.7781
2024-04-15 22:05:37,673 simple_logger.py log_once [line:28] INFO test_loss                     1.1154
2024-04-15 22:05:37,673 simple_logger.py log_once [line:28] INFO val_accuracy                  0.7966
2024-04-15 22:05:37,673 simple_logger.py log_once [line:28] INFO mean_val_accuracy             0.7966
2024-04-15 22:05:37,673 simple_logger.py log_once [line:28] INFO std_val_accuracy              0.0474
2024-04-15 22:05:37,673 simple_logger.py log_once [line:28] INFO val_loss                      0.9443
2024-04-15 22:05:37,673 simple_logger.py log_once [line:28] INFO mean_val_loss                 0.9443
2024-04-15 22:05:37,673 simple_logger.py log_once [line:28] INFO std_val_loss                  0.3009
2024-04-15 22:05:37,673 fedbase.py run [line:256] INFO Eval Time Cost:               8.9895s
2024-04-15 22:05:54,241 fedbase.py communicate [line:362] INFO Training:                     16.5680s
2024-04-15 22:05:54,336 fedbase.py run [line:251] INFO --------------Round 17--------------
2024-04-15 22:05:54,336 simple_logger.py log_once [line:14] INFO Current_time:17
2024-04-15 22:06:03,418 simple_logger.py log_once [line:28] INFO test_accuracy                 0.7767
2024-04-15 22:06:03,418 simple_logger.py log_once [line:28] INFO test_loss                     1.0661
2024-04-15 22:06:03,418 simple_logger.py log_once [line:28] INFO val_accuracy                  0.7897
2024-04-15 22:06:03,418 simple_logger.py log_once [line:28] INFO mean_val_accuracy             0.7897
2024-04-15 22:06:03,418 simple_logger.py log_once [line:28] INFO std_val_accuracy              0.0504
2024-04-15 22:06:03,418 simple_logger.py log_once [line:28] INFO val_loss                      0.9225
2024-04-15 22:06:03,418 simple_logger.py log_once [line:28] INFO mean_val_loss                 0.9225
2024-04-15 22:06:03,418 simple_logger.py log_once [line:28] INFO std_val_loss                  0.2929
2024-04-15 22:06:03,418 fedbase.py run [line:256] INFO Eval Time Cost:               9.0820s
2024-04-15 22:06:19,901 fedbase.py communicate [line:362] INFO Training:                     16.4509s
2024-04-15 22:06:19,995 fedbase.py run [line:251] INFO --------------Round 18--------------
2024-04-15 22:06:19,995 simple_logger.py log_once [line:14] INFO Current_time:18
2024-04-15 22:06:29,001 simple_logger.py log_once [line:28] INFO test_accuracy                 0.7906
2024-04-15 22:06:29,001 simple_logger.py log_once [line:28] INFO test_loss                     1.0860
2024-04-15 22:06:29,001 simple_logger.py log_once [line:28] INFO val_accuracy                  0.7990
2024-04-15 22:06:29,001 simple_logger.py log_once [line:28] INFO mean_val_accuracy             0.7990
2024-04-15 22:06:29,001 simple_logger.py log_once [line:28] INFO std_val_accuracy              0.0531
2024-04-15 22:06:29,001 simple_logger.py log_once [line:28] INFO val_loss                      0.9685
2024-04-15 22:06:29,001 simple_logger.py log_once [line:28] INFO mean_val_loss                 0.9684
2024-04-15 22:06:29,001 simple_logger.py log_once [line:28] INFO std_val_loss                  0.3141
2024-04-15 22:06:29,001 fedbase.py run [line:256] INFO Eval Time Cost:               9.0060s
2024-04-15 22:06:50,195 fedbase.py communicate [line:362] INFO Training:                     21.1947s
2024-04-15 22:06:50,429 fedbase.py run [line:251] INFO --------------Round 19--------------
2024-04-15 22:06:50,429 simple_logger.py log_once [line:14] INFO Current_time:19
2024-04-15 22:07:09,370 simple_logger.py log_once [line:28] INFO test_accuracy                 0.7868
2024-04-15 22:07:09,370 simple_logger.py log_once [line:28] INFO test_loss                     1.1287
2024-04-15 22:07:09,370 simple_logger.py log_once [line:28] INFO val_accuracy                  0.8018
2024-04-15 22:07:09,371 simple_logger.py log_once [line:28] INFO mean_val_accuracy             0.8018
2024-04-15 22:07:09,371 simple_logger.py log_once [line:28] INFO std_val_accuracy              0.0476
2024-04-15 22:07:09,371 simple_logger.py log_once [line:28] INFO val_loss                      0.9794
2024-04-15 22:07:09,371 simple_logger.py log_once [line:28] INFO mean_val_loss                 0.9794
2024-04-15 22:07:09,371 simple_logger.py log_once [line:28] INFO std_val_loss                  0.3288
2024-04-15 22:07:09,372 fedbase.py run [line:256] INFO Eval Time Cost:               18.9429s
2024-04-15 22:07:35,219 fedbase.py communicate [line:362] INFO Training:                     25.8270s
2024-04-15 22:07:35,365 fedbase.py run [line:251] INFO --------------Round 20--------------
2024-04-15 22:07:35,365 simple_logger.py log_once [line:14] INFO Current_time:20
2024-04-15 22:07:50,618 simple_logger.py log_once [line:28] INFO test_accuracy                 0.7800
2024-04-15 22:07:50,618 simple_logger.py log_once [line:28] INFO test_loss                     1.1773
2024-04-15 22:07:50,618 simple_logger.py log_once [line:28] INFO val_accuracy                  0.7941
2024-04-15 22:07:50,618 simple_logger.py log_once [line:28] INFO mean_val_accuracy             0.7941
2024-04-15 22:07:50,618 simple_logger.py log_once [line:28] INFO std_val_accuracy              0.0524
2024-04-15 22:07:50,618 simple_logger.py log_once [line:28] INFO val_loss                      1.0160
2024-04-15 22:07:50,618 simple_logger.py log_once [line:28] INFO mean_val_loss                 1.0160
2024-04-15 22:07:50,618 simple_logger.py log_once [line:28] INFO std_val_loss                  0.3375
2024-04-15 22:07:50,618 fedbase.py run [line:256] INFO Eval Time Cost:               15.2537s
2024-04-15 22:07:50,634 fedbase.py run [line:263] INFO =================End==================
2024-04-15 22:07:50,634 fedbase.py run [line:264] INFO Total Time Cost:              643.0211s
