2024-04-16 20:14:47,811 fflow.py init [line:635] INFO PROCESS ID:	21060
2024-04-16 20:14:47,811 fflow.py init [line:636] INFO Initializing devices: cuda:0 will be used for this running.
2024-04-16 20:14:47,811 fflow.py init [line:639] INFO BENCHMARK:	svhn_classification
2024-04-16 20:14:47,811 fflow.py init [line:640] INFO TASK:			./svhn_DP_seq
2024-04-16 20:14:47,811 fflow.py init [line:641] INFO MODEL:		svhn_classification.model.default_model
2024-04-16 20:14:47,811 fflow.py init [line:642] INFO ALGORITHM:	PPFL_DP
2024-04-16 20:14:47,827 fflow.py init [line:681] INFO SCENE:		horizontal FL with 1 <class 'DP.Server'>, 100 <class 'DP.Client'>
2024-04-16 20:14:49,394 fflow.py init [line:698] INFO SIMULATOR:	<class 'flgo.simulator.default_simulator.Simulator'>
2024-04-16 20:14:49,394 fflow.py init [line:711] INFO Ready to start.
2024-04-16 20:14:49,552 fedbase.py _load_checkpoint [line:719] INFO Failed to load checkpoint due to max() arg is an empty sequence
2024-04-16 20:14:49,552 fedbase.py run [line:241] INFO --------------Initial Evaluation--------------
2024-04-16 20:14:49,552 simple_logger.py log_once [line:14] INFO Current_time:0
2024-04-16 20:15:01,394 simple_logger.py log_once [line:28] INFO test_accuracy                 0.1110
2024-04-16 20:15:01,394 simple_logger.py log_once [line:28] INFO test_loss                     2.3044
2024-04-16 20:15:01,394 simple_logger.py log_once [line:28] INFO val_accuracy                  0.1125
2024-04-16 20:15:01,394 simple_logger.py log_once [line:28] INFO mean_val_accuracy             0.1125
2024-04-16 20:15:01,394 simple_logger.py log_once [line:28] INFO std_val_accuracy              0.0385
2024-04-16 20:15:01,394 simple_logger.py log_once [line:28] INFO val_loss                      2.3037
2024-04-16 20:15:01,394 simple_logger.py log_once [line:28] INFO mean_val_loss                 2.3037
2024-04-16 20:15:01,394 simple_logger.py log_once [line:28] INFO std_val_loss                  0.0036
2024-04-16 20:15:01,394 fedbase.py run [line:244] INFO Eval Time Cost:               11.8425s
2024-04-16 20:15:19,294 fedbase.py communicate [line:362] INFO Training:                     17.8999s
2024-04-16 20:15:19,408 fedbase.py run [line:251] INFO --------------Round 1--------------
2024-04-16 20:15:19,408 simple_logger.py log_once [line:14] INFO Current_time:1
2024-04-16 20:15:30,105 simple_logger.py log_once [line:28] INFO test_accuracy                 0.1959
2024-04-16 20:15:30,109 simple_logger.py log_once [line:28] INFO test_loss                     2.2217
2024-04-16 20:15:30,109 simple_logger.py log_once [line:28] INFO val_accuracy                  0.1927
2024-04-16 20:15:30,109 simple_logger.py log_once [line:28] INFO mean_val_accuracy             0.1927
2024-04-16 20:15:30,109 simple_logger.py log_once [line:28] INFO std_val_accuracy              0.0491
2024-04-16 20:15:30,109 simple_logger.py log_once [line:28] INFO val_loss                      2.2309
2024-04-16 20:15:30,109 simple_logger.py log_once [line:28] INFO mean_val_loss                 2.2309
2024-04-16 20:15:30,109 simple_logger.py log_once [line:28] INFO std_val_loss                  0.0432
2024-04-16 20:15:30,109 fedbase.py run [line:256] INFO Eval Time Cost:               10.7014s
