2024-04-15 21:48:22,682 fflow.py init [line:635] INFO PROCESS ID:	14448
2024-04-15 21:48:22,682 fflow.py init [line:636] INFO Initializing devices: cuda:0 will be used for this running.
2024-04-15 21:48:22,682 fflow.py init [line:639] INFO BENCHMARK:	svhn_classification
2024-04-15 21:48:22,682 fflow.py init [line:640] INFO TASK:			./svhn_DP_seq
2024-04-15 21:48:22,682 fflow.py init [line:641] INFO MODEL:		svhn_classification.model.default_model
2024-04-15 21:48:22,682 fflow.py init [line:642] INFO ALGORITHM:	PPFL_DP
2024-04-15 21:48:22,697 fflow.py init [line:681] INFO SCENE:		horizontal FL with 1 <class 'DP.Server'>, 100 <class 'DP.Client'>
2024-04-15 21:48:22,713 fflow.py init [line:698] INFO SIMULATOR:	<class 'flgo.simulator.default_simulator.Simulator'>
2024-04-15 21:48:22,713 fflow.py init [line:711] INFO Ready to start.
2024-04-15 22:27:20,209 fedbase.py _load_checkpoint [line:719] INFO Failed to load checkpoint due to [WinError 3] 系统找不到指定的路径。: './svhn_DP_seq\\checkpoint\\5'
2024-04-15 22:27:20,209 fedbase.py run [line:241] INFO --------------Initial Evaluation--------------
2024-04-15 22:27:20,209 simple_logger.py log_once [line:14] INFO Current_time:0
2024-04-15 22:27:29,280 simple_logger.py log_once [line:28] INFO test_accuracy                 0.1110
2024-04-15 22:27:29,280 simple_logger.py log_once [line:28] INFO test_loss                     2.3044
2024-04-15 22:27:29,280 simple_logger.py log_once [line:28] INFO val_accuracy                  0.1125
2024-04-15 22:27:29,280 simple_logger.py log_once [line:28] INFO mean_val_accuracy             0.1125
2024-04-15 22:27:29,280 simple_logger.py log_once [line:28] INFO std_val_accuracy              0.0385
2024-04-15 22:27:29,280 simple_logger.py log_once [line:28] INFO val_loss                      2.3037
2024-04-15 22:27:29,280 simple_logger.py log_once [line:28] INFO mean_val_loss                 2.3037
2024-04-15 22:27:29,280 simple_logger.py log_once [line:28] INFO std_val_loss                  0.0036
2024-04-15 22:27:29,280 fedbase.py run [line:244] INFO Eval Time Cost:               9.0712s
2024-04-15 22:27:46,027 fedbase.py communicate [line:362] INFO Training:                     16.7469s
2024-04-15 22:27:46,122 fedbase.py run [line:251] INFO --------------Round 1--------------
2024-04-15 22:27:46,122 simple_logger.py log_once [line:14] INFO Current_time:1
2024-04-15 22:27:55,259 simple_logger.py log_once [line:28] INFO test_accuracy                 0.1959
2024-04-15 22:27:55,259 simple_logger.py log_once [line:28] INFO test_loss                     2.2245
2024-04-15 22:27:55,259 simple_logger.py log_once [line:28] INFO val_accuracy                  0.1927
2024-04-15 22:27:55,259 simple_logger.py log_once [line:28] INFO mean_val_accuracy             0.1927
2024-04-15 22:27:55,259 simple_logger.py log_once [line:28] INFO std_val_accuracy              0.0491
2024-04-15 22:27:55,259 simple_logger.py log_once [line:28] INFO val_loss                      2.2336
2024-04-15 22:27:55,259 simple_logger.py log_once [line:28] INFO mean_val_loss                 2.2336
2024-04-15 22:27:55,259 simple_logger.py log_once [line:28] INFO std_val_loss                  0.0424
2024-04-15 22:27:55,259 fedbase.py run [line:256] INFO Eval Time Cost:               9.1369s
2024-04-15 22:28:12,020 fedbase.py communicate [line:362] INFO Training:                     16.7442s
2024-04-15 22:28:12,114 fedbase.py run [line:251] INFO --------------Round 2--------------
2024-04-15 22:28:12,114 simple_logger.py log_once [line:14] INFO Current_time:2
2024-04-15 22:28:21,815 simple_logger.py log_once [line:28] INFO test_accuracy                 0.2519
2024-04-15 22:28:21,815 simple_logger.py log_once [line:28] INFO test_loss                     2.1753
2024-04-15 22:28:21,815 simple_logger.py log_once [line:28] INFO val_accuracy                  0.2405
2024-04-15 22:28:21,815 simple_logger.py log_once [line:28] INFO mean_val_accuracy             0.2405
2024-04-15 22:28:21,815 simple_logger.py log_once [line:28] INFO std_val_accuracy              0.0547
2024-04-15 22:28:21,815 simple_logger.py log_once [line:28] INFO val_loss                      2.1929
2024-04-15 22:28:21,815 simple_logger.py log_once [line:28] INFO mean_val_loss                 2.1929
2024-04-15 22:28:21,815 simple_logger.py log_once [line:28] INFO std_val_loss                  0.0536
2024-04-15 22:28:21,815 fedbase.py run [line:256] INFO Eval Time Cost:               9.7011s
2024-04-15 22:28:38,615 fedbase.py communicate [line:362] INFO Training:                     16.7838s
2024-04-15 22:28:38,725 fedbase.py run [line:251] INFO --------------Round 3--------------
2024-04-15 22:28:38,725 simple_logger.py log_once [line:14] INFO Current_time:3
2024-04-15 22:28:48,520 simple_logger.py log_once [line:28] INFO test_accuracy                 0.4286
2024-04-15 22:28:48,520 simple_logger.py log_once [line:28] INFO test_loss                     1.8332
2024-04-15 22:28:48,520 simple_logger.py log_once [line:28] INFO val_accuracy                  0.4251
2024-04-15 22:28:48,520 simple_logger.py log_once [line:28] INFO mean_val_accuracy             0.4251
2024-04-15 22:28:48,520 simple_logger.py log_once [line:28] INFO std_val_accuracy              0.0567
2024-04-15 22:28:48,520 simple_logger.py log_once [line:28] INFO val_loss                      1.8597
2024-04-15 22:28:48,520 simple_logger.py log_once [line:28] INFO mean_val_loss                 1.8597
2024-04-15 22:28:48,520 simple_logger.py log_once [line:28] INFO std_val_loss                  0.0758
2024-04-15 22:28:48,520 fedbase.py run [line:256] INFO Eval Time Cost:               9.7953s
2024-04-15 22:29:05,455 fedbase.py communicate [line:362] INFO Training:                     16.9355s
2024-04-15 22:29:05,550 fedbase.py run [line:251] INFO --------------Round 4--------------
2024-04-15 22:29:05,550 simple_logger.py log_once [line:14] INFO Current_time:4
2024-04-15 22:29:15,081 simple_logger.py log_once [line:28] INFO test_accuracy                 0.6365
2024-04-15 22:29:15,081 simple_logger.py log_once [line:28] INFO test_loss                     1.2147
2024-04-15 22:29:15,081 simple_logger.py log_once [line:28] INFO val_accuracy                  0.6227
2024-04-15 22:29:15,081 simple_logger.py log_once [line:28] INFO mean_val_accuracy             0.6227
2024-04-15 22:29:15,081 simple_logger.py log_once [line:28] INFO std_val_accuracy              0.0634
2024-04-15 22:29:15,081 simple_logger.py log_once [line:28] INFO val_loss                      1.2350
2024-04-15 22:29:15,081 simple_logger.py log_once [line:28] INFO mean_val_loss                 1.2350
2024-04-15 22:29:15,081 simple_logger.py log_once [line:28] INFO std_val_loss                  0.1200
2024-04-15 22:29:15,081 fedbase.py run [line:256] INFO Eval Time Cost:               9.5310s
2024-04-15 22:29:31,801 fedbase.py communicate [line:362] INFO Training:                     16.7208s
2024-04-15 22:29:31,895 fedbase.py run [line:251] INFO --------------Round 5--------------
2024-04-15 22:29:31,895 simple_logger.py log_once [line:14] INFO Current_time:5
2024-04-15 22:29:41,273 simple_logger.py log_once [line:28] INFO test_accuracy                 0.7632
2024-04-15 22:29:41,273 simple_logger.py log_once [line:28] INFO test_loss                     0.8351
2024-04-15 22:29:41,273 simple_logger.py log_once [line:28] INFO val_accuracy                  0.7684
2024-04-15 22:29:41,273 simple_logger.py log_once [line:28] INFO mean_val_accuracy             0.7684
2024-04-15 22:29:41,273 simple_logger.py log_once [line:28] INFO std_val_accuracy              0.0535
2024-04-15 22:29:41,273 simple_logger.py log_once [line:28] INFO val_loss                      0.7952
2024-04-15 22:29:41,273 simple_logger.py log_once [line:28] INFO mean_val_loss                 0.7951
2024-04-15 22:29:41,273 simple_logger.py log_once [line:28] INFO std_val_loss                  0.1397
2024-04-15 22:29:41,273 fedbase.py run [line:256] INFO Eval Time Cost:               9.3776s
2024-04-15 22:29:58,105 fedbase.py communicate [line:362] INFO Training:                     16.8327s
2024-04-15 22:29:58,217 fedbase.py run [line:251] INFO --------------Round 6--------------
2024-04-15 22:29:58,217 simple_logger.py log_once [line:14] INFO Current_time:6
2024-04-15 22:30:07,663 simple_logger.py log_once [line:28] INFO test_accuracy                 0.8052
2024-04-15 22:30:07,663 simple_logger.py log_once [line:28] INFO test_loss                     0.7247
2024-04-15 22:30:07,663 simple_logger.py log_once [line:28] INFO val_accuracy                  0.8097
2024-04-15 22:30:07,663 simple_logger.py log_once [line:28] INFO mean_val_accuracy             0.8097
2024-04-15 22:30:07,663 simple_logger.py log_once [line:28] INFO std_val_accuracy              0.0482
2024-04-15 22:30:07,663 simple_logger.py log_once [line:28] INFO val_loss                      0.6889
2024-04-15 22:30:07,663 simple_logger.py log_once [line:28] INFO mean_val_loss                 0.6889
2024-04-15 22:30:07,663 simple_logger.py log_once [line:28] INFO std_val_loss                  0.1593
2024-04-15 22:30:07,663 fedbase.py run [line:256] INFO Eval Time Cost:               9.4467s
2024-04-15 22:30:24,440 fedbase.py communicate [line:362] INFO Training:                     16.7608s
2024-04-15 22:30:24,550 fedbase.py run [line:251] INFO --------------Round 7--------------
2024-04-15 22:30:24,550 simple_logger.py log_once [line:14] INFO Current_time:7
2024-04-15 22:30:34,004 simple_logger.py log_once [line:28] INFO test_accuracy                 0.8228
2024-04-15 22:30:34,004 simple_logger.py log_once [line:28] INFO test_loss                     0.6945
2024-04-15 22:30:34,004 simple_logger.py log_once [line:28] INFO val_accuracy                  0.8286
2024-04-15 22:30:34,004 simple_logger.py log_once [line:28] INFO mean_val_accuracy             0.8286
2024-04-15 22:30:34,004 simple_logger.py log_once [line:28] INFO std_val_accuracy              0.0451
2024-04-15 22:30:34,004 simple_logger.py log_once [line:28] INFO val_loss                      0.6413
2024-04-15 22:30:34,004 simple_logger.py log_once [line:28] INFO mean_val_loss                 0.6413
2024-04-15 22:30:34,004 simple_logger.py log_once [line:28] INFO std_val_loss                  0.1682
2024-04-15 22:30:34,004 fedbase.py run [line:256] INFO Eval Time Cost:               9.4539s
2024-04-15 22:30:50,689 fedbase.py communicate [line:362] INFO Training:                     16.6853s
2024-04-15 22:30:50,784 fedbase.py run [line:251] INFO --------------Round 8--------------
2024-04-15 22:30:50,784 simple_logger.py log_once [line:14] INFO Current_time:8
2024-04-15 22:30:59,781 simple_logger.py log_once [line:28] INFO test_accuracy                 0.8272
2024-04-15 22:30:59,782 simple_logger.py log_once [line:28] INFO test_loss                     0.7236
2024-04-15 22:30:59,782 simple_logger.py log_once [line:28] INFO val_accuracy                  0.8390
2024-04-15 22:30:59,782 simple_logger.py log_once [line:28] INFO mean_val_accuracy             0.8390
2024-04-15 22:30:59,782 simple_logger.py log_once [line:28] INFO std_val_accuracy              0.0407
2024-04-15 22:30:59,782 simple_logger.py log_once [line:28] INFO val_loss                      0.6361
2024-04-15 22:30:59,782 simple_logger.py log_once [line:28] INFO mean_val_loss                 0.6361
2024-04-15 22:30:59,782 simple_logger.py log_once [line:28] INFO std_val_loss                  0.1886
2024-04-15 22:30:59,782 fedbase.py run [line:256] INFO Eval Time Cost:               8.9984s
2024-04-15 22:31:16,484 fedbase.py communicate [line:362] INFO Training:                     16.7019s
2024-04-15 22:31:16,593 fedbase.py run [line:251] INFO --------------Round 9--------------
2024-04-15 22:31:16,593 simple_logger.py log_once [line:14] INFO Current_time:9
2024-04-15 22:31:25,635 simple_logger.py log_once [line:28] INFO test_accuracy                 0.8327
2024-04-15 22:31:25,635 simple_logger.py log_once [line:28] INFO test_loss                     0.7134
2024-04-15 22:31:25,635 simple_logger.py log_once [line:28] INFO val_accuracy                  0.8385
2024-04-15 22:31:25,635 simple_logger.py log_once [line:28] INFO mean_val_accuracy             0.8385
2024-04-15 22:31:25,635 simple_logger.py log_once [line:28] INFO std_val_accuracy              0.0420
2024-04-15 22:31:25,635 simple_logger.py log_once [line:28] INFO val_loss                      0.6347
2024-04-15 22:31:25,635 simple_logger.py log_once [line:28] INFO mean_val_loss                 0.6347
2024-04-15 22:31:25,635 simple_logger.py log_once [line:28] INFO std_val_loss                  0.1976
2024-04-15 22:31:25,635 fedbase.py run [line:256] INFO Eval Time Cost:               9.0422s
2024-04-15 22:31:42,352 fedbase.py communicate [line:362] INFO Training:                     16.7164s
2024-04-15 22:31:42,446 fedbase.py run [line:251] INFO --------------Round 10--------------
2024-04-15 22:31:42,446 simple_logger.py log_once [line:14] INFO Current_time:10
2024-04-15 22:31:51,645 simple_logger.py log_once [line:28] INFO test_accuracy                 0.8439
2024-04-15 22:31:51,645 simple_logger.py log_once [line:28] INFO test_loss                     0.7031
2024-04-15 22:31:51,645 simple_logger.py log_once [line:28] INFO val_accuracy                  0.8508
2024-04-15 22:31:51,645 simple_logger.py log_once [line:28] INFO mean_val_accuracy             0.8508
2024-04-15 22:31:51,645 simple_logger.py log_once [line:28] INFO std_val_accuracy              0.0388
2024-04-15 22:31:51,645 simple_logger.py log_once [line:28] INFO val_loss                      0.6172
2024-04-15 22:31:51,645 simple_logger.py log_once [line:28] INFO mean_val_loss                 0.6172
2024-04-15 22:31:51,645 simple_logger.py log_once [line:28] INFO std_val_loss                  0.2080
2024-04-15 22:31:51,645 fedbase.py run [line:256] INFO Eval Time Cost:               9.1995s
2024-04-15 22:32:08,493 fedbase.py communicate [line:362] INFO Training:                     16.8325s
2024-04-15 22:32:08,588 fedbase.py run [line:251] INFO --------------Round 11--------------
2024-04-15 22:32:08,588 simple_logger.py log_once [line:14] INFO Current_time:11
2024-04-15 22:32:17,788 simple_logger.py log_once [line:28] INFO test_accuracy                 0.8434
2024-04-15 22:32:17,788 simple_logger.py log_once [line:28] INFO test_loss                     0.7334
2024-04-15 22:32:17,788 simple_logger.py log_once [line:28] INFO val_accuracy                  0.8534
2024-04-15 22:32:17,788 simple_logger.py log_once [line:28] INFO mean_val_accuracy             0.8534
2024-04-15 22:32:17,788 simple_logger.py log_once [line:28] INFO std_val_accuracy              0.0380
2024-04-15 22:32:17,788 simple_logger.py log_once [line:28] INFO val_loss                      0.6367
2024-04-15 22:32:17,788 simple_logger.py log_once [line:28] INFO mean_val_loss                 0.6367
2024-04-15 22:32:17,788 simple_logger.py log_once [line:28] INFO std_val_loss                  0.2186
2024-04-15 22:32:17,788 fedbase.py run [line:256] INFO Eval Time Cost:               9.2001s
2024-04-15 22:32:34,931 fedbase.py communicate [line:362] INFO Training:                     17.1429s
2024-04-15 22:32:35,025 fedbase.py run [line:251] INFO --------------Round 12--------------
2024-04-15 22:32:35,025 simple_logger.py log_once [line:14] INFO Current_time:12
2024-04-15 22:32:44,482 simple_logger.py log_once [line:28] INFO test_accuracy                 0.8416
2024-04-15 22:32:44,482 simple_logger.py log_once [line:28] INFO test_loss                     0.7484
2024-04-15 22:32:44,498 simple_logger.py log_once [line:28] INFO val_accuracy                  0.8518
2024-04-15 22:32:44,498 simple_logger.py log_once [line:28] INFO mean_val_accuracy             0.8518
2024-04-15 22:32:44,498 simple_logger.py log_once [line:28] INFO std_val_accuracy              0.0400
2024-04-15 22:32:44,498 simple_logger.py log_once [line:28] INFO val_loss                      0.6261
2024-04-15 22:32:44,498 simple_logger.py log_once [line:28] INFO mean_val_loss                 0.6261
2024-04-15 22:32:44,498 simple_logger.py log_once [line:28] INFO std_val_loss                  0.2087
2024-04-15 22:32:44,498 fedbase.py run [line:256] INFO Eval Time Cost:               9.4737s
2024-04-15 22:33:01,210 fedbase.py communicate [line:362] INFO Training:                     16.7117s
2024-04-15 22:33:01,305 fedbase.py run [line:251] INFO --------------Round 13--------------
2024-04-15 22:33:01,305 simple_logger.py log_once [line:14] INFO Current_time:13
2024-04-15 22:33:10,608 simple_logger.py log_once [line:28] INFO test_accuracy                 0.8485
2024-04-15 22:33:10,608 simple_logger.py log_once [line:28] INFO test_loss                     0.7073
2024-04-15 22:33:10,608 simple_logger.py log_once [line:28] INFO val_accuracy                  0.8549
2024-04-15 22:33:10,608 simple_logger.py log_once [line:28] INFO mean_val_accuracy             0.8549
2024-04-15 22:33:10,608 simple_logger.py log_once [line:28] INFO std_val_accuracy              0.0397
2024-04-15 22:33:10,608 simple_logger.py log_once [line:28] INFO val_loss                      0.6268
2024-04-15 22:33:10,608 simple_logger.py log_once [line:28] INFO mean_val_loss                 0.6268
2024-04-15 22:33:10,608 simple_logger.py log_once [line:28] INFO std_val_loss                  0.2269
2024-04-15 22:33:10,608 fedbase.py run [line:256] INFO Eval Time Cost:               9.3025s
2024-04-15 22:33:28,393 fedbase.py communicate [line:362] INFO Training:                     17.7696s
2024-04-15 22:33:28,488 fedbase.py run [line:251] INFO --------------Round 14--------------
2024-04-15 22:33:28,488 simple_logger.py log_once [line:14] INFO Current_time:14
2024-04-15 22:33:37,803 simple_logger.py log_once [line:28] INFO test_accuracy                 0.8481
2024-04-15 22:33:37,803 simple_logger.py log_once [line:28] INFO test_loss                     0.6854
2024-04-15 22:33:37,803 simple_logger.py log_once [line:28] INFO val_accuracy                  0.8568
2024-04-15 22:33:37,819 simple_logger.py log_once [line:28] INFO mean_val_accuracy             0.8568
2024-04-15 22:33:37,819 simple_logger.py log_once [line:28] INFO std_val_accuracy              0.0380
2024-04-15 22:33:37,819 simple_logger.py log_once [line:28] INFO val_loss                      0.6119
2024-04-15 22:33:37,819 simple_logger.py log_once [line:28] INFO mean_val_loss                 0.6119
2024-04-15 22:33:37,819 simple_logger.py log_once [line:28] INFO std_val_loss                  0.2164
2024-04-15 22:33:37,819 fedbase.py run [line:256] INFO Eval Time Cost:               9.3305s
2024-04-15 22:33:54,584 fedbase.py communicate [line:362] INFO Training:                     16.7649s
2024-04-15 22:33:54,678 fedbase.py run [line:251] INFO --------------Round 15--------------
2024-04-15 22:33:54,678 simple_logger.py log_once [line:14] INFO Current_time:15
2024-04-15 22:34:05,411 simple_logger.py log_once [line:28] INFO test_accuracy                 0.8488
2024-04-15 22:34:05,411 simple_logger.py log_once [line:28] INFO test_loss                     0.7352
2024-04-15 22:34:05,411 simple_logger.py log_once [line:28] INFO val_accuracy                  0.8567
2024-04-15 22:34:05,411 simple_logger.py log_once [line:28] INFO mean_val_accuracy             0.8567
2024-04-15 22:34:05,411 simple_logger.py log_once [line:28] INFO std_val_accuracy              0.0370
2024-04-15 22:34:05,411 simple_logger.py log_once [line:28] INFO val_loss                      0.6338
2024-04-15 22:34:05,411 simple_logger.py log_once [line:28] INFO mean_val_loss                 0.6338
2024-04-15 22:34:05,411 simple_logger.py log_once [line:28] INFO std_val_loss                  0.2280
2024-04-15 22:34:05,411 fedbase.py run [line:256] INFO Eval Time Cost:               10.7329s
2024-04-15 22:34:26,860 fedbase.py communicate [line:362] INFO Training:                     21.4326s
2024-04-15 22:34:26,985 fedbase.py run [line:251] INFO --------------Round 16--------------
2024-04-15 22:34:26,985 simple_logger.py log_once [line:14] INFO Current_time:16
2024-04-15 22:34:37,717 simple_logger.py log_once [line:28] INFO test_accuracy                 0.8557
2024-04-15 22:34:37,717 simple_logger.py log_once [line:28] INFO test_loss                     0.6950
2024-04-15 22:34:37,717 simple_logger.py log_once [line:28] INFO val_accuracy                  0.8647
2024-04-15 22:34:37,717 simple_logger.py log_once [line:28] INFO mean_val_accuracy             0.8647
2024-04-15 22:34:37,717 simple_logger.py log_once [line:28] INFO std_val_accuracy              0.0396
2024-04-15 22:34:37,717 simple_logger.py log_once [line:28] INFO val_loss                      0.6216
2024-04-15 22:34:37,717 simple_logger.py log_once [line:28] INFO mean_val_loss                 0.6216
2024-04-15 22:34:37,717 simple_logger.py log_once [line:28] INFO std_val_loss                  0.2271
2024-04-15 22:34:37,717 fedbase.py run [line:256] INFO Eval Time Cost:               10.7324s
2024-04-15 22:34:54,638 fedbase.py communicate [line:362] INFO Training:                     16.9063s
2024-04-15 22:34:54,735 fedbase.py run [line:251] INFO --------------Round 17--------------
2024-04-15 22:34:54,735 simple_logger.py log_once [line:14] INFO Current_time:17
2024-04-15 22:35:04,175 simple_logger.py log_once [line:28] INFO test_accuracy                 0.8585
2024-04-15 22:35:04,175 simple_logger.py log_once [line:28] INFO test_loss                     0.6748
2024-04-15 22:35:04,175 simple_logger.py log_once [line:28] INFO val_accuracy                  0.8649
2024-04-15 22:35:04,175 simple_logger.py log_once [line:28] INFO mean_val_accuracy             0.8649
2024-04-15 22:35:04,175 simple_logger.py log_once [line:28] INFO std_val_accuracy              0.0388
2024-04-15 22:35:04,175 simple_logger.py log_once [line:28] INFO val_loss                      0.6022
2024-04-15 22:35:04,175 simple_logger.py log_once [line:28] INFO mean_val_loss                 0.6022
2024-04-15 22:35:04,175 simple_logger.py log_once [line:28] INFO std_val_loss                  0.2204
2024-04-15 22:35:04,175 fedbase.py run [line:256] INFO Eval Time Cost:               9.4401s
2024-04-15 22:35:21,134 fedbase.py communicate [line:362] INFO Training:                     16.9582s
2024-04-15 22:35:21,229 fedbase.py run [line:251] INFO --------------Round 18--------------
2024-04-15 22:35:21,229 simple_logger.py log_once [line:14] INFO Current_time:18
2024-04-15 22:35:30,341 simple_logger.py log_once [line:28] INFO test_accuracy                 0.8556
2024-04-15 22:35:30,341 simple_logger.py log_once [line:28] INFO test_loss                     0.6985
2024-04-15 22:35:30,341 simple_logger.py log_once [line:28] INFO val_accuracy                  0.8630
2024-04-15 22:35:30,341 simple_logger.py log_once [line:28] INFO mean_val_accuracy             0.8630
2024-04-15 22:35:30,341 simple_logger.py log_once [line:28] INFO std_val_accuracy              0.0415
2024-04-15 22:35:30,341 simple_logger.py log_once [line:28] INFO val_loss                      0.6078
2024-04-15 22:35:30,341 simple_logger.py log_once [line:28] INFO mean_val_loss                 0.6078
2024-04-15 22:35:30,341 simple_logger.py log_once [line:28] INFO std_val_loss                  0.2303
2024-04-15 22:35:30,341 fedbase.py run [line:256] INFO Eval Time Cost:               9.1123s
2024-04-15 22:35:47,072 fedbase.py communicate [line:362] INFO Training:                     16.7312s
2024-04-15 22:35:47,183 fedbase.py run [line:251] INFO --------------Round 19--------------
2024-04-15 22:35:47,183 simple_logger.py log_once [line:14] INFO Current_time:19
2024-04-15 22:35:56,290 simple_logger.py log_once [line:28] INFO test_accuracy                 0.8574
2024-04-15 22:35:56,290 simple_logger.py log_once [line:28] INFO test_loss                     0.6899
2024-04-15 22:35:56,290 simple_logger.py log_once [line:28] INFO val_accuracy                  0.8679
2024-04-15 22:35:56,290 simple_logger.py log_once [line:28] INFO mean_val_accuracy             0.8679
2024-04-15 22:35:56,290 simple_logger.py log_once [line:28] INFO std_val_accuracy              0.0382
2024-04-15 22:35:56,290 simple_logger.py log_once [line:28] INFO val_loss                      0.6035
2024-04-15 22:35:56,290 simple_logger.py log_once [line:28] INFO mean_val_loss                 0.6035
2024-04-15 22:35:56,290 simple_logger.py log_once [line:28] INFO std_val_loss                  0.2236
2024-04-15 22:35:56,290 fedbase.py run [line:256] INFO Eval Time Cost:               9.1065s
2024-04-15 22:36:12,968 fedbase.py communicate [line:362] INFO Training:                     16.6785s
2024-04-15 22:36:13,062 fedbase.py run [line:251] INFO --------------Round 20--------------
2024-04-15 22:36:13,062 simple_logger.py log_once [line:14] INFO Current_time:20
2024-04-15 22:36:22,061 simple_logger.py log_once [line:28] INFO test_accuracy                 0.8581
2024-04-15 22:36:22,061 simple_logger.py log_once [line:28] INFO test_loss                     0.6832
2024-04-15 22:36:22,061 simple_logger.py log_once [line:28] INFO val_accuracy                  0.8678
2024-04-15 22:36:22,061 simple_logger.py log_once [line:28] INFO mean_val_accuracy             0.8678
2024-04-15 22:36:22,061 simple_logger.py log_once [line:28] INFO std_val_accuracy              0.0398
2024-04-15 22:36:22,061 simple_logger.py log_once [line:28] INFO val_loss                      0.6139
2024-04-15 22:36:22,061 simple_logger.py log_once [line:28] INFO mean_val_loss                 0.6139
2024-04-15 22:36:22,061 simple_logger.py log_once [line:28] INFO std_val_loss                  0.2266
2024-04-15 22:36:22,061 fedbase.py run [line:256] INFO Eval Time Cost:               8.9987s
2024-04-15 22:36:22,076 fedbase.py run [line:263] INFO =================End==================
2024-04-15 22:36:22,076 fedbase.py run [line:264] INFO Total Time Cost:              541.8670s
