2024-04-15 21:48:22,713 fflow.py init [line:635] INFO PROCESS ID:	14448
2024-04-15 21:48:22,713 fflow.py init [line:636] INFO Initializing devices: cuda:0 will be used for this running.
2024-04-15 21:48:22,713 fflow.py init [line:639] INFO BENCHMARK:	svhn_classification
2024-04-15 21:48:22,713 fflow.py init [line:640] INFO TASK:			./svhn_DP_seq
2024-04-15 21:48:22,713 fflow.py init [line:641] INFO MODEL:		svhn_classification.model.default_model
2024-04-15 21:48:22,713 fflow.py init [line:642] INFO ALGORITHM:	PPFL_DP
2024-04-15 21:48:22,729 fflow.py init [line:681] INFO SCENE:		horizontal FL with 1 <class 'DP.Server'>, 100 <class 'DP.Client'>
2024-04-15 21:48:22,729 fflow.py init [line:698] INFO SIMULATOR:	<class 'flgo.simulator.default_simulator.Simulator'>
2024-04-15 21:48:22,729 fflow.py init [line:711] INFO Ready to start.
2024-04-15 22:36:22,076 fedbase.py _load_checkpoint [line:719] INFO Failed to load checkpoint due to [WinError 3] 系统找不到指定的路径。: './svhn_DP_seq\\checkpoint\\6'
2024-04-15 22:36:22,076 fedbase.py run [line:241] INFO --------------Initial Evaluation--------------
2024-04-15 22:36:22,076 simple_logger.py log_once [line:14] INFO Current_time:0
2024-04-15 22:36:31,443 simple_logger.py log_once [line:28] INFO test_accuracy                 0.1110
2024-04-15 22:36:31,443 simple_logger.py log_once [line:28] INFO test_loss                     2.3044
2024-04-15 22:36:31,443 simple_logger.py log_once [line:28] INFO val_accuracy                  0.1125
2024-04-15 22:36:31,443 simple_logger.py log_once [line:28] INFO mean_val_accuracy             0.1125
2024-04-15 22:36:31,443 simple_logger.py log_once [line:28] INFO std_val_accuracy              0.0385
2024-04-15 22:36:31,443 simple_logger.py log_once [line:28] INFO val_loss                      2.3037
2024-04-15 22:36:31,443 simple_logger.py log_once [line:28] INFO mean_val_loss                 2.3037
2024-04-15 22:36:31,443 simple_logger.py log_once [line:28] INFO std_val_loss                  0.0036
2024-04-15 22:36:31,443 fedbase.py run [line:244] INFO Eval Time Cost:               9.3664s
2024-04-15 22:36:48,119 fedbase.py communicate [line:362] INFO Training:                     16.6768s
2024-04-15 22:36:48,199 fedbase.py run [line:251] INFO --------------Round 1--------------
2024-04-15 22:36:48,199 simple_logger.py log_once [line:14] INFO Current_time:1
2024-04-15 22:36:57,717 simple_logger.py log_once [line:28] INFO test_accuracy                 0.1959
2024-04-15 22:36:57,717 simple_logger.py log_once [line:28] INFO test_loss                     2.2251
2024-04-15 22:36:57,717 simple_logger.py log_once [line:28] INFO val_accuracy                  0.1927
2024-04-15 22:36:57,717 simple_logger.py log_once [line:28] INFO mean_val_accuracy             0.1927
2024-04-15 22:36:57,717 simple_logger.py log_once [line:28] INFO std_val_accuracy              0.0491
2024-04-15 22:36:57,717 simple_logger.py log_once [line:28] INFO val_loss                      2.2337
2024-04-15 22:36:57,717 simple_logger.py log_once [line:28] INFO mean_val_loss                 2.2337
2024-04-15 22:36:57,717 simple_logger.py log_once [line:28] INFO std_val_loss                  0.0372
2024-04-15 22:36:57,717 fedbase.py run [line:256] INFO Eval Time Cost:               9.5187s
2024-04-15 22:37:14,582 fedbase.py communicate [line:362] INFO Training:                     16.8433s
2024-04-15 22:37:14,909 fedbase.py run [line:251] INFO --------------Round 2--------------
2024-04-15 22:37:14,909 simple_logger.py log_once [line:14] INFO Current_time:2
2024-04-15 22:37:26,663 simple_logger.py log_once [line:28] INFO test_accuracy                 0.2673
2024-04-15 22:37:26,663 simple_logger.py log_once [line:28] INFO test_loss                     2.1680
2024-04-15 22:37:26,663 simple_logger.py log_once [line:28] INFO val_accuracy                  0.2530
2024-04-15 22:37:26,663 simple_logger.py log_once [line:28] INFO mean_val_accuracy             0.2530
2024-04-15 22:37:26,663 simple_logger.py log_once [line:28] INFO std_val_accuracy              0.0557
2024-04-15 22:37:26,663 simple_logger.py log_once [line:28] INFO val_loss                      2.1852
2024-04-15 22:37:26,663 simple_logger.py log_once [line:28] INFO mean_val_loss                 2.1852
2024-04-15 22:37:26,663 simple_logger.py log_once [line:28] INFO std_val_loss                  0.0443
2024-04-15 22:37:26,663 fedbase.py run [line:256] INFO Eval Time Cost:               11.7549s
2024-04-15 22:37:51,547 fedbase.py communicate [line:362] INFO Training:                     24.8670s
2024-04-15 22:37:51,697 fedbase.py run [line:251] INFO --------------Round 3--------------
2024-04-15 22:37:51,697 simple_logger.py log_once [line:14] INFO Current_time:3
2024-04-15 22:38:06,927 simple_logger.py log_once [line:28] INFO test_accuracy                 0.3972
2024-04-15 22:38:06,927 simple_logger.py log_once [line:28] INFO test_loss                     1.8168
2024-04-15 22:38:06,927 simple_logger.py log_once [line:28] INFO val_accuracy                  0.3949
2024-04-15 22:38:06,927 simple_logger.py log_once [line:28] INFO mean_val_accuracy             0.3949
2024-04-15 22:38:06,927 simple_logger.py log_once [line:28] INFO std_val_accuracy              0.0564
2024-04-15 22:38:06,927 simple_logger.py log_once [line:28] INFO val_loss                      1.8371
2024-04-15 22:38:06,927 simple_logger.py log_once [line:28] INFO mean_val_loss                 1.8371
2024-04-15 22:38:06,927 simple_logger.py log_once [line:28] INFO std_val_loss                  0.0868
2024-04-15 22:38:06,927 fedbase.py run [line:256] INFO Eval Time Cost:               15.2295s
2024-04-15 22:38:25,988 fedbase.py communicate [line:362] INFO Training:                     19.0367s
2024-04-15 22:38:26,083 fedbase.py run [line:251] INFO --------------Round 4--------------
2024-04-15 22:38:26,083 simple_logger.py log_once [line:14] INFO Current_time:4
2024-04-15 22:38:35,518 simple_logger.py log_once [line:28] INFO test_accuracy                 0.7124
2024-04-15 22:38:35,518 simple_logger.py log_once [line:28] INFO test_loss                     1.0956
2024-04-15 22:38:35,518 simple_logger.py log_once [line:28] INFO val_accuracy                  0.6970
2024-04-15 22:38:35,518 simple_logger.py log_once [line:28] INFO mean_val_accuracy             0.6970
2024-04-15 22:38:35,518 simple_logger.py log_once [line:28] INFO std_val_accuracy              0.0607
2024-04-15 22:38:35,518 simple_logger.py log_once [line:28] INFO val_loss                      1.1266
2024-04-15 22:38:35,518 simple_logger.py log_once [line:28] INFO mean_val_loss                 1.1266
2024-04-15 22:38:35,518 simple_logger.py log_once [line:28] INFO std_val_loss                  0.1107
2024-04-15 22:38:35,518 fedbase.py run [line:256] INFO Eval Time Cost:               9.4344s
2024-04-15 22:38:52,172 fedbase.py communicate [line:362] INFO Training:                     16.6542s
2024-04-15 22:38:52,266 fedbase.py run [line:251] INFO --------------Round 5--------------
2024-04-15 22:38:52,266 simple_logger.py log_once [line:14] INFO Current_time:5
2024-04-15 22:39:01,796 simple_logger.py log_once [line:28] INFO test_accuracy                 0.7759
2024-04-15 22:39:01,796 simple_logger.py log_once [line:28] INFO test_loss                     0.7905
2024-04-15 22:39:01,796 simple_logger.py log_once [line:28] INFO val_accuracy                  0.7795
2024-04-15 22:39:01,796 simple_logger.py log_once [line:28] INFO mean_val_accuracy             0.7795
2024-04-15 22:39:01,796 simple_logger.py log_once [line:28] INFO std_val_accuracy              0.0517
2024-04-15 22:39:01,796 simple_logger.py log_once [line:28] INFO val_loss                      0.7617
2024-04-15 22:39:01,796 simple_logger.py log_once [line:28] INFO mean_val_loss                 0.7617
2024-04-15 22:39:01,796 simple_logger.py log_once [line:28] INFO std_val_loss                  0.1317
2024-04-15 22:39:01,796 fedbase.py run [line:256] INFO Eval Time Cost:               9.5294s
2024-04-15 22:39:21,404 fedbase.py communicate [line:362] INFO Training:                     19.5928s
2024-04-15 22:39:21,513 fedbase.py run [line:251] INFO --------------Round 6--------------
2024-04-15 22:39:21,513 simple_logger.py log_once [line:14] INFO Current_time:6
2024-04-15 22:39:36,021 simple_logger.py log_once [line:28] INFO test_accuracy                 0.8109
2024-04-15 22:39:36,021 simple_logger.py log_once [line:28] INFO test_loss                     0.7064
2024-04-15 22:39:36,021 simple_logger.py log_once [line:28] INFO val_accuracy                  0.8175
2024-04-15 22:39:36,021 simple_logger.py log_once [line:28] INFO mean_val_accuracy             0.8175
2024-04-15 22:39:36,021 simple_logger.py log_once [line:28] INFO std_val_accuracy              0.0469
2024-04-15 22:39:36,021 simple_logger.py log_once [line:28] INFO val_loss                      0.6706
2024-04-15 22:39:36,021 simple_logger.py log_once [line:28] INFO mean_val_loss                 0.6706
2024-04-15 22:39:36,021 simple_logger.py log_once [line:28] INFO std_val_loss                  0.1581
2024-04-15 22:39:36,021 fedbase.py run [line:256] INFO Eval Time Cost:               14.5087s
2024-04-15 22:40:00,283 fedbase.py communicate [line:362] INFO Training:                     24.2457s
2024-04-15 22:40:00,401 fedbase.py run [line:251] INFO --------------Round 7--------------
2024-04-15 22:40:00,401 simple_logger.py log_once [line:14] INFO Current_time:7
2024-04-15 22:40:15,385 simple_logger.py log_once [line:28] INFO test_accuracy                 0.8275
2024-04-15 22:40:15,385 simple_logger.py log_once [line:28] INFO test_loss                     0.6763
2024-04-15 22:40:15,385 simple_logger.py log_once [line:28] INFO val_accuracy                  0.8364
2024-04-15 22:40:15,385 simple_logger.py log_once [line:28] INFO mean_val_accuracy             0.8364
2024-04-15 22:40:15,385 simple_logger.py log_once [line:28] INFO std_val_accuracy              0.0429
2024-04-15 22:40:15,385 simple_logger.py log_once [line:28] INFO val_loss                      0.6269
2024-04-15 22:40:15,385 simple_logger.py log_once [line:28] INFO mean_val_loss                 0.6269
2024-04-15 22:40:15,385 simple_logger.py log_once [line:28] INFO std_val_loss                  0.1664
2024-04-15 22:40:15,385 fedbase.py run [line:256] INFO Eval Time Cost:               14.9835s
2024-04-15 22:40:39,987 fedbase.py communicate [line:362] INFO Training:                     24.5853s
2024-04-15 22:40:40,141 fedbase.py run [line:251] INFO --------------Round 8--------------
2024-04-15 22:40:40,141 simple_logger.py log_once [line:14] INFO Current_time:8
2024-04-15 22:40:54,728 simple_logger.py log_once [line:28] INFO test_accuracy                 0.8372
2024-04-15 22:40:54,728 simple_logger.py log_once [line:28] INFO test_loss                     0.6787
2024-04-15 22:40:54,728 simple_logger.py log_once [line:28] INFO val_accuracy                  0.8453
2024-04-15 22:40:54,728 simple_logger.py log_once [line:28] INFO mean_val_accuracy             0.8453
2024-04-15 22:40:54,728 simple_logger.py log_once [line:28] INFO std_val_accuracy              0.0435
2024-04-15 22:40:54,728 simple_logger.py log_once [line:28] INFO val_loss                      0.6054
2024-04-15 22:40:54,728 simple_logger.py log_once [line:28] INFO mean_val_loss                 0.6054
2024-04-15 22:40:54,728 simple_logger.py log_once [line:28] INFO std_val_loss                  0.1821
2024-04-15 22:40:54,728 fedbase.py run [line:256] INFO Eval Time Cost:               14.5866s
2024-04-15 22:41:19,438 fedbase.py communicate [line:362] INFO Training:                     24.6947s
2024-04-15 22:41:19,573 fedbase.py run [line:251] INFO --------------Round 9--------------
2024-04-15 22:41:19,573 simple_logger.py log_once [line:14] INFO Current_time:9
2024-04-15 22:41:34,563 simple_logger.py log_once [line:28] INFO test_accuracy                 0.8431
2024-04-15 22:41:34,563 simple_logger.py log_once [line:28] INFO test_loss                     0.6885
2024-04-15 22:41:34,563 simple_logger.py log_once [line:28] INFO val_accuracy                  0.8481
2024-04-15 22:41:34,563 simple_logger.py log_once [line:28] INFO mean_val_accuracy             0.8481
2024-04-15 22:41:34,563 simple_logger.py log_once [line:28] INFO std_val_accuracy              0.0424
2024-04-15 22:41:34,563 simple_logger.py log_once [line:28] INFO val_loss                      0.6311
2024-04-15 22:41:34,563 simple_logger.py log_once [line:28] INFO mean_val_loss                 0.6311
2024-04-15 22:41:34,563 simple_logger.py log_once [line:28] INFO std_val_loss                  0.1991
2024-04-15 22:41:34,563 fedbase.py run [line:256] INFO Eval Time Cost:               14.9893s
2024-04-15 22:41:59,528 fedbase.py communicate [line:362] INFO Training:                     24.9344s
2024-04-15 22:41:59,683 fedbase.py run [line:251] INFO --------------Round 10--------------
2024-04-15 22:41:59,683 simple_logger.py log_once [line:14] INFO Current_time:10
2024-04-15 22:42:14,161 simple_logger.py log_once [line:28] INFO test_accuracy                 0.8470
2024-04-15 22:42:14,161 simple_logger.py log_once [line:28] INFO test_loss                     0.6556
2024-04-15 22:42:14,161 simple_logger.py log_once [line:28] INFO val_accuracy                  0.8525
2024-04-15 22:42:14,161 simple_logger.py log_once [line:28] INFO mean_val_accuracy             0.8525
2024-04-15 22:42:14,161 simple_logger.py log_once [line:28] INFO std_val_accuracy              0.0427
2024-04-15 22:42:14,161 simple_logger.py log_once [line:28] INFO val_loss                      0.5947
2024-04-15 22:42:14,161 simple_logger.py log_once [line:28] INFO mean_val_loss                 0.5947
2024-04-15 22:42:14,161 simple_logger.py log_once [line:28] INFO std_val_loss                  0.1905
2024-04-15 22:42:14,161 fedbase.py run [line:256] INFO Eval Time Cost:               14.4778s
2024-04-15 22:42:38,972 fedbase.py communicate [line:362] INFO Training:                     24.7952s
2024-04-15 22:42:39,133 fedbase.py run [line:251] INFO --------------Round 11--------------
2024-04-15 22:42:39,133 simple_logger.py log_once [line:14] INFO Current_time:11
2024-04-15 22:42:53,650 simple_logger.py log_once [line:28] INFO test_accuracy                 0.8501
2024-04-15 22:42:53,650 simple_logger.py log_once [line:28] INFO test_loss                     0.6779
2024-04-15 22:42:53,650 simple_logger.py log_once [line:28] INFO val_accuracy                  0.8564
2024-04-15 22:42:53,650 simple_logger.py log_once [line:28] INFO mean_val_accuracy             0.8564
2024-04-15 22:42:53,650 simple_logger.py log_once [line:28] INFO std_val_accuracy              0.0420
2024-04-15 22:42:53,650 simple_logger.py log_once [line:28] INFO val_loss                      0.6047
2024-04-15 22:42:53,650 simple_logger.py log_once [line:28] INFO mean_val_loss                 0.6047
2024-04-15 22:42:53,650 simple_logger.py log_once [line:28] INFO std_val_loss                  0.2034
2024-04-15 22:42:53,650 fedbase.py run [line:256] INFO Eval Time Cost:               14.5174s
2024-04-15 22:43:17,946 fedbase.py communicate [line:362] INFO Training:                     24.2806s
2024-04-15 22:43:18,113 fedbase.py run [line:251] INFO --------------Round 12--------------
2024-04-15 22:43:18,114 simple_logger.py log_once [line:14] INFO Current_time:12
2024-04-15 22:43:32,944 simple_logger.py log_once [line:28] INFO test_accuracy                 0.8537
2024-04-15 22:43:32,944 simple_logger.py log_once [line:28] INFO test_loss                     0.6796
2024-04-15 22:43:32,944 simple_logger.py log_once [line:28] INFO val_accuracy                  0.8618
2024-04-15 22:43:32,945 simple_logger.py log_once [line:28] INFO mean_val_accuracy             0.8618
2024-04-15 22:43:32,945 simple_logger.py log_once [line:28] INFO std_val_accuracy              0.0407
2024-04-15 22:43:32,945 simple_logger.py log_once [line:28] INFO val_loss                      0.6093
2024-04-15 22:43:32,945 simple_logger.py log_once [line:28] INFO mean_val_loss                 0.6093
2024-04-15 22:43:32,946 simple_logger.py log_once [line:28] INFO std_val_loss                  0.2140
2024-04-15 22:43:32,946 fedbase.py run [line:256] INFO Eval Time Cost:               14.8325s
2024-04-15 22:43:56,594 fedbase.py communicate [line:362] INFO Training:                     23.6441s
2024-04-15 22:43:56,729 fedbase.py run [line:251] INFO --------------Round 13--------------
2024-04-15 22:43:56,729 simple_logger.py log_once [line:14] INFO Current_time:13
2024-04-15 22:44:11,297 simple_logger.py log_once [line:28] INFO test_accuracy                 0.8553
2024-04-15 22:44:11,298 simple_logger.py log_once [line:28] INFO test_loss                     0.6537
2024-04-15 22:44:11,298 simple_logger.py log_once [line:28] INFO val_accuracy                  0.8625
2024-04-15 22:44:11,298 simple_logger.py log_once [line:28] INFO mean_val_accuracy             0.8625
2024-04-15 22:44:11,298 simple_logger.py log_once [line:28] INFO std_val_accuracy              0.0405
2024-04-15 22:44:11,298 simple_logger.py log_once [line:28] INFO val_loss                      0.5897
2024-04-15 22:44:11,298 simple_logger.py log_once [line:28] INFO mean_val_loss                 0.5897
2024-04-15 22:44:11,298 simple_logger.py log_once [line:28] INFO std_val_loss                  0.2062
2024-04-15 22:44:11,298 fedbase.py run [line:256] INFO Eval Time Cost:               14.5694s
2024-04-15 22:44:35,120 fedbase.py communicate [line:362] INFO Training:                     23.8096s
2024-04-15 22:44:35,259 fedbase.py run [line:251] INFO --------------Round 14--------------
2024-04-15 22:44:35,259 simple_logger.py log_once [line:14] INFO Current_time:14
2024-04-15 22:44:49,059 simple_logger.py log_once [line:28] INFO test_accuracy                 0.8579
2024-04-15 22:44:49,059 simple_logger.py log_once [line:28] INFO test_loss                     0.6408
2024-04-15 22:44:49,059 simple_logger.py log_once [line:28] INFO val_accuracy                  0.8655
2024-04-15 22:44:49,059 simple_logger.py log_once [line:28] INFO mean_val_accuracy             0.8655
2024-04-15 22:44:49,059 simple_logger.py log_once [line:28] INFO std_val_accuracy              0.0401
2024-04-15 22:44:49,059 simple_logger.py log_once [line:28] INFO val_loss                      0.5814
2024-04-15 22:44:49,059 simple_logger.py log_once [line:28] INFO mean_val_loss                 0.5814
2024-04-15 22:44:49,059 simple_logger.py log_once [line:28] INFO std_val_loss                  0.2109
2024-04-15 22:44:49,059 fedbase.py run [line:256] INFO Eval Time Cost:               13.8000s
2024-04-15 22:45:05,498 fedbase.py communicate [line:362] INFO Training:                     16.4388s
2024-04-15 22:45:05,592 fedbase.py run [line:251] INFO --------------Round 15--------------
2024-04-15 22:45:05,592 simple_logger.py log_once [line:14] INFO Current_time:15
2024-04-15 22:45:14,646 simple_logger.py log_once [line:28] INFO test_accuracy                 0.8609
2024-04-15 22:45:14,646 simple_logger.py log_once [line:28] INFO test_loss                     0.6615
2024-04-15 22:45:14,646 simple_logger.py log_once [line:28] INFO val_accuracy                  0.8695
2024-04-15 22:45:14,646 simple_logger.py log_once [line:28] INFO mean_val_accuracy             0.8695
2024-04-15 22:45:14,646 simple_logger.py log_once [line:28] INFO std_val_accuracy              0.0397
2024-04-15 22:45:14,646 simple_logger.py log_once [line:28] INFO val_loss                      0.5877
2024-04-15 22:45:14,646 simple_logger.py log_once [line:28] INFO mean_val_loss                 0.5877
2024-04-15 22:45:14,646 simple_logger.py log_once [line:28] INFO std_val_loss                  0.2191
2024-04-15 22:45:14,646 fedbase.py run [line:256] INFO Eval Time Cost:               9.0534s
2024-04-15 22:45:31,143 fedbase.py communicate [line:362] INFO Training:                     16.4973s
2024-04-15 22:45:31,238 fedbase.py run [line:251] INFO --------------Round 16--------------
2024-04-15 22:45:31,238 simple_logger.py log_once [line:14] INFO Current_time:16
2024-04-15 22:45:40,243 simple_logger.py log_once [line:28] INFO test_accuracy                 0.8608
2024-04-15 22:45:40,243 simple_logger.py log_once [line:28] INFO test_loss                     0.6550
2024-04-15 22:45:40,243 simple_logger.py log_once [line:28] INFO val_accuracy                  0.8686
2024-04-15 22:45:40,243 simple_logger.py log_once [line:28] INFO mean_val_accuracy             0.8686
2024-04-15 22:45:40,243 simple_logger.py log_once [line:28] INFO std_val_accuracy              0.0385
2024-04-15 22:45:40,243 simple_logger.py log_once [line:28] INFO val_loss                      0.5783
2024-04-15 22:45:40,243 simple_logger.py log_once [line:28] INFO mean_val_loss                 0.5783
2024-04-15 22:45:40,243 simple_logger.py log_once [line:28] INFO std_val_loss                  0.2238
2024-04-15 22:45:40,243 fedbase.py run [line:256] INFO Eval Time Cost:               9.0045s
2024-04-15 22:45:56,664 fedbase.py communicate [line:362] INFO Training:                     16.4216s
2024-04-15 22:45:56,759 fedbase.py run [line:251] INFO --------------Round 17--------------
2024-04-15 22:45:56,759 simple_logger.py log_once [line:14] INFO Current_time:17
2024-04-15 22:46:05,765 simple_logger.py log_once [line:28] INFO test_accuracy                 0.8602
2024-04-15 22:46:05,765 simple_logger.py log_once [line:28] INFO test_loss                     0.6465
2024-04-15 22:46:05,765 simple_logger.py log_once [line:28] INFO val_accuracy                  0.8707
2024-04-15 22:46:05,765 simple_logger.py log_once [line:28] INFO mean_val_accuracy             0.8707
2024-04-15 22:46:05,765 simple_logger.py log_once [line:28] INFO std_val_accuracy              0.0383
2024-04-15 22:46:05,765 simple_logger.py log_once [line:28] INFO val_loss                      0.5760
2024-04-15 22:46:05,765 simple_logger.py log_once [line:28] INFO mean_val_loss                 0.5760
2024-04-15 22:46:05,765 simple_logger.py log_once [line:28] INFO std_val_loss                  0.2270
2024-04-15 22:46:05,765 fedbase.py run [line:256] INFO Eval Time Cost:               9.0065s
2024-04-15 22:46:22,397 fedbase.py communicate [line:362] INFO Training:                     16.6275s
2024-04-15 22:46:22,492 fedbase.py run [line:251] INFO --------------Round 18--------------
2024-04-15 22:46:22,492 simple_logger.py log_once [line:14] INFO Current_time:18
2024-04-15 22:46:31,648 simple_logger.py log_once [line:28] INFO test_accuracy                 0.8597
2024-04-15 22:46:31,648 simple_logger.py log_once [line:28] INFO test_loss                     0.6465
2024-04-15 22:46:31,648 simple_logger.py log_once [line:28] INFO val_accuracy                  0.8733
2024-04-15 22:46:31,648 simple_logger.py log_once [line:28] INFO mean_val_accuracy             0.8733
2024-04-15 22:46:31,648 simple_logger.py log_once [line:28] INFO std_val_accuracy              0.0398
2024-04-15 22:46:31,648 simple_logger.py log_once [line:28] INFO val_loss                      0.5644
2024-04-15 22:46:31,648 simple_logger.py log_once [line:28] INFO mean_val_loss                 0.5644
2024-04-15 22:46:31,648 simple_logger.py log_once [line:28] INFO std_val_loss                  0.2243
2024-04-15 22:46:31,648 fedbase.py run [line:256] INFO Eval Time Cost:               9.1561s
2024-04-15 22:46:48,315 fedbase.py communicate [line:362] INFO Training:                     16.6512s
2024-04-15 22:46:48,411 fedbase.py run [line:251] INFO --------------Round 19--------------
2024-04-15 22:46:48,411 simple_logger.py log_once [line:14] INFO Current_time:19
2024-04-15 22:46:57,850 simple_logger.py log_once [line:28] INFO test_accuracy                 0.8622
2024-04-15 22:46:57,852 simple_logger.py log_once [line:28] INFO test_loss                     0.6326
2024-04-15 22:46:57,852 simple_logger.py log_once [line:28] INFO val_accuracy                  0.8749
2024-04-15 22:46:57,852 simple_logger.py log_once [line:28] INFO mean_val_accuracy             0.8749
2024-04-15 22:46:57,852 simple_logger.py log_once [line:28] INFO std_val_accuracy              0.0373
2024-04-15 22:46:57,852 simple_logger.py log_once [line:28] INFO val_loss                      0.5620
2024-04-15 22:46:57,852 simple_logger.py log_once [line:28] INFO mean_val_loss                 0.5620
2024-04-15 22:46:57,852 simple_logger.py log_once [line:28] INFO std_val_loss                  0.2146
2024-04-15 22:46:57,852 fedbase.py run [line:256] INFO Eval Time Cost:               9.4412s
2024-04-15 22:47:14,539 fedbase.py communicate [line:362] INFO Training:                     16.6872s
2024-04-15 22:47:14,634 fedbase.py run [line:251] INFO --------------Round 20--------------
2024-04-15 22:47:14,634 simple_logger.py log_once [line:14] INFO Current_time:20
2024-04-15 22:47:23,682 simple_logger.py log_once [line:28] INFO test_accuracy                 0.8661
2024-04-15 22:47:23,682 simple_logger.py log_once [line:28] INFO test_loss                     0.6324
2024-04-15 22:47:23,682 simple_logger.py log_once [line:28] INFO val_accuracy                  0.8743
2024-04-15 22:47:23,682 simple_logger.py log_once [line:28] INFO mean_val_accuracy             0.8742
2024-04-15 22:47:23,682 simple_logger.py log_once [line:28] INFO std_val_accuracy              0.0372
2024-04-15 22:47:23,682 simple_logger.py log_once [line:28] INFO val_loss                      0.5620
2024-04-15 22:47:23,682 simple_logger.py log_once [line:28] INFO mean_val_loss                 0.5620
2024-04-15 22:47:23,682 simple_logger.py log_once [line:28] INFO std_val_loss                  0.2191
2024-04-15 22:47:23,682 fedbase.py run [line:256] INFO Eval Time Cost:               9.0474s
2024-04-15 22:47:23,682 fedbase.py run [line:263] INFO =================End==================
2024-04-15 22:47:23,682 fedbase.py run [line:264] INFO Total Time Cost:              661.6054s
